2025-01-23 14:37:05,518 - INFO - Starting to fetch data for 5011 players
2025-01-23 14:37:05,518 - INFO - Processing player 1/5011: Alaa Abdelnaby
2025-01-23 14:37:09,085 - INFO - Successfully saved data for Alaa Abdelnaby
2025-01-23 14:37:10,585 - INFO - Processing player 2/5011: Zaid Abdul-Aziz
2025-01-23 14:37:14,304 - INFO - Successfully saved data for Zaid Abdul-Aziz
2025-01-23 14:37:15,804 - INFO - Processing player 3/5011: Kareem Abdul-Jabbar
2025-01-23 14:37:19,611 - INFO - Successfully saved data for Kareem Abdul-Jabbar
2025-01-23 14:37:21,112 - INFO - Processing player 4/5011: Mahmoud Abdul-Rauf
2025-01-23 14:37:25,075 - INFO - Successfully saved data for Mahmoud Abdul-Rauf
2025-01-23 14:37:26,576 - INFO - Processing player 5/5011: Tariq Abdul-Wahad
2025-01-23 14:37:29,920 - INFO - Successfully saved data for Tariq Abdul-Wahad
2025-01-23 14:37:31,420 - INFO - Processing player 6/5011: Shareef Abdur-Rahim
2025-01-23 14:37:34,776 - INFO - Successfully saved data for Shareef Abdur-Rahim
2025-01-23 14:37:36,277 - INFO - Processing player 7/5011: Tom Abernethy
2025-01-23 14:37:39,879 - INFO - Successfully saved data for Tom Abernethy
2025-01-23 14:37:41,380 - INFO - Processing player 8/5011: Forest Able
2025-01-23 14:37:44,440 - INFO - Successfully saved data for Forest Able
2025-01-23 14:37:45,940 - INFO - Processing player 9/5011: John Abramovic
2025-01-23 14:37:49,552 - INFO - Successfully saved data for John Abramovic
2025-01-23 14:37:51,052 - INFO - Processing player 10/5011: Alex Abrines
2025-01-23 14:37:54,087 - INFO - Successfully saved data for Alex Abrines
2025-01-23 14:37:55,588 - INFO - Processing player 11/5011: Precious Achiuwa
2025-01-23 14:37:57,725 - INFO - Successfully saved data for Precious Achiuwa
2025-01-23 14:37:59,225 - INFO - Processing player 12/5011: Alex Acker
2025-01-23 14:38:02,986 - INFO - Successfully saved data for Alex Acker
2025-01-23 14:38:04,486 - INFO - Processing player 13/5011: Donald Ackerman
2025-01-23 14:38:07,369 - INFO - Successfully saved data for Donald Ackerman
2025-01-23 14:38:08,869 - INFO - Processing player 14/5011: Mark Acres
2025-01-23 14:38:11,819 - INFO - Successfully saved data for Mark Acres
2025-01-23 14:38:13,319 - INFO - Processing player 15/5011: Charles Acton
2025-01-23 14:38:16,436 - INFO - Successfully saved data for Charles Acton
2025-01-23 14:38:17,937 - INFO - Processing player 16/5011: Quincy Acy
2025-01-23 14:38:21,111 - INFO - Successfully saved data for Quincy Acy
2025-01-23 14:38:22,612 - INFO - Processing player 17/5011: Alvan Adams
2025-01-23 14:38:25,872 - INFO - Successfully saved data for Alvan Adams
2025-01-23 14:38:27,373 - INFO - Processing player 18/5011: Don Adams
2025-01-23 14:38:30,926 - INFO - Successfully saved data for Don Adams
2025-01-23 14:38:32,427 - INFO - Processing player 19/5011: Hassan Adams
2025-01-23 14:38:35,290 - INFO - Successfully saved data for Hassan Adams
2025-01-23 14:38:36,791 - INFO - Processing player 20/5011: Jaylen Adams
2025-01-23 14:38:39,691 - INFO - Successfully saved data for Jaylen Adams
2025-01-23 14:38:41,191 - INFO - Processing player 21/5011: Jordan Adams
2025-01-23 14:38:44,083 - INFO - Successfully saved data for Jordan Adams
2025-01-23 14:38:45,583 - INFO - Processing player 22/5011: Michael Adams
2025-01-23 14:38:49,254 - INFO - Successfully saved data for Michael Adams
2025-01-23 14:38:50,754 - INFO - Processing player 23/5011: Steven Adams
2025-01-23 14:38:52,841 - INFO - Successfully saved data for Steven Adams
2025-01-23 14:38:54,341 - INFO - Processing player 24/5011: Rafael Addison
2025-01-23 14:38:57,220 - INFO - Successfully saved data for Rafael Addison
2025-01-23 14:38:58,720 - INFO - Processing player 25/5011: Bam Adebayo
2025-01-23 14:39:00,792 - INFO - Successfully saved data for Bam Adebayo
2025-01-23 14:39:02,292 - INFO - Processing player 26/5011: Deng Adel
2025-01-23 14:39:05,239 - INFO - Successfully saved data for Deng Adel
2025-01-23 14:39:06,739 - INFO - Processing player 27/5011: Rick Adelman
2025-01-23 14:39:10,568 - INFO - Successfully saved data for Rick Adelman
2025-01-23 14:39:12,068 - INFO - Processing player 28/5011: Jeff Adrien
2025-01-23 14:39:15,728 - INFO - Successfully saved data for Jeff Adrien
2025-01-23 14:39:17,229 - INFO - Processing player 29/5011: Arron Afflalo
2025-01-23 14:39:21,040 - INFO - Successfully saved data for Arron Afflalo
2025-01-23 14:39:22,541 - INFO - Processing player 30/5011: Ochai Agbaji
2025-01-23 14:39:24,625 - INFO - Successfully saved data for Ochai Agbaji
2025-01-23 14:39:26,125 - INFO - Processing player 31/5011: Maurice Ager
2025-01-23 14:39:29,273 - INFO - Successfully saved data for Maurice Ager
2025-01-23 14:39:30,773 - INFO - Processing player 32/5011: Mark Aguirre
2025-01-23 14:39:33,832 - INFO - Successfully saved data for Mark Aguirre
2025-01-23 14:39:35,333 - INFO - Processing player 33/5011: Blake Ahearn
2025-01-23 14:39:38,991 - INFO - Successfully saved data for Blake Ahearn
2025-01-23 14:39:40,491 - INFO - Processing player 34/5011: Danny Ainge
2025-01-23 14:39:43,479 - INFO - Successfully saved data for Danny Ainge
2025-01-23 14:39:44,980 - INFO - Processing player 35/5011: Alexis Ajinca
2025-01-23 14:39:47,905 - INFO - Successfully saved data for Alexis Ajinca
2025-01-23 14:39:49,406 - INFO - Processing player 36/5011: Henry Akin
2025-01-23 14:39:53,087 - INFO - Successfully saved data for Henry Akin
2025-01-23 14:39:54,587 - INFO - Processing player 37/5011: Josh Akognon
2025-01-23 14:39:58,396 - INFO - Successfully saved data for Josh Akognon
2025-01-23 14:39:59,897 - INFO - Processing player 38/5011: DeVaughn Akoon-Purcell
2025-01-23 14:40:02,804 - INFO - Successfully saved data for DeVaughn Akoon-Purcell
2025-01-23 14:40:04,304 - INFO - Processing player 39/5011: Solomon Alabi
2025-01-23 14:40:07,438 - INFO - Successfully saved data for Solomon Alabi
2025-01-23 14:40:08,938 - INFO - Processing player 40/5011: Mark Alarie
2025-01-23 14:40:12,613 - INFO - Successfully saved data for Mark Alarie
2025-01-23 14:40:14,114 - INFO - Processing player 41/5011: Gary Alcorn
2025-01-23 14:40:18,863 - INFO - Successfully saved data for Gary Alcorn
2025-01-23 14:40:20,364 - INFO - Processing player 42/5011: Santi Aldama
2025-01-23 14:40:22,463 - INFO - Successfully saved data for Santi Aldama
2025-01-23 14:40:23,963 - INFO - Processing player 43/5011: Furkan Aldemir
2025-01-23 14:40:26,797 - INFO - Successfully saved data for Furkan Aldemir
2025-01-23 14:40:28,297 - INFO - Processing player 44/5011: Cole Aldrich
2025-01-23 14:40:31,265 - INFO - Successfully saved data for Cole Aldrich
2025-01-23 14:40:32,765 - INFO - Processing player 45/5011: LaMarcus Aldridge
2025-01-23 14:40:36,563 - INFO - Successfully saved data for LaMarcus Aldridge
2025-01-23 14:40:38,064 - INFO - Processing player 46/5011: Chuck Aleksinas
2025-01-23 14:40:40,914 - INFO - Successfully saved data for Chuck Aleksinas
2025-01-23 14:40:42,415 - INFO - Processing player 47/5011: Cliff Alexander
2025-01-23 14:40:45,352 - INFO - Successfully saved data for Cliff Alexander
2025-01-23 14:40:46,852 - INFO - Processing player 48/5011: Cory Alexander
2025-01-23 14:40:49,958 - INFO - Successfully saved data for Cory Alexander
2025-01-23 14:40:51,459 - INFO - Processing player 49/5011: Courtney Alexander
2025-01-23 14:40:54,304 - INFO - Successfully saved data for Courtney Alexander
2025-01-23 14:40:55,804 - INFO - Processing player 50/5011: Gary Alexander
2025-01-23 14:40:58,992 - INFO - Successfully saved data for Gary Alexander
2025-01-23 14:41:00,492 - INFO - Processing player 51/5011: Joe Alexander
2025-01-23 14:41:04,296 - INFO - Successfully saved data for Joe Alexander
2025-01-23 14:41:05,796 - INFO - Processing player 52/5011: Kyle Alexander
2025-01-23 14:41:08,674 - INFO - Successfully saved data for Kyle Alexander
2025-01-23 14:41:10,175 - INFO - Processing player 53/5011: Trey Alexander
2025-01-23 14:41:12,249 - INFO - Successfully saved data for Trey Alexander
2025-01-23 14:41:13,749 - INFO - Processing player 54/5011: Ty-Shon Alexander
2025-01-23 14:41:17,506 - INFO - Successfully saved data for Ty-Shon Alexander
2025-01-23 14:41:19,006 - INFO - Processing player 55/5011: Victor Alexander
2025-01-23 14:41:21,908 - INFO - Successfully saved data for Victor Alexander
2025-01-23 14:41:23,409 - INFO - Processing player 56/5011: Nickeil Alexander-Walker
2025-01-23 14:41:25,490 - INFO - Successfully saved data for Nickeil Alexander-Walker
2025-01-23 14:41:26,991 - INFO - Processing player 57/5011: Steve Alford
2025-01-23 14:41:30,740 - INFO - Successfully saved data for Steve Alford
2025-01-23 14:41:32,241 - INFO - Processing player 58/5011: Rawle Alkins
2025-01-23 14:41:35,385 - INFO - Successfully saved data for Rawle Alkins
2025-01-23 14:41:36,886 - INFO - Processing player 59/5011: Bob Allen
2025-01-23 14:41:40,984 - INFO - Successfully saved data for Bob Allen
2025-01-23 14:41:42,485 - INFO - Processing player 60/5011: Grayson Allen
2025-01-23 14:41:44,559 - INFO - Successfully saved data for Grayson Allen
2025-01-23 14:41:46,059 - INFO - Processing player 61/5011: Jarrett Allen
2025-01-23 14:41:48,140 - INFO - Successfully saved data for Jarrett Allen
2025-01-23 14:41:49,641 - INFO - Processing player 62/5011: Jerome Allen
2025-01-23 14:41:52,498 - INFO - Successfully saved data for Jerome Allen
2025-01-23 14:41:53,999 - INFO - Processing player 63/5011: Kadeem Allen
2025-01-23 14:41:57,140 - INFO - Successfully saved data for Kadeem Allen
2025-01-23 14:41:58,640 - INFO - Processing player 64/5011: Lavoy Allen
2025-01-23 14:42:02,529 - INFO - Successfully saved data for Lavoy Allen
2025-01-23 14:42:04,029 - INFO - Processing player 65/5011: Lucius Allen
2025-01-23 14:42:06,924 - INFO - Successfully saved data for Lucius Allen
2025-01-23 14:42:08,425 - INFO - Processing player 66/5011: Malik Allen
2025-01-23 14:42:11,601 - INFO - Successfully saved data for Malik Allen
2025-01-23 14:42:13,101 - INFO - Processing player 67/5011: Randy Allen
2025-01-23 14:42:16,997 - INFO - Successfully saved data for Randy Allen
2025-01-23 14:42:18,497 - INFO - Processing player 68/5011: Ray Allen
2025-01-23 14:42:22,601 - INFO - Successfully saved data for Ray Allen
2025-01-23 14:42:24,102 - INFO - Processing player 69/5011: Timmy Allen
2025-01-23 14:42:28,067 - INFO - Successfully saved data for Timmy Allen
2025-01-23 14:42:29,568 - INFO - Processing player 70/5011: Tony Allen
2025-01-23 14:42:33,420 - INFO - Successfully saved data for Tony Allen
2025-01-23 14:42:34,920 - INFO - Processing player 71/5011: Odis Allison
2025-01-23 14:42:38,862 - INFO - Successfully saved data for Odis Allison
2025-01-23 14:42:40,363 - INFO - Processing player 72/5011: Lance Allred
2025-01-23 14:42:43,240 - INFO - Successfully saved data for Lance Allred
2025-01-23 14:42:44,740 - INFO - Processing player 73/5011: Darrell Allums
2025-01-23 14:42:47,642 - INFO - Successfully saved data for Darrell Allums
2025-01-23 14:42:49,142 - INFO - Processing player 74/5011: Morris Almond
2025-01-23 14:42:52,056 - INFO - Successfully saved data for Morris Almond
2025-01-23 14:42:53,557 - INFO - Processing player 75/5011: Derrick Alston
2025-01-23 14:42:57,206 - INFO - Successfully saved data for Derrick Alston
2025-01-23 14:42:58,707 - INFO - Processing player 76/5011: Rafer Alston
2025-01-23 14:43:02,696 - INFO - Successfully saved data for Rafer Alston
2025-01-23 14:43:04,197 - INFO - Processing player 77/5011: Peter Aluma
2025-01-23 14:43:07,163 - INFO - Successfully saved data for Peter Aluma
2025-01-23 14:43:08,664 - INFO - Processing player 78/5011: Jose Alvarado
2025-01-23 14:43:10,738 - INFO - Successfully saved data for Jose Alvarado
2025-01-23 14:43:12,239 - INFO - Processing player 79/5011: John Amaechi
2025-01-23 14:43:15,589 - INFO - Successfully saved data for John Amaechi
2025-01-23 14:43:17,089 - INFO - Processing player 80/5011: Ashraf Amaya
2025-01-23 14:43:20,585 - INFO - Successfully saved data for Ashraf Amaya
2025-01-23 14:43:22,086 - INFO - Processing player 81/5011: Al-Farouq Aminu
2025-01-23 14:43:25,818 - INFO - Successfully saved data for Al-Farouq Aminu
2025-01-23 14:43:27,319 - INFO - Processing player 82/5011: Lou Amundson
2025-01-23 14:43:30,344 - INFO - Successfully saved data for Lou Amundson
2025-01-23 14:43:31,845 - INFO - Processing player 83/5011: Bob Anderegg
2025-01-23 14:43:35,707 - INFO - Successfully saved data for Bob Anderegg
2025-01-23 14:43:37,207 - INFO - Processing player 84/5011: Chris Andersen
2025-01-23 14:43:40,132 - INFO - Successfully saved data for Chris Andersen
2025-01-23 14:43:41,633 - INFO - Processing player 85/5011: David Andersen
2025-01-23 14:43:45,088 - INFO - Successfully saved data for David Andersen
2025-01-23 14:43:46,589 - INFO - Processing player 86/5011: Alan Anderson
2025-01-23 14:43:49,735 - INFO - Successfully saved data for Alan Anderson
2025-01-23 14:43:51,236 - INFO - Processing player 87/5011: Antonio Anderson
2025-01-23 14:43:54,328 - INFO - Successfully saved data for Antonio Anderson
2025-01-23 14:43:55,828 - INFO - Processing player 88/5011: Cliff Anderson
2025-01-23 14:43:58,753 - INFO - Successfully saved data for Cliff Anderson
2025-01-23 14:44:00,254 - INFO - Processing player 89/5011: Daniel Anderson
2025-01-23 14:44:04,280 - INFO - Successfully saved data for Daniel Anderson
2025-01-23 14:44:05,781 - INFO - Processing player 90/5011: Derek Anderson
2025-01-23 14:44:08,873 - INFO - Successfully saved data for Derek Anderson
2025-01-23 14:44:10,373 - INFO - Processing player 91/5011: Dwight Anderson
2025-01-23 14:44:13,373 - INFO - Successfully saved data for Dwight Anderson
2025-01-23 14:44:14,873 - INFO - Processing player 92/5011: Eric Anderson
2025-01-23 14:44:18,666 - INFO - Successfully saved data for Eric Anderson
2025-01-23 14:44:20,166 - INFO - Processing player 93/5011: Greg Anderson
2025-01-23 14:44:23,335 - INFO - Successfully saved data for Greg Anderson
2025-01-23 14:44:24,835 - INFO - Processing player 94/5011: James Anderson
2025-01-23 14:44:27,841 - INFO - Successfully saved data for James Anderson
2025-01-23 14:44:29,342 - INFO - Processing player 95/5011: Jerome Anderson
2025-01-23 14:44:32,471 - INFO - Successfully saved data for Jerome Anderson
2025-01-23 14:44:33,971 - INFO - Processing player 96/5011: Justin Anderson
2025-01-23 14:44:37,148 - INFO - Successfully saved data for Justin Anderson
2025-01-23 14:44:38,648 - INFO - Processing player 97/5011: Kenny Anderson
2025-01-23 14:44:42,372 - INFO - Successfully saved data for Kenny Anderson
2025-01-23 14:44:43,873 - INFO - Processing player 98/5011: Kim Anderson
2025-01-23 14:44:47,175 - INFO - Successfully saved data for Kim Anderson
2025-01-23 14:44:48,676 - INFO - Processing player 99/5011: Kyle Anderson
2025-01-23 14:44:51,005 - INFO - Successfully saved data for Kyle Anderson
2025-01-23 14:44:52,505 - INFO - Processing player 100/5011: Michael Anderson
2025-01-23 14:44:56,246 - INFO - Successfully saved data for Michael Anderson
2025-01-23 14:44:57,746 - INFO - Processing player 101/5011: Mitchell Anderson
2025-01-23 14:45:01,361 - INFO - Successfully saved data for Mitchell Anderson
2025-01-23 14:45:02,862 - INFO - Processing player 102/5011: Nick Anderson
2025-01-23 14:45:05,989 - INFO - Successfully saved data for Nick Anderson
2025-01-23 14:45:07,490 - INFO - Processing player 103/5011: Richard Anderson
2025-01-23 14:45:10,644 - INFO - Successfully saved data for Richard Anderson
2025-01-23 14:45:12,144 - INFO - Processing player 104/5011: Ron Anderson
2025-01-23 14:45:15,032 - INFO - Successfully saved data for Ron Anderson
2025-01-23 14:45:16,532 - INFO - Processing player 105/5011: Ryan Anderson
2025-01-23 14:45:20,106 - INFO - Successfully saved data for Ryan Anderson
2025-01-23 14:45:21,607 - INFO - Processing player 106/5011: Shandon Anderson
2025-01-23 14:45:24,795 - INFO - Successfully saved data for Shandon Anderson
2025-01-23 14:45:26,296 - INFO - Processing player 107/5011: Willie Anderson
2025-01-23 14:45:29,361 - INFO - Successfully saved data for Willie Anderson
2025-01-23 14:45:30,862 - INFO - Processing player 108/5011: Wally Anderzunas
2025-01-23 14:45:34,020 - INFO - Successfully saved data for Wally Anderzunas
2025-01-23 14:45:35,520 - INFO - Processing player 109/5011: Martynas Andriuskevicius
2025-01-23 14:45:38,566 - INFO - Successfully saved data for Martynas Andriuskevicius
2025-01-23 14:45:40,066 - INFO - Processing player 110/5011: Don Anielak
2025-01-23 14:45:44,130 - INFO - Successfully saved data for Don Anielak
2025-01-23 14:45:45,631 - INFO - Processing player 111/5011: Ike Anigbogu
2025-01-23 14:45:49,354 - INFO - Successfully saved data for Ike Anigbogu
2025-01-23 14:45:50,855 - INFO - Processing player 112/5011: Michael Ansley
2025-01-23 14:45:54,958 - INFO - Successfully saved data for Michael Ansley
2025-01-23 14:45:56,458 - INFO - Processing player 113/5011: Chris Anstey
2025-01-23 14:46:00,320 - INFO - Successfully saved data for Chris Anstey
2025-01-23 14:46:01,821 - INFO - Processing player 114/5011: Giannis Antetokounmpo
2025-01-23 14:46:03,911 - INFO - Successfully saved data for Giannis Antetokounmpo
2025-01-23 14:46:05,411 - INFO - Processing player 115/5011: Kostas Antetokounmpo
2025-01-23 14:46:09,071 - INFO - Successfully saved data for Kostas Antetokounmpo
2025-01-23 14:46:10,572 - INFO - Processing player 116/5011: Thanasis Antetokounmpo
2025-01-23 14:46:14,063 - INFO - Successfully saved data for Thanasis Antetokounmpo
2025-01-23 14:46:15,564 - INFO - Processing player 117/5011: Carmelo Anthony
2025-01-23 14:46:18,700 - INFO - Successfully saved data for Carmelo Anthony
2025-01-23 14:46:20,200 - INFO - Processing player 118/5011: Cole Anthony
2025-01-23 14:46:22,295 - INFO - Successfully saved data for Cole Anthony
2025-01-23 14:46:23,796 - INFO - Processing player 119/5011: Greg Anthony
2025-01-23 14:46:26,852 - INFO - Successfully saved data for Greg Anthony
2025-01-23 14:46:28,353 - INFO - Processing player 120/5011: Joel Anthony
2025-01-23 14:46:31,566 - INFO - Successfully saved data for Joel Anthony
2025-01-23 14:46:33,067 - INFO - Processing player 121/5011: Pero Antic
2025-01-23 14:46:36,624 - INFO - Successfully saved data for Pero Antic
2025-01-23 14:46:38,125 - INFO - Processing player 122/5011: OG Anunoby
2025-01-23 14:46:40,644 - INFO - Successfully saved data for OG Anunoby
2025-01-23 14:46:42,144 - INFO - Processing player 123/5011: Keith Appling
2025-01-23 14:46:45,741 - INFO - Successfully saved data for Keith Appling
2025-01-23 14:46:47,241 - INFO - Processing player 124/5011: Rafael Araujo
2025-01-23 14:46:50,708 - INFO - Successfully saved data for Rafael Araujo
2025-01-23 14:46:52,209 - INFO - Processing player 125/5011: Stacey Arceneaux
2025-01-23 14:46:55,874 - INFO - Successfully saved data for Stacey Arceneaux
2025-01-23 14:46:57,375 - INFO - Processing player 126/5011: Nate Archibald
2025-01-23 14:47:00,946 - INFO - Successfully saved data for Nate Archibald
2025-01-23 14:47:02,447 - INFO - Processing player 127/5011: Robert Archibald
2025-01-23 14:47:06,520 - INFO - Successfully saved data for Robert Archibald
2025-01-23 14:47:08,020 - INFO - Processing player 128/5011: Ryan Arcidiacono
2025-01-23 14:47:11,131 - INFO - Successfully saved data for Ryan Arcidiacono
2025-01-23 14:47:12,632 - INFO - Processing player 129/5011: Jim Ard
2025-01-23 14:47:15,589 - INFO - Successfully saved data for Jim Ard
2025-01-23 14:47:17,089 - INFO - Processing player 130/5011: Gilbert Arenas
2025-01-23 14:47:20,763 - INFO - Successfully saved data for Gilbert Arenas
2025-01-23 14:47:22,264 - INFO - Processing player 131/5011: Trevor Ariza
2025-01-23 14:47:25,266 - INFO - Successfully saved data for Trevor Ariza
2025-01-23 14:47:26,767 - INFO - Processing player 132/5011: Paul Arizin
2025-01-23 14:47:29,664 - INFO - Successfully saved data for Paul Arizin
2025-01-23 14:47:31,164 - INFO - Processing player 133/5011: Joe Arlauckas
2025-01-23 14:47:34,089 - INFO - Successfully saved data for Joe Arlauckas
2025-01-23 14:47:35,589 - INFO - Processing player 134/5011: B.J. Armstrong
2025-01-23 14:47:38,610 - INFO - Successfully saved data for B.J. Armstrong
2025-01-23 14:47:40,110 - INFO - Processing player 135/5011: Bob Armstrong
2025-01-23 14:47:44,056 - INFO - Successfully saved data for Bob Armstrong
2025-01-23 14:47:45,556 - INFO - Processing player 136/5011: Brandon Armstrong
2025-01-23 14:47:49,426 - INFO - Successfully saved data for Brandon Armstrong
2025-01-23 14:47:50,927 - INFO - Processing player 137/5011: Darrell Armstrong
2025-01-23 14:47:53,900 - INFO - Successfully saved data for Darrell Armstrong
2025-01-23 14:47:55,400 - INFO - Processing player 138/5011: Hilton Armstrong
2025-01-23 14:47:58,753 - INFO - Successfully saved data for Hilton Armstrong
2025-01-23 14:48:00,253 - INFO - Processing player 139/5011: Paul Armstrong
2025-01-23 14:48:03,405 - INFO - Successfully saved data for Paul Armstrong
2025-01-23 14:48:04,905 - INFO - Processing player 140/5011: Tate Armstrong
2025-01-23 14:48:08,451 - INFO - Successfully saved data for Tate Armstrong
2025-01-23 14:48:09,951 - INFO - Processing player 141/5011: Jesse Arnelle
2025-01-23 14:48:13,021 - INFO - Successfully saved data for Jesse Arnelle
2025-01-23 14:48:14,521 - INFO - Processing player 142/5011: Jay Arnette
2025-01-23 14:48:17,337 - INFO - Successfully saved data for Jay Arnette
2025-01-23 14:48:18,837 - INFO - Processing player 143/5011: Bob Arnzen
2025-01-23 14:48:22,550 - INFO - Successfully saved data for Bob Arnzen
2025-01-23 14:48:24,050 - INFO - Processing player 144/5011: Carlos Arroyo
2025-01-23 14:48:26,982 - INFO - Successfully saved data for Carlos Arroyo
2025-01-23 14:48:28,482 - INFO - Processing player 145/5011: Darrell Arthur
2025-01-23 14:48:32,257 - INFO - Successfully saved data for Darrell Arthur
2025-01-23 14:48:33,757 - INFO - Processing player 146/5011: John Arthurs
2025-01-23 14:48:37,585 - INFO - Successfully saved data for John Arthurs
2025-01-23 14:48:39,085 - INFO - Processing player 147/5011: Jamel Artis
2025-01-23 14:48:43,439 - INFO - Successfully saved data for Jamel Artis
2025-01-23 14:48:44,940 - INFO - Processing player 148/5011: Omer Asik
2025-01-23 14:48:48,653 - INFO - Successfully saved data for Omer Asik
2025-01-23 14:48:50,153 - INFO - Processing player 149/5011: Vincent Askew
2025-01-23 14:48:52,957 - INFO - Successfully saved data for Vincent Askew
2025-01-23 14:48:54,458 - INFO - Processing player 150/5011: Keith Askins
2025-01-23 14:48:57,876 - INFO - Successfully saved data for Keith Askins
2025-01-23 14:48:59,377 - INFO - Processing player 151/5011: Don Asmonga
2025-01-23 14:49:02,219 - INFO - Successfully saved data for Don Asmonga
2025-01-23 14:49:03,720 - INFO - Processing player 152/5011: Richard Atha
2025-01-23 14:49:06,740 - INFO - Successfully saved data for Richard Atha
2025-01-23 14:49:08,240 - INFO - Processing player 153/5011: Chucky Atkins
2025-01-23 14:49:11,120 - INFO - Successfully saved data for Chucky Atkins
2025-01-23 14:49:12,621 - INFO - Processing player 154/5011: Alvin Attles
2025-01-23 14:49:15,743 - INFO - Successfully saved data for Alvin Attles
2025-01-23 14:49:17,244 - INFO - Processing player 155/5011: Chet Aubuchon
2025-01-23 14:49:20,060 - INFO - Successfully saved data for Chet Aubuchon
2025-01-23 14:49:21,561 - INFO - Processing player 156/5011: Stacey Augmon
2025-01-23 14:49:24,682 - INFO - Successfully saved data for Stacey Augmon
2025-01-23 14:49:26,183 - INFO - Processing player 157/5011: D.J. Augustin
2025-01-23 14:49:29,524 - INFO - Successfully saved data for D.J. Augustin
2025-01-23 14:49:31,024 - INFO - Processing player 158/5011: James Augustine
2025-01-23 14:49:34,819 - INFO - Successfully saved data for James Augustine
2025-01-23 14:49:36,320 - INFO - Processing player 159/5011: Ike Austin
2025-01-23 14:49:39,493 - INFO - Successfully saved data for Ike Austin
2025-01-23 14:49:40,993 - INFO - Processing player 160/5011: John Austin
2025-01-23 14:49:44,152 - INFO - Successfully saved data for John Austin
2025-01-23 14:49:45,652 - INFO - Processing player 161/5011: Ken Austin
2025-01-23 14:49:48,552 - INFO - Successfully saved data for Ken Austin
2025-01-23 14:49:50,053 - INFO - Processing player 162/5011: Deni Avdija
2025-01-23 14:49:52,222 - INFO - Successfully saved data for Deni Avdija
2025-01-23 14:49:53,723 - INFO - Processing player 163/5011: Anthony Avent
2025-01-23 14:49:57,489 - INFO - Successfully saved data for Anthony Avent
2025-01-23 14:49:58,989 - INFO - Processing player 164/5011: William Averitt
2025-01-23 14:50:02,116 - INFO - Successfully saved data for William Averitt
2025-01-23 14:50:03,616 - INFO - Processing player 165/5011: William Avery
2025-01-23 14:50:06,657 - INFO - Successfully saved data for William Avery
2025-01-23 14:50:08,157 - INFO - Processing player 166/5011: Dennis Awtrey
2025-01-23 14:50:12,171 - INFO - Successfully saved data for Dennis Awtrey
2025-01-23 14:50:13,671 - INFO - Processing player 167/5011: Joel Ayayi
2025-01-23 14:50:16,558 - INFO - Successfully saved data for Joel Ayayi
2025-01-23 14:50:18,059 - INFO - Processing player 168/5011: Gustavo Ayon
2025-01-23 14:50:21,778 - INFO - Successfully saved data for Gustavo Ayon
2025-01-23 14:50:23,279 - INFO - Processing player 169/5011: Jeff Ayres
2025-01-23 14:50:26,930 - INFO - Successfully saved data for Jeff Ayres
2025-01-23 14:50:28,431 - INFO - Processing player 170/5011: Deandre Ayton
2025-01-23 14:50:30,538 - INFO - Successfully saved data for Deandre Ayton
2025-01-23 14:50:32,039 - INFO - Processing player 171/5011: Kelenna Azubuike
2025-01-23 14:50:35,392 - INFO - Successfully saved data for Kelenna Azubuike
2025-01-23 14:50:36,893 - INFO - Processing player 172/5011: Udoka Azubuike
2025-01-23 14:50:40,810 - INFO - Successfully saved data for Udoka Azubuike
2025-01-23 14:50:42,310 - INFO - Processing player 173/5011: Chris Babb
2025-01-23 14:50:45,458 - INFO - Successfully saved data for Chris Babb
2025-01-23 14:50:46,958 - INFO - Processing player 174/5011: Luke Babbitt
2025-01-23 14:50:50,238 - INFO - Successfully saved data for Luke Babbitt
2025-01-23 14:50:51,738 - INFO - Processing player 175/5011: Milos Babic
2025-01-23 14:50:55,437 - INFO - Successfully saved data for Milos Babic
2025-01-23 14:50:56,937 - INFO - Processing player 176/5011: Johnny Bach
2025-01-23 14:50:59,860 - INFO - Successfully saved data for Johnny Bach
2025-01-23 14:51:01,361 - INFO - Processing player 177/5011: Dwayne Bacon
2025-01-23 14:51:04,282 - INFO - Successfully saved data for Dwayne Bacon
2025-01-23 14:51:05,782 - INFO - Processing player 178/5011: Ibou Badji
2025-01-23 14:51:08,699 - INFO - Successfully saved data for Ibou Badji
2025-01-23 14:51:10,200 - INFO - Processing player 179/5011: Jim Baechtold
2025-01-23 14:51:13,086 - INFO - Successfully saved data for Jim Baechtold
2025-01-23 14:51:14,587 - INFO - Processing player 180/5011: Dalibor Bagaric
2025-01-23 14:51:17,499 - INFO - Successfully saved data for Dalibor Bagaric
2025-01-23 14:51:18,999 - INFO - Processing player 181/5011: John Bagley
2025-01-23 14:51:22,143 - INFO - Successfully saved data for John Bagley
2025-01-23 14:51:23,644 - INFO - Processing player 182/5011: Marvin Bagley III
2025-01-23 14:51:25,751 - INFO - Successfully saved data for Marvin Bagley III
2025-01-23 14:51:27,251 - INFO - Processing player 183/5011: Amari Bailey
2025-01-23 14:51:29,332 - INFO - Successfully saved data for Amari Bailey
2025-01-23 14:51:30,833 - INFO - Processing player 184/5011: Carl Bailey
2025-01-23 14:51:34,148 - INFO - Successfully saved data for Carl Bailey
2025-01-23 14:51:35,648 - INFO - Processing player 185/5011: Gus Bailey
2025-01-23 14:51:38,468 - INFO - Successfully saved data for Gus Bailey
2025-01-23 14:51:39,968 - INFO - Processing player 186/5011: James Bailey
2025-01-23 14:51:42,864 - INFO - Successfully saved data for James Bailey
2025-01-23 14:51:44,364 - INFO - Processing player 187/5011: Thurl Bailey
2025-01-23 14:51:47,810 - INFO - Successfully saved data for Thurl Bailey
2025-01-23 14:51:49,311 - INFO - Processing player 188/5011: Toby Bailey
2025-01-23 14:51:52,247 - INFO - Successfully saved data for Toby Bailey
2025-01-23 14:51:53,747 - INFO - Processing player 189/5011: Cameron Bairstow
2025-01-23 14:51:56,603 - INFO - Successfully saved data for Cameron Bairstow
2025-01-23 14:51:58,104 - INFO - Processing player 190/5011: Mark Baker
2025-01-23 14:52:02,064 - INFO - Successfully saved data for Mark Baker
2025-01-23 14:52:03,565 - INFO - Processing player 191/5011: Maurice Baker
2025-01-23 14:52:06,635 - INFO - Successfully saved data for Maurice Baker
2025-01-23 14:52:08,135 - INFO - Processing player 192/5011: Norm Baker
2025-01-23 14:52:11,385 - INFO - Successfully saved data for Norm Baker
2025-01-23 14:52:12,897 - INFO - Processing player 193/5011: Ron Baker
2025-01-23 14:52:16,159 - INFO - Successfully saved data for Ron Baker
2025-01-23 14:52:17,659 - INFO - Processing player 194/5011: Vin Baker
2025-01-23 14:52:20,811 - INFO - Successfully saved data for Vin Baker
2025-01-23 14:52:22,311 - INFO - Processing player 195/5011: Wade Baldwin IV
2025-01-23 14:52:25,967 - INFO - Successfully saved data for Wade Baldwin IV
2025-01-23 14:52:27,468 - INFO - Processing player 196/5011: Patrick Baldwin Jr.
2025-01-23 14:52:29,568 - INFO - Successfully saved data for Patrick Baldwin Jr.
2025-01-23 14:52:31,068 - INFO - Processing player 197/5011: Renaldo Balkman
2025-01-23 14:52:33,962 - INFO - Successfully saved data for Renaldo Balkman
2025-01-23 14:52:35,462 - INFO - Processing player 198/5011: Cedric Ball
2025-01-23 14:52:38,626 - INFO - Successfully saved data for Cedric Ball
2025-01-23 14:52:40,127 - INFO - Processing player 199/5011: LaMelo Ball
2025-01-23 14:52:42,217 - INFO - Successfully saved data for LaMelo Ball
2025-01-23 14:52:43,717 - INFO - Processing player 200/5011: Lonzo Ball
2025-01-23 14:52:45,869 - INFO - Successfully saved data for Lonzo Ball
2025-01-23 14:52:47,370 - INFO - Processing player 201/5011: Greg Ballard
2025-01-23 14:52:50,214 - INFO - Successfully saved data for Greg Ballard
2025-01-23 14:52:51,714 - INFO - Processing player 202/5011: Herschel Baltimore
2025-01-23 14:52:55,263 - INFO - Successfully saved data for Herschel Baltimore
2025-01-23 14:52:56,763 - INFO - Processing player 203/5011: Mo Bamba
2025-01-23 14:52:58,962 - INFO - Successfully saved data for Mo Bamba
2025-01-23 14:53:00,463 - INFO - Processing player 204/5011: Paolo Banchero
2025-01-23 14:53:02,573 - INFO - Successfully saved data for Paolo Banchero
2025-01-23 14:53:04,073 - INFO - Processing player 205/5011: Desmond Bane
2025-01-23 14:53:06,180 - INFO - Successfully saved data for Desmond Bane
2025-01-23 14:53:07,681 - INFO - Processing player 206/5011: Gene Banks
2025-01-23 14:53:10,860 - INFO - Successfully saved data for Gene Banks
2025-01-23 14:53:12,360 - INFO - Processing player 207/5011: Marcus Banks
2025-01-23 14:53:16,176 - INFO - Successfully saved data for Marcus Banks
2025-01-23 14:53:17,677 - INFO - Processing player 208/5011: Ken Bannister
2025-01-23 14:53:20,513 - INFO - Successfully saved data for Ken Bannister
2025-01-23 14:53:22,013 - INFO - Processing player 209/5011: Mike Bantom
2025-01-23 14:53:26,523 - INFO - Successfully saved data for Mike Bantom
2025-01-23 14:53:28,024 - INFO - Processing player 210/5011: Dalano Banton
2025-01-23 14:53:30,216 - INFO - Successfully saved data for Dalano Banton
2025-01-23 14:53:31,717 - INFO - Processing player 211/5011: Cat Barber
2025-01-23 14:53:34,640 - INFO - Successfully saved data for Cat Barber
2025-01-23 14:53:36,140 - INFO - Processing player 212/5011: John Barber
2025-01-23 14:53:39,106 - INFO - Successfully saved data for John Barber
2025-01-23 14:53:40,607 - INFO - Processing player 213/5011: Leandro Barbosa
2025-01-23 14:53:43,840 - INFO - Successfully saved data for Leandro Barbosa
2025-01-23 14:53:45,340 - INFO - Processing player 214/5011: Stephen Bardo
2025-01-23 14:53:49,137 - INFO - Successfully saved data for Stephen Bardo
2025-01-23 14:53:50,638 - INFO - Processing player 215/5011: J.J. Barea
2025-01-23 14:53:54,519 - INFO - Successfully saved data for J.J. Barea
2025-01-23 14:53:56,019 - INFO - Processing player 216/5011: Andrea Bargnani
2025-01-23 14:53:59,006 - INFO - Successfully saved data for Andrea Bargnani
2025-01-23 14:54:00,507 - INFO - Processing player 217/5011: Cliff Barker
2025-01-23 14:54:03,427 - INFO - Successfully saved data for Cliff Barker
2025-01-23 14:54:04,927 - INFO - Processing player 218/5011: Tom Barker
2025-01-23 14:54:08,528 - INFO - Successfully saved data for Tom Barker
2025-01-23 14:54:10,028 - INFO - Processing player 219/5011: Charles Barkley
2025-01-23 14:54:14,037 - INFO - Successfully saved data for Charles Barkley
2025-01-23 14:54:15,538 - INFO - Processing player 220/5011: Erick Barkley
2025-01-23 14:54:18,675 - INFO - Successfully saved data for Erick Barkley
2025-01-23 14:54:20,175 - INFO - Processing player 221/5011: Don Barksdale
2025-01-23 14:54:23,285 - INFO - Successfully saved data for Don Barksdale
2025-01-23 14:54:24,786 - INFO - Processing player 222/5011: Dominick Barlow
2025-01-23 14:54:26,894 - INFO - Successfully saved data for Dominick Barlow
2025-01-23 14:54:28,394 - INFO - Processing player 223/5011: Harrison Barnes
2025-01-23 14:54:30,463 - INFO - Successfully saved data for Harrison Barnes
2025-01-23 14:54:31,963 - INFO - Processing player 224/5011: Harry Barnes
2025-01-23 14:54:35,815 - INFO - Successfully saved data for Harry Barnes
2025-01-23 14:54:37,315 - INFO - Processing player 225/5011: Jim Barnes
2025-01-23 14:54:40,312 - INFO - Successfully saved data for Jim Barnes
2025-01-23 14:54:41,813 - INFO - Processing player 226/5011: Marvin Barnes
2025-01-23 14:54:44,647 - INFO - Successfully saved data for Marvin Barnes
2025-01-23 14:54:46,147 - INFO - Processing player 227/5011: Matt Barnes
2025-01-23 14:54:49,460 - INFO - Successfully saved data for Matt Barnes
2025-01-23 14:54:50,961 - INFO - Processing player 228/5011: Scottie Barnes
2025-01-23 14:54:53,103 - INFO - Successfully saved data for Scottie Barnes
2025-01-23 14:54:54,604 - INFO - Processing player 229/5011: Dick Barnett
2025-01-23 14:54:57,844 - INFO - Successfully saved data for Dick Barnett
2025-01-23 14:54:59,345 - INFO - Processing player 230/5011: Jim Barnett
2025-01-23 14:55:03,191 - INFO - Successfully saved data for Jim Barnett
2025-01-23 14:55:04,692 - INFO - Processing player 231/5011: John Barnhill
2025-01-23 14:55:07,583 - INFO - Successfully saved data for John Barnhill
2025-01-23 14:55:09,084 - INFO - Processing player 232/5011: Norton Barnhill
2025-01-23 14:55:11,975 - INFO - Successfully saved data for Norton Barnhill
2025-01-23 14:55:13,475 - INFO - Processing player 233/5011: Leo Barnhorst
2025-01-23 14:55:16,352 - INFO - Successfully saved data for Leo Barnhorst
2025-01-23 14:55:17,853 - INFO - Processing player 234/5011: John Barr
2025-01-23 14:55:20,654 - INFO - Successfully saved data for John Barr
2025-01-23 14:55:22,156 - INFO - Processing player 235/5011: Mike Barr
2025-01-23 14:55:25,793 - INFO - Successfully saved data for Mike Barr
2025-01-23 14:55:27,294 - INFO - Processing player 236/5011: Thomas Barr
2025-01-23 14:55:30,479 - INFO - Successfully saved data for Thomas Barr
2025-01-23 14:55:31,980 - INFO - Processing player 237/5011: Andre Barrett
2025-01-23 14:55:35,655 - INFO - Successfully saved data for Andre Barrett
2025-01-23 14:55:37,156 - INFO - Processing player 238/5011: Ernie Barrett
2025-01-23 14:55:40,187 - INFO - Successfully saved data for Ernie Barrett
2025-01-23 14:55:41,688 - INFO - Processing player 239/5011: RJ Barrett
2025-01-23 14:55:45,392 - INFO - Successfully saved data for RJ Barrett
2025-01-23 14:55:46,892 - INFO - Processing player 240/5011: Earl Barron
2025-01-23 14:55:50,502 - INFO - Successfully saved data for Earl Barron
2025-01-23 14:55:52,003 - INFO - Processing player 241/5011: Dana Barros
2025-01-23 14:55:55,204 - INFO - Successfully saved data for Dana Barros
2025-01-23 14:55:56,705 - INFO - Processing player 242/5011: Brent Barry
2025-01-23 14:56:00,676 - INFO - Successfully saved data for Brent Barry
2025-01-23 14:56:02,177 - INFO - Processing player 243/5011: Drew Barry
2025-01-23 14:56:05,050 - INFO - Successfully saved data for Drew Barry
2025-01-23 14:56:06,550 - INFO - Processing player 244/5011: Jon Barry
2025-01-23 14:56:10,315 - INFO - Successfully saved data for Jon Barry
2025-01-23 14:56:11,815 - INFO - Processing player 245/5011: Rick Barry
2025-01-23 14:56:14,760 - INFO - Successfully saved data for Rick Barry
2025-01-23 14:56:16,261 - INFO - Processing player 246/5011: Ed Bartels
2025-01-23 14:56:19,078 - INFO - Successfully saved data for Ed Bartels
2025-01-23 14:56:20,578 - INFO - Processing player 247/5011: Vic Bartolome
2025-01-23 14:56:26,531 - INFO - Successfully saved data for Vic Bartolome
2025-01-23 14:56:28,031 - INFO - Processing player 248/5011: Will Barton
2025-01-23 14:56:31,325 - INFO - Successfully saved data for Will Barton
2025-01-23 14:56:32,825 - INFO - Processing player 249/5011: Eddie Basden
2025-01-23 14:56:35,679 - INFO - Successfully saved data for Eddie Basden
2025-01-23 14:56:37,179 - INFO - Processing player 250/5011: Jerry Baskerville
2025-01-23 14:56:41,163 - INFO - Successfully saved data for Jerry Baskerville
2025-01-23 14:56:42,663 - INFO - Processing player 251/5011: Brandon Bass
2025-01-23 14:56:45,758 - INFO - Successfully saved data for Brandon Bass
2025-01-23 14:56:47,259 - INFO - Processing player 252/5011: Paris Bass
2025-01-23 14:56:50,133 - INFO - Successfully saved data for Paris Bass
2025-01-23 14:56:51,633 - INFO - Processing player 253/5011: Tim Bassett
2025-01-23 14:56:56,720 - INFO - Successfully saved data for Tim Bassett
2025-01-23 14:56:58,220 - INFO - Processing player 254/5011: Charles Bassey
2025-01-23 14:57:01,200 - INFO - Successfully saved data for Charles Bassey
2025-01-23 14:57:02,701 - INFO - Processing player 255/5011: Maceo Baston
2025-01-23 14:57:06,605 - INFO - Successfully saved data for Maceo Baston
2025-01-23 14:57:08,105 - INFO - Processing player 256/5011: Mengke Bateer
2025-01-23 14:57:11,027 - INFO - Successfully saved data for Mengke Bateer
2025-01-23 14:57:12,527 - INFO - Processing player 257/5011: Billyray Bates
2025-01-23 14:57:15,713 - INFO - Successfully saved data for Billyray Bates
2025-01-23 14:57:17,214 - INFO - Processing player 258/5011: Emoni Bates
2025-01-23 14:57:19,286 - INFO - Successfully saved data for Emoni Bates
2025-01-23 14:57:20,787 - INFO - Processing player 259/5011: Keita Bates-Diop
2025-01-23 14:57:23,051 - INFO - Successfully saved data for Keita Bates-Diop
2025-01-23 14:57:24,552 - INFO - Processing player 260/5011: Esteban Batista
2025-01-23 14:57:27,447 - INFO - Successfully saved data for Esteban Batista
2025-01-23 14:57:28,947 - INFO - Processing player 261/5011: Mike Batiste
2025-01-23 14:57:32,793 - INFO - Successfully saved data for Mike Batiste
2025-01-23 14:57:34,294 - INFO - Processing player 262/5011: Tony Battie
2025-01-23 14:57:38,073 - INFO - Successfully saved data for Tony Battie
2025-01-23 14:57:39,575 - INFO - Processing player 263/5011: Shane Battier
2025-01-23 14:57:42,709 - INFO - Successfully saved data for Shane Battier
2025-01-23 14:57:44,210 - INFO - Processing player 264/5011: Jamison Battle
2025-01-23 14:57:46,295 - INFO - Successfully saved data for Jamison Battle
2025-01-23 14:57:47,795 - INFO - Processing player 265/5011: John Battle
2025-01-23 14:57:50,643 - INFO - Successfully saved data for John Battle
2025-01-23 14:57:52,143 - INFO - Processing player 266/5011: Kenny Battle
2025-01-23 14:57:55,326 - INFO - Successfully saved data for Kenny Battle
2025-01-23 14:57:56,827 - INFO - Processing player 267/5011: Dave Batton
2025-01-23 14:57:59,598 - INFO - Successfully saved data for Dave Batton
2025-01-23 14:58:01,098 - INFO - Processing player 268/5011: Nicolas Batum
2025-01-23 14:58:03,180 - INFO - Successfully saved data for Nicolas Batum
2025-01-23 14:58:04,680 - INFO - Processing player 269/5011: Johnny Baum
2025-01-23 14:58:07,871 - INFO - Successfully saved data for Johnny Baum
2025-01-23 14:58:09,372 - INFO - Processing player 270/5011: Frankie Baumholtz
2025-01-23 14:58:13,534 - INFO - Successfully saved data for Frankie Baumholtz
2025-01-23 14:58:15,035 - INFO - Processing player 271/5011: Lonny Baxter
2025-01-23 14:58:17,884 - INFO - Successfully saved data for Lonny Baxter
2025-01-23 14:58:19,384 - INFO - Processing player 272/5011: Jerryd Bayless
2025-01-23 14:58:24,263 - INFO - Successfully saved data for Jerryd Bayless
2025-01-23 14:58:25,763 - INFO - Processing player 273/5011: Elgin Baylor
2025-01-23 14:58:29,021 - INFO - Successfully saved data for Elgin Baylor
2025-01-23 14:58:30,522 - INFO - Processing player 274/5011: Aron Baynes
2025-01-23 14:58:33,501 - INFO - Successfully saved data for Aron Baynes
2025-01-23 14:58:35,002 - INFO - Processing player 275/5011: Sergei Bazarevich
2025-01-23 14:58:38,191 - INFO - Successfully saved data for Sergei Bazarevich
2025-01-23 14:58:39,691 - INFO - Processing player 276/5011: Kent Bazemore
2025-01-23 14:58:42,709 - INFO - Successfully saved data for Kent Bazemore
2025-01-23 14:58:44,210 - INFO - Processing player 277/5011: Darius Bazley
2025-01-23 14:58:47,032 - INFO - Successfully saved data for Darius Bazley
2025-01-23 14:58:48,533 - INFO - Processing player 278/5011: Ed Beach
2025-01-23 14:58:51,624 - INFO - Successfully saved data for Ed Beach
2025-01-23 14:58:53,125 - INFO - Processing player 279/5011: Bradley Beal
2025-01-23 14:58:55,339 - INFO - Successfully saved data for Bradley Beal
2025-01-23 14:58:56,840 - INFO - Processing player 280/5011: Butch Beard
2025-01-23 14:58:59,697 - INFO - Successfully saved data for Butch Beard
2025-01-23 14:59:01,198 - INFO - Processing player 281/5011: Ralph Beard
2025-01-23 14:59:03,997 - INFO - Successfully saved data for Ralph Beard
2025-01-23 14:59:05,498 - INFO - Processing player 282/5011: Jerome Beasley
2025-01-23 14:59:09,181 - INFO - Successfully saved data for Jerome Beasley
2025-01-23 14:59:10,682 - INFO - Processing player 283/5011: Malik Beasley
2025-01-23 14:59:12,771 - INFO - Successfully saved data for Malik Beasley
2025-01-23 14:59:14,272 - INFO - Processing player 284/5011: Michael Beasley
2025-01-23 14:59:17,119 - INFO - Successfully saved data for Michael Beasley
2025-01-23 14:59:18,619 - INFO - Processing player 285/5011: Zelmo Beaty
2025-01-23 14:59:22,619 - INFO - Successfully saved data for Zelmo Beaty
2025-01-23 14:59:24,119 - INFO - Processing player 286/5011: Rodrigue Beaubois
2025-01-23 14:59:28,195 - INFO - Successfully saved data for Rodrigue Beaubois
2025-01-23 14:59:29,696 - INFO - Processing player 287/5011: MarJon Beauchamp
2025-01-23 14:59:31,775 - INFO - Successfully saved data for MarJon Beauchamp
2025-01-23 14:59:33,276 - INFO - Processing player 288/5011: Byron Beck
2025-01-23 14:59:36,294 - INFO - Successfully saved data for Byron Beck
2025-01-23 14:59:37,794 - INFO - Processing player 289/5011: Corey Beck
2025-01-23 14:59:42,167 - INFO - Successfully saved data for Corey Beck
2025-01-23 14:59:43,667 - INFO - Processing player 290/5011: Ernie Beck
2025-01-23 14:59:46,565 - INFO - Successfully saved data for Ernie Beck
2025-01-23 14:59:48,066 - INFO - Processing player 291/5011: Moe Becker
2025-01-23 14:59:51,718 - INFO - Successfully saved data for Moe Becker
2025-01-23 14:59:53,218 - INFO - Processing player 292/5011: William Bedford
2025-01-23 14:59:57,088 - INFO - Successfully saved data for William Bedford
2025-01-23 14:59:58,588 - INFO - Processing player 293/5011: Reece Beekman
2025-01-23 15:00:01,456 - INFO - Successfully saved data for Reece Beekman
2025-01-23 15:00:02,956 - INFO - Processing player 294/5011: Hank Beenders
2025-01-23 15:00:06,025 - INFO - Successfully saved data for Hank Beenders
2025-01-23 15:00:07,526 - INFO - Processing player 295/5011: Ron Behagen
2025-01-23 15:00:10,405 - INFO - Successfully saved data for Ron Behagen
2025-01-23 15:00:11,906 - INFO - Processing player 296/5011: Elmer Behnke
2025-01-23 15:00:14,842 - INFO - Successfully saved data for Elmer Behnke
2025-01-23 15:00:16,343 - INFO - Processing player 297/5011: Marco Belinelli
2025-01-23 15:00:40,301 - INFO - Successfully saved data for Marco Belinelli
2025-01-23 15:00:41,802 - INFO - Processing player 298/5011: Charlie Bell
2025-01-23 15:01:37,947 - INFO - Successfully saved data for Charlie Bell
2025-01-23 15:01:39,447 - INFO - Processing player 299/5011: Dennis Bell
2025-01-23 15:01:43,093 - INFO - Successfully saved data for Dennis Bell
2025-01-23 15:01:44,594 - INFO - Processing player 300/5011: Jordan Bell
2025-01-23 15:01:47,917 - INFO - Successfully saved data for Jordan Bell
2025-01-23 15:01:49,418 - INFO - Processing player 301/5011: Raja Bell
2025-01-23 15:01:53,138 - INFO - Successfully saved data for Raja Bell
2025-01-23 15:01:54,638 - INFO - Processing player 302/5011: Troy Bell
2025-01-23 15:02:24,652 - WARNING - Attempt 1 failed for player 2559. Waiting 2 seconds. Error: HTTPSConnectionPool(host='stats.nba.com', port=443): Read timed out. (read timeout=30)
2025-01-23 15:02:47,759 - WARNING - Attempt 2 failed for player 2559. Waiting 4 seconds. Error: ('Connection aborted.', ConnectionResetError(10054, 'An existing connection was forcibly closed by the remote host', None, 10054, None))
2025-01-23 15:03:18,224 - WARNING - Attempt 3 failed for player 2559. Waiting 8 seconds. Error: ('Connection aborted.', ConnectionResetError(10054, 'An existing connection was forcibly closed by the remote host', None, 10054, None))
2025-01-23 15:03:26,225 - ERROR - Error processing player Troy Bell: ('Connection aborted.', ConnectionResetError(10054, 'An existing connection was forcibly closed by the remote host', None, 10054, None))
2025-01-23 15:03:26,225 - INFO - Processing player 303/5011: William Bell
2025-01-23 15:03:52,359 - WARNING - Attempt 1 failed for player 76143. Waiting 2 seconds. Error: ('Connection aborted.', ConnectionResetError(10054, 'An existing connection was forcibly closed by the remote host', None, 10054, None))
2025-01-23 15:04:20,808 - WARNING - Attempt 2 failed for player 76143. Waiting 4 seconds. Error: ('Connection aborted.', ConnectionResetError(10054, 'An existing connection was forcibly closed by the remote host', None, 10054, None))
2025-01-23 15:04:54,848 - WARNING - Attempt 3 failed for player 76143. Waiting 8 seconds. Error: HTTPSConnectionPool(host='stats.nba.com', port=443): Read timed out. (read timeout=30)
2025-01-23 15:05:02,849 - ERROR - Error processing player William Bell: HTTPSConnectionPool(host='stats.nba.com', port=443): Read timed out. (read timeout=30)
2025-01-23 15:05:02,849 - INFO - Processing player 304/5011: Walt Bellamy
2025-01-23 15:05:32,910 - WARNING - Attempt 1 failed for player 76144. Waiting 2 seconds. Error: HTTPSConnectionPool(host='stats.nba.com', port=443): Read timed out. (read timeout=30)
2025-01-23 15:06:04,944 - WARNING - Attempt 2 failed for player 76144. Waiting 4 seconds. Error: HTTPSConnectionPool(host='stats.nba.com', port=443): Read timed out. (read timeout=30)
2025-01-23 15:06:35,075 - WARNING - Attempt 3 failed for player 76144. Waiting 8 seconds. Error: ('Connection aborted.', ConnectionResetError(10054, 'An existing connection was forcibly closed by the remote host', None, 10054, None))
2025-01-23 15:06:43,076 - ERROR - Error processing player Walt Bellamy: ('Connection aborted.', ConnectionResetError(10054, 'An existing connection was forcibly closed by the remote host', None, 10054, None))
2025-01-23 15:06:43,076 - INFO - Processing player 305/5011: DeAndre' Bembry
2025-01-23 15:07:13,133 - WARNING - Attempt 1 failed for player 1627761. Waiting 2 seconds. Error: HTTPSConnectionPool(host='stats.nba.com', port=443): Read timed out. (read timeout=30)
2025-01-23 15:07:45,212 - WARNING - Attempt 2 failed for player 1627761. Waiting 4 seconds. Error: HTTPSConnectionPool(host='stats.nba.com', port=443): Read timed out. (read timeout=30)
2025-01-23 15:08:19,268 - WARNING - Attempt 3 failed for player 1627761. Waiting 8 seconds. Error: HTTPSConnectionPool(host='stats.nba.com', port=443): Read timed out. (read timeout=30)
2025-01-23 15:08:27,269 - ERROR - Error processing player DeAndre' Bembry: HTTPSConnectionPool(host='stats.nba.com', port=443): Read timed out. (read timeout=30)
2025-01-23 15:08:27,269 - INFO - Processing player 306/5011: Irv Bemoras
2025-01-23 15:08:57,291 - WARNING - Attempt 1 failed for player 76145. Waiting 2 seconds. Error: HTTPSConnectionPool(host='stats.nba.com', port=443): Read timed out. (read timeout=30)
2025-01-23 15:13:03,387 - INFO - Starting to fetch data for 5011 players
2025-01-23 15:13:03,387 - INFO - Processing player 1/5011: Alaa Abdelnaby
2025-01-23 15:13:03,387 - INFO - Skipping Alaa Abdelnaby, updated recently
2025-01-23 15:13:03,387 - INFO - Processing player 1/5011: Zaid Abdul-Aziz
2025-01-23 15:13:03,388 - INFO - Skipping Zaid Abdul-Aziz, updated recently
2025-01-23 15:13:03,388 - INFO - Processing player 1/5011: Kareem Abdul-Jabbar
2025-01-23 15:13:03,388 - INFO - Skipping Kareem Abdul-Jabbar, updated recently
2025-01-23 15:13:03,388 - INFO - Processing player 1/5011: Mahmoud Abdul-Rauf
2025-01-23 15:13:03,388 - INFO - Skipping Mahmoud Abdul-Rauf, updated recently
2025-01-23 15:13:03,388 - INFO - Processing player 1/5011: Tariq Abdul-Wahad
2025-01-23 15:13:03,388 - INFO - Skipping Tariq Abdul-Wahad, updated recently
2025-01-23 15:13:11,879 - INFO - Processing player 6/5011: Shareef Abdur-Rahim
2025-01-23 15:13:11,879 - INFO - Skipping Shareef Abdur-Rahim, updated recently
2025-01-23 15:13:11,879 - INFO - Processing player 6/5011: Tom Abernethy
2025-01-23 15:13:11,879 - INFO - Skipping Tom Abernethy, updated recently
2025-01-23 15:13:11,879 - INFO - Processing player 6/5011: Forest Able
2025-01-23 15:13:11,879 - INFO - Skipping Forest Able, updated recently
2025-01-23 15:13:11,879 - INFO - Processing player 6/5011: John Abramovic
2025-01-23 15:13:11,879 - INFO - Skipping John Abramovic, updated recently
2025-01-23 15:13:11,879 - INFO - Processing player 6/5011: Alex Abrines
2025-01-23 15:13:11,879 - INFO - Skipping Alex Abrines, updated recently
2025-01-23 15:13:21,336 - INFO - Processing player 11/5011: Precious Achiuwa
2025-01-23 15:13:21,336 - INFO - Skipping Precious Achiuwa, updated recently
2025-01-23 15:13:21,336 - INFO - Processing player 11/5011: Alex Acker
2025-01-23 15:13:21,336 - INFO - Skipping Alex Acker, updated recently
2025-01-23 15:13:21,336 - INFO - Processing player 11/5011: Donald Ackerman
2025-01-23 15:13:21,336 - INFO - Skipping Donald Ackerman, updated recently
2025-01-23 15:13:21,336 - INFO - Processing player 11/5011: Mark Acres
2025-01-23 15:13:21,337 - INFO - Skipping Mark Acres, updated recently
2025-01-23 15:13:21,337 - INFO - Processing player 11/5011: Charles Acton
2025-01-23 15:13:21,337 - INFO - Skipping Charles Acton, updated recently
2025-01-23 15:13:29,343 - INFO - Processing player 16/5011: Quincy Acy
2025-01-23 15:13:29,344 - INFO - Skipping Quincy Acy, updated recently
2025-01-23 15:13:29,344 - INFO - Processing player 16/5011: Alvan Adams
2025-01-23 15:13:29,344 - INFO - Skipping Alvan Adams, updated recently
2025-01-23 15:13:29,344 - INFO - Processing player 16/5011: Don Adams
2025-01-23 15:13:29,344 - INFO - Skipping Don Adams, updated recently
2025-01-23 15:13:29,344 - INFO - Processing player 16/5011: Hassan Adams
2025-01-23 15:13:29,344 - INFO - Skipping Hassan Adams, updated recently
2025-01-23 15:13:29,344 - INFO - Processing player 16/5011: Jaylen Adams
2025-01-23 15:13:29,344 - INFO - Skipping Jaylen Adams, updated recently
2025-01-23 15:13:40,984 - INFO - Processing player 21/5011: Jordan Adams
2025-01-23 15:13:40,984 - INFO - Skipping Jordan Adams, updated recently
2025-01-23 15:13:40,984 - INFO - Processing player 21/5011: Michael Adams
2025-01-23 15:13:40,984 - INFO - Skipping Michael Adams, updated recently
2025-01-23 15:13:40,984 - INFO - Processing player 21/5011: Steven Adams
2025-01-23 15:13:40,984 - INFO - Skipping Steven Adams, updated recently
2025-01-23 15:13:40,984 - INFO - Processing player 21/5011: Rafael Addison
2025-01-23 15:13:40,984 - INFO - Skipping Rafael Addison, updated recently
2025-01-23 15:13:40,984 - INFO - Processing player 21/5011: Bam Adebayo
2025-01-23 15:13:40,984 - INFO - Skipping Bam Adebayo, updated recently
2025-01-23 15:13:52,435 - INFO - Processing player 26/5011: Deng Adel
2025-01-23 15:13:52,435 - INFO - Skipping Deng Adel, updated recently
2025-01-23 15:13:52,435 - INFO - Processing player 26/5011: Rick Adelman
2025-01-23 15:13:52,436 - INFO - Skipping Rick Adelman, updated recently
2025-01-23 15:13:52,436 - INFO - Processing player 26/5011: Jeff Adrien
2025-01-23 15:13:52,436 - INFO - Skipping Jeff Adrien, updated recently
2025-01-23 15:13:52,436 - INFO - Processing player 26/5011: Arron Afflalo
2025-01-23 15:13:52,436 - INFO - Skipping Arron Afflalo, updated recently
2025-01-23 15:13:52,436 - INFO - Processing player 26/5011: Ochai Agbaji
2025-01-23 15:13:52,436 - INFO - Skipping Ochai Agbaji, updated recently
2025-01-23 15:14:03,760 - INFO - Processing player 31/5011: Maurice Ager
2025-01-23 15:14:03,760 - INFO - Skipping Maurice Ager, updated recently
2025-01-23 15:14:03,760 - INFO - Processing player 31/5011: Mark Aguirre
2025-01-23 15:14:03,760 - INFO - Skipping Mark Aguirre, updated recently
2025-01-23 15:14:03,760 - INFO - Processing player 31/5011: Blake Ahearn
2025-01-23 15:14:03,761 - INFO - Skipping Blake Ahearn, updated recently
2025-01-23 15:14:03,761 - INFO - Processing player 31/5011: Danny Ainge
2025-01-23 15:14:03,761 - INFO - Skipping Danny Ainge, updated recently
2025-01-23 15:14:03,761 - INFO - Processing player 31/5011: Alexis Ajinca
2025-01-23 15:14:03,761 - INFO - Skipping Alexis Ajinca, updated recently
2025-01-23 15:14:15,075 - INFO - Processing player 36/5011: Henry Akin
2025-01-23 15:14:15,076 - INFO - Skipping Henry Akin, updated recently
2025-01-23 15:14:15,076 - INFO - Processing player 36/5011: Josh Akognon
2025-01-23 15:14:15,076 - INFO - Skipping Josh Akognon, updated recently
2025-01-23 15:14:15,076 - INFO - Processing player 36/5011: DeVaughn Akoon-Purcell
2025-01-23 15:14:15,076 - INFO - Skipping DeVaughn Akoon-Purcell, updated recently
2025-01-23 15:14:15,076 - INFO - Processing player 36/5011: Solomon Alabi
2025-01-23 15:14:15,076 - INFO - Skipping Solomon Alabi, updated recently
2025-01-23 15:14:15,076 - INFO - Processing player 36/5011: Mark Alarie
2025-01-23 15:14:15,076 - INFO - Skipping Mark Alarie, updated recently
2025-01-23 15:14:25,219 - INFO - Processing player 41/5011: Gary Alcorn
2025-01-23 15:14:25,219 - INFO - Skipping Gary Alcorn, updated recently
2025-01-23 15:14:25,219 - INFO - Processing player 41/5011: Santi Aldama
2025-01-23 15:14:25,219 - INFO - Skipping Santi Aldama, updated recently
2025-01-23 15:14:25,220 - INFO - Processing player 41/5011: Furkan Aldemir
2025-01-23 15:14:25,220 - INFO - Skipping Furkan Aldemir, updated recently
2025-01-23 15:14:25,220 - INFO - Processing player 41/5011: Cole Aldrich
2025-01-23 15:14:25,220 - INFO - Skipping Cole Aldrich, updated recently
2025-01-23 15:14:25,220 - INFO - Processing player 41/5011: LaMarcus Aldridge
2025-01-23 15:14:25,220 - INFO - Skipping LaMarcus Aldridge, updated recently
2025-01-23 15:14:35,972 - INFO - Processing player 46/5011: Chuck Aleksinas
2025-01-23 15:14:35,972 - INFO - Skipping Chuck Aleksinas, updated recently
2025-01-23 15:14:35,972 - INFO - Processing player 46/5011: Cliff Alexander
2025-01-23 15:14:35,972 - INFO - Skipping Cliff Alexander, updated recently
2025-01-23 15:14:35,972 - INFO - Processing player 46/5011: Cory Alexander
2025-01-23 15:14:35,973 - INFO - Skipping Cory Alexander, updated recently
2025-01-23 15:14:35,973 - INFO - Processing player 46/5011: Courtney Alexander
2025-01-23 15:14:35,973 - INFO - Skipping Courtney Alexander, updated recently
2025-01-23 15:14:35,973 - INFO - Processing player 46/5011: Gary Alexander
2025-01-23 15:14:35,973 - INFO - Skipping Gary Alexander, updated recently
2025-01-23 15:14:45,850 - INFO - Processing player 51/5011: Joe Alexander
2025-01-23 15:14:45,850 - INFO - Skipping Joe Alexander, updated recently
2025-01-23 15:14:45,850 - INFO - Processing player 51/5011: Kyle Alexander
2025-01-23 15:14:45,851 - INFO - Skipping Kyle Alexander, updated recently
2025-01-23 15:14:45,851 - INFO - Processing player 51/5011: Trey Alexander
2025-01-23 15:14:45,851 - INFO - Skipping Trey Alexander, updated recently
2025-01-23 15:14:45,851 - INFO - Processing player 51/5011: Ty-Shon Alexander
2025-01-23 15:14:45,851 - INFO - Skipping Ty-Shon Alexander, updated recently
2025-01-23 15:14:45,851 - INFO - Processing player 51/5011: Victor Alexander
2025-01-23 15:14:45,851 - INFO - Skipping Victor Alexander, updated recently
2025-01-23 15:14:55,892 - INFO - Processing player 56/5011: Nickeil Alexander-Walker
2025-01-23 15:14:55,892 - INFO - Skipping Nickeil Alexander-Walker, updated recently
2025-01-23 15:14:55,892 - INFO - Processing player 56/5011: Steve Alford
2025-01-23 15:14:55,892 - INFO - Skipping Steve Alford, updated recently
2025-01-23 15:14:55,892 - INFO - Processing player 56/5011: Rawle Alkins
2025-01-23 15:14:55,892 - INFO - Skipping Rawle Alkins, updated recently
2025-01-23 15:14:55,892 - INFO - Processing player 56/5011: Bob Allen
2025-01-23 15:14:55,893 - INFO - Skipping Bob Allen, updated recently
2025-01-23 15:14:55,893 - INFO - Processing player 56/5011: Grayson Allen
2025-01-23 15:14:55,893 - INFO - Skipping Grayson Allen, updated recently
2025-01-23 15:15:05,542 - INFO - Processing player 61/5011: Jarrett Allen
2025-01-23 15:15:05,542 - INFO - Skipping Jarrett Allen, updated recently
2025-01-23 15:15:05,542 - INFO - Processing player 61/5011: Jerome Allen
2025-01-23 15:15:05,542 - INFO - Skipping Jerome Allen, updated recently
2025-01-23 15:15:05,542 - INFO - Processing player 61/5011: Kadeem Allen
2025-01-23 15:15:05,542 - INFO - Skipping Kadeem Allen, updated recently
2025-01-23 15:15:05,542 - INFO - Processing player 61/5011: Lavoy Allen
2025-01-23 15:15:05,542 - INFO - Skipping Lavoy Allen, updated recently
2025-01-23 15:15:05,542 - INFO - Processing player 61/5011: Lucius Allen
2025-01-23 15:15:05,542 - INFO - Skipping Lucius Allen, updated recently
2025-01-23 15:15:14,769 - INFO - Processing player 66/5011: Malik Allen
2025-01-23 15:15:14,769 - INFO - Skipping Malik Allen, updated recently
2025-01-23 15:15:14,769 - INFO - Processing player 66/5011: Randy Allen
2025-01-23 15:15:14,769 - INFO - Skipping Randy Allen, updated recently
2025-01-23 15:15:14,770 - INFO - Processing player 66/5011: Ray Allen
2025-01-23 15:15:14,770 - INFO - Skipping Ray Allen, updated recently
2025-01-23 15:15:14,770 - INFO - Processing player 66/5011: Timmy Allen
2025-01-23 15:15:14,770 - INFO - Skipping Timmy Allen, updated recently
2025-01-23 15:15:14,770 - INFO - Processing player 66/5011: Tony Allen
2025-01-23 15:15:14,770 - INFO - Skipping Tony Allen, updated recently
2025-01-23 15:15:25,679 - INFO - Processing player 71/5011: Odis Allison
2025-01-23 15:15:25,679 - INFO - Skipping Odis Allison, updated recently
2025-01-23 15:15:25,680 - INFO - Processing player 71/5011: Lance Allred
2025-01-23 15:15:25,680 - INFO - Skipping Lance Allred, updated recently
2025-01-23 15:15:25,680 - INFO - Processing player 71/5011: Darrell Allums
2025-01-23 15:15:25,680 - INFO - Skipping Darrell Allums, updated recently
2025-01-23 15:15:25,680 - INFO - Processing player 71/5011: Morris Almond
2025-01-23 15:15:25,680 - INFO - Skipping Morris Almond, updated recently
2025-01-23 15:15:25,680 - INFO - Processing player 71/5011: Derrick Alston
2025-01-23 15:15:25,680 - INFO - Skipping Derrick Alston, updated recently
2025-01-23 15:15:35,508 - INFO - Processing player 76/5011: Rafer Alston
2025-01-23 15:15:35,509 - INFO - Skipping Rafer Alston, updated recently
2025-01-23 15:15:35,509 - INFO - Processing player 76/5011: Peter Aluma
2025-01-23 15:15:35,509 - INFO - Skipping Peter Aluma, updated recently
2025-01-23 15:15:35,509 - INFO - Processing player 76/5011: Jose Alvarado
2025-01-23 15:15:35,509 - INFO - Skipping Jose Alvarado, updated recently
2025-01-23 15:15:35,509 - INFO - Processing player 76/5011: John Amaechi
2025-01-23 15:15:35,509 - INFO - Skipping John Amaechi, updated recently
2025-01-23 15:15:35,509 - INFO - Processing player 76/5011: Ashraf Amaya
2025-01-23 15:15:35,509 - INFO - Skipping Ashraf Amaya, updated recently
2025-01-23 15:15:44,292 - INFO - Processing player 81/5011: Al-Farouq Aminu
2025-01-23 15:15:44,293 - INFO - Skipping Al-Farouq Aminu, updated recently
2025-01-23 15:15:44,293 - INFO - Processing player 81/5011: Lou Amundson
2025-01-23 15:15:44,293 - INFO - Skipping Lou Amundson, updated recently
2025-01-23 15:15:44,293 - INFO - Processing player 81/5011: Bob Anderegg
2025-01-23 15:15:44,293 - INFO - Skipping Bob Anderegg, updated recently
2025-01-23 15:15:44,293 - INFO - Processing player 81/5011: Chris Andersen
2025-01-23 15:15:44,293 - INFO - Skipping Chris Andersen, updated recently
2025-01-23 15:15:44,293 - INFO - Processing player 81/5011: David Andersen
2025-01-23 15:15:44,293 - INFO - Skipping David Andersen, updated recently
2025-01-23 15:15:53,490 - INFO - Processing player 86/5011: Alan Anderson
2025-01-23 15:15:53,491 - INFO - Skipping Alan Anderson, updated recently
2025-01-23 15:15:53,491 - INFO - Processing player 86/5011: Antonio Anderson
2025-01-23 15:15:53,491 - INFO - Skipping Antonio Anderson, updated recently
2025-01-23 15:15:53,491 - INFO - Processing player 86/5011: Cliff Anderson
2025-01-23 15:15:53,491 - INFO - Skipping Cliff Anderson, updated recently
2025-01-23 15:15:53,491 - INFO - Processing player 86/5011: Daniel Anderson
2025-01-23 15:15:53,491 - INFO - Skipping Daniel Anderson, updated recently
2025-01-23 15:15:53,491 - INFO - Processing player 86/5011: Derek Anderson
2025-01-23 15:15:53,491 - INFO - Skipping Derek Anderson, updated recently
2025-01-23 15:16:04,839 - INFO - Processing player 91/5011: Dwight Anderson
2025-01-23 15:16:04,839 - INFO - Skipping Dwight Anderson, updated recently
2025-01-23 15:16:04,839 - INFO - Processing player 91/5011: Eric Anderson
2025-01-23 15:16:04,839 - INFO - Skipping Eric Anderson, updated recently
2025-01-23 15:16:04,839 - INFO - Processing player 91/5011: Greg Anderson
2025-01-23 15:16:04,839 - INFO - Skipping Greg Anderson, updated recently
2025-01-23 15:16:04,839 - INFO - Processing player 91/5011: James Anderson
2025-01-23 15:16:04,839 - INFO - Skipping James Anderson, updated recently
2025-01-23 15:16:04,839 - INFO - Processing player 91/5011: Jerome Anderson
2025-01-23 15:16:04,839 - INFO - Skipping Jerome Anderson, updated recently
2025-01-23 15:16:15,058 - INFO - Processing player 96/5011: Justin Anderson
2025-01-23 15:16:15,058 - INFO - Skipping Justin Anderson, updated recently
2025-01-23 15:16:15,058 - INFO - Processing player 96/5011: Kenny Anderson
2025-01-23 15:16:15,058 - INFO - Skipping Kenny Anderson, updated recently
2025-01-23 15:16:15,058 - INFO - Processing player 96/5011: Kim Anderson
2025-01-23 15:16:15,058 - INFO - Skipping Kim Anderson, updated recently
2025-01-23 15:16:15,058 - INFO - Processing player 96/5011: Kyle Anderson
2025-01-23 15:16:15,058 - INFO - Skipping Kyle Anderson, updated recently
2025-01-23 15:16:15,058 - INFO - Processing player 96/5011: Michael Anderson
2025-01-23 15:16:15,058 - INFO - Skipping Michael Anderson, updated recently
2025-01-23 15:16:25,065 - INFO - Processing player 101/5011: Mitchell Anderson
2025-01-23 15:16:25,066 - INFO - Skipping Mitchell Anderson, updated recently
2025-01-23 15:16:25,066 - INFO - Processing player 101/5011: Nick Anderson
2025-01-23 15:16:25,066 - INFO - Skipping Nick Anderson, updated recently
2025-01-23 15:16:25,066 - INFO - Processing player 101/5011: Richard Anderson
2025-01-23 15:16:25,066 - INFO - Skipping Richard Anderson, updated recently
2025-01-23 15:16:25,066 - INFO - Processing player 101/5011: Ron Anderson
2025-01-23 15:16:25,066 - INFO - Skipping Ron Anderson, updated recently
2025-01-23 15:16:25,066 - INFO - Processing player 101/5011: Ryan Anderson
2025-01-23 15:16:25,066 - INFO - Skipping Ryan Anderson, updated recently
2025-01-23 15:16:36,667 - INFO - Processing player 106/5011: Shandon Anderson
2025-01-23 15:16:36,667 - INFO - Skipping Shandon Anderson, updated recently
2025-01-23 15:16:36,667 - INFO - Processing player 106/5011: Willie Anderson
2025-01-23 15:16:36,667 - INFO - Skipping Willie Anderson, updated recently
2025-01-23 15:16:36,667 - INFO - Processing player 106/5011: Wally Anderzunas
2025-01-23 15:16:36,667 - INFO - Skipping Wally Anderzunas, updated recently
2025-01-23 15:16:36,667 - INFO - Processing player 106/5011: Martynas Andriuskevicius
2025-01-23 15:16:36,667 - INFO - Skipping Martynas Andriuskevicius, updated recently
2025-01-23 15:16:36,667 - INFO - Processing player 106/5011: Don Anielak
2025-01-23 15:16:36,668 - INFO - Skipping Don Anielak, updated recently
2025-01-23 15:16:47,571 - INFO - Processing player 111/5011: Ike Anigbogu
2025-01-23 15:16:47,571 - INFO - Skipping Ike Anigbogu, updated recently
2025-01-23 15:16:47,571 - INFO - Processing player 111/5011: Michael Ansley
2025-01-23 15:16:47,571 - INFO - Skipping Michael Ansley, updated recently
2025-01-23 15:16:47,571 - INFO - Processing player 111/5011: Chris Anstey
2025-01-23 15:16:47,571 - INFO - Skipping Chris Anstey, updated recently
2025-01-23 15:16:47,571 - INFO - Processing player 111/5011: Giannis Antetokounmpo
2025-01-23 15:16:47,571 - INFO - Skipping Giannis Antetokounmpo, updated recently
2025-01-23 15:16:47,571 - INFO - Processing player 111/5011: Kostas Antetokounmpo
2025-01-23 15:16:47,571 - INFO - Skipping Kostas Antetokounmpo, updated recently
2025-01-23 15:16:55,697 - INFO - Processing player 116/5011: Thanasis Antetokounmpo
2025-01-23 15:16:55,697 - INFO - Skipping Thanasis Antetokounmpo, updated recently
2025-01-23 15:16:55,697 - INFO - Processing player 116/5011: Carmelo Anthony
2025-01-23 15:16:55,698 - INFO - Skipping Carmelo Anthony, updated recently
2025-01-23 15:16:55,698 - INFO - Processing player 116/5011: Cole Anthony
2025-01-23 15:16:55,698 - INFO - Skipping Cole Anthony, updated recently
2025-01-23 15:16:55,698 - INFO - Processing player 116/5011: Greg Anthony
2025-01-23 15:16:55,698 - INFO - Skipping Greg Anthony, updated recently
2025-01-23 15:16:55,698 - INFO - Processing player 116/5011: Joel Anthony
2025-01-23 15:16:55,698 - INFO - Skipping Joel Anthony, updated recently
2025-01-23 15:17:07,160 - INFO - Processing player 121/5011: Pero Antic
2025-01-23 15:17:07,160 - INFO - Skipping Pero Antic, updated recently
2025-01-23 15:17:07,160 - INFO - Processing player 121/5011: OG Anunoby
2025-01-23 15:17:07,160 - INFO - Skipping OG Anunoby, updated recently
2025-01-23 15:17:07,160 - INFO - Processing player 121/5011: Keith Appling
2025-01-23 15:17:07,160 - INFO - Skipping Keith Appling, updated recently
2025-01-23 15:17:07,160 - INFO - Processing player 121/5011: Rafael Araujo
2025-01-23 15:17:07,161 - INFO - Skipping Rafael Araujo, updated recently
2025-01-23 15:17:07,161 - INFO - Processing player 121/5011: Stacey Arceneaux
2025-01-23 15:17:07,161 - INFO - Skipping Stacey Arceneaux, updated recently
2025-01-23 15:17:18,134 - INFO - Processing player 126/5011: Nate Archibald
2025-01-23 15:17:18,134 - INFO - Skipping Nate Archibald, updated recently
2025-01-23 15:17:18,135 - INFO - Processing player 126/5011: Robert Archibald
2025-01-23 15:17:18,135 - INFO - Skipping Robert Archibald, updated recently
2025-01-23 15:17:18,135 - INFO - Processing player 126/5011: Ryan Arcidiacono
2025-01-23 15:17:18,135 - INFO - Skipping Ryan Arcidiacono, updated recently
2025-01-23 15:17:18,135 - INFO - Processing player 126/5011: Jim Ard
2025-01-23 15:17:18,135 - INFO - Skipping Jim Ard, updated recently
2025-01-23 15:17:18,135 - INFO - Processing player 126/5011: Gilbert Arenas
2025-01-23 15:17:18,135 - INFO - Skipping Gilbert Arenas, updated recently
2025-01-23 15:17:27,122 - INFO - Processing player 131/5011: Trevor Ariza
2025-01-23 15:17:27,123 - INFO - Skipping Trevor Ariza, updated recently
2025-01-23 15:17:27,123 - INFO - Processing player 131/5011: Paul Arizin
2025-01-23 15:17:27,123 - INFO - Skipping Paul Arizin, updated recently
2025-01-23 15:17:27,123 - INFO - Processing player 131/5011: Joe Arlauckas
2025-01-23 15:17:27,123 - INFO - Skipping Joe Arlauckas, updated recently
2025-01-23 15:17:27,123 - INFO - Processing player 131/5011: B.J. Armstrong
2025-01-23 15:17:27,123 - INFO - Skipping B.J. Armstrong, updated recently
2025-01-23 15:17:27,123 - INFO - Processing player 131/5011: Bob Armstrong
2025-01-23 15:17:27,123 - INFO - Skipping Bob Armstrong, updated recently
2025-01-23 15:17:37,035 - INFO - Processing player 136/5011: Brandon Armstrong
2025-01-23 15:17:37,036 - INFO - Skipping Brandon Armstrong, updated recently
2025-01-23 15:17:37,036 - INFO - Processing player 136/5011: Darrell Armstrong
2025-01-23 15:17:37,036 - INFO - Skipping Darrell Armstrong, updated recently
2025-01-23 15:17:37,036 - INFO - Processing player 136/5011: Hilton Armstrong
2025-01-23 15:17:37,036 - INFO - Skipping Hilton Armstrong, updated recently
2025-01-23 15:17:37,036 - INFO - Processing player 136/5011: Paul Armstrong
2025-01-23 15:17:37,036 - INFO - Skipping Paul Armstrong, updated recently
2025-01-23 15:17:37,036 - INFO - Processing player 136/5011: Tate Armstrong
2025-01-23 15:17:37,036 - INFO - Skipping Tate Armstrong, updated recently
2025-01-23 15:17:49,022 - INFO - Processing player 141/5011: Jesse Arnelle
2025-01-23 15:17:49,022 - INFO - Skipping Jesse Arnelle, updated recently
2025-01-23 15:17:49,022 - INFO - Processing player 141/5011: Jay Arnette
2025-01-23 15:17:49,022 - INFO - Skipping Jay Arnette, updated recently
2025-01-23 15:17:49,022 - INFO - Processing player 141/5011: Bob Arnzen
2025-01-23 15:17:49,022 - INFO - Skipping Bob Arnzen, updated recently
2025-01-23 15:17:49,022 - INFO - Processing player 141/5011: Carlos Arroyo
2025-01-23 15:17:49,023 - INFO - Skipping Carlos Arroyo, updated recently
2025-01-23 15:17:49,023 - INFO - Processing player 141/5011: Darrell Arthur
2025-01-23 15:17:49,023 - INFO - Skipping Darrell Arthur, updated recently
2025-01-23 15:17:57,796 - INFO - Processing player 146/5011: John Arthurs
2025-01-23 15:17:57,797 - INFO - Skipping John Arthurs, updated recently
2025-01-23 15:17:57,797 - INFO - Processing player 146/5011: Jamel Artis
2025-01-23 15:17:57,797 - INFO - Skipping Jamel Artis, updated recently
2025-01-23 15:17:57,797 - INFO - Processing player 146/5011: Omer Asik
2025-01-23 15:17:57,797 - INFO - Skipping Omer Asik, updated recently
2025-01-23 15:17:57,797 - INFO - Processing player 146/5011: Vincent Askew
2025-01-23 15:17:57,797 - INFO - Skipping Vincent Askew, updated recently
2025-01-23 15:17:57,797 - INFO - Processing player 146/5011: Keith Askins
2025-01-23 15:17:57,797 - INFO - Skipping Keith Askins, updated recently
2025-01-23 15:18:09,512 - INFO - Processing player 151/5011: Don Asmonga
2025-01-23 15:18:09,512 - INFO - Skipping Don Asmonga, updated recently
2025-01-23 15:18:09,512 - INFO - Processing player 151/5011: Richard Atha
2025-01-23 15:18:09,512 - INFO - Skipping Richard Atha, updated recently
2025-01-23 15:18:09,512 - INFO - Processing player 151/5011: Chucky Atkins
2025-01-23 15:18:09,512 - INFO - Skipping Chucky Atkins, updated recently
2025-01-23 15:18:09,512 - INFO - Processing player 151/5011: Alvin Attles
2025-01-23 15:18:09,512 - INFO - Skipping Alvin Attles, updated recently
2025-01-23 15:18:09,512 - INFO - Processing player 151/5011: Chet Aubuchon
2025-01-23 15:18:09,512 - INFO - Skipping Chet Aubuchon, updated recently
2025-01-23 15:18:21,394 - INFO - Processing player 156/5011: Stacey Augmon
2025-01-23 15:18:21,394 - INFO - Skipping Stacey Augmon, updated recently
2025-01-23 15:18:21,394 - INFO - Processing player 156/5011: D.J. Augustin
2025-01-23 15:18:21,394 - INFO - Skipping D.J. Augustin, updated recently
2025-01-23 15:18:21,394 - INFO - Processing player 156/5011: James Augustine
2025-01-23 15:18:21,394 - INFO - Skipping James Augustine, updated recently
2025-01-23 15:18:21,394 - INFO - Processing player 156/5011: Ike Austin
2025-01-23 15:18:21,394 - INFO - Skipping Ike Austin, updated recently
2025-01-23 15:18:21,394 - INFO - Processing player 156/5011: John Austin
2025-01-23 15:18:21,394 - INFO - Skipping John Austin, updated recently
2025-01-23 15:18:33,140 - INFO - Processing player 161/5011: Ken Austin
2025-01-23 15:18:33,141 - INFO - Skipping Ken Austin, updated recently
2025-01-23 15:18:33,141 - INFO - Processing player 161/5011: Deni Avdija
2025-01-23 15:18:33,141 - INFO - Skipping Deni Avdija, updated recently
2025-01-23 15:18:33,141 - INFO - Processing player 161/5011: Anthony Avent
2025-01-23 15:18:33,141 - INFO - Skipping Anthony Avent, updated recently
2025-01-23 15:18:33,141 - INFO - Processing player 161/5011: William Averitt
2025-01-23 15:18:33,141 - INFO - Skipping William Averitt, updated recently
2025-01-23 15:18:33,141 - INFO - Processing player 161/5011: William Avery
2025-01-23 15:18:33,141 - INFO - Skipping William Avery, updated recently
2025-01-23 15:18:44,468 - INFO - Processing player 166/5011: Dennis Awtrey
2025-01-23 15:18:44,468 - INFO - Skipping Dennis Awtrey, updated recently
2025-01-23 15:18:44,468 - INFO - Processing player 166/5011: Joel Ayayi
2025-01-23 15:18:44,468 - INFO - Skipping Joel Ayayi, updated recently
2025-01-23 15:18:44,468 - INFO - Processing player 166/5011: Gustavo Ayon
2025-01-23 15:18:44,468 - INFO - Skipping Gustavo Ayon, updated recently
2025-01-23 15:18:44,468 - INFO - Processing player 166/5011: Jeff Ayres
2025-01-23 15:18:44,468 - INFO - Skipping Jeff Ayres, updated recently
2025-01-23 15:18:44,468 - INFO - Processing player 166/5011: Deandre Ayton
2025-01-23 15:18:44,469 - INFO - Skipping Deandre Ayton, updated recently
2025-01-23 15:18:55,983 - INFO - Processing player 171/5011: Kelenna Azubuike
2025-01-23 15:18:55,983 - INFO - Skipping Kelenna Azubuike, updated recently
2025-01-23 15:18:55,983 - INFO - Processing player 171/5011: Udoka Azubuike
2025-01-23 15:18:55,983 - INFO - Skipping Udoka Azubuike, updated recently
2025-01-23 15:18:55,983 - INFO - Processing player 171/5011: Chris Babb
2025-01-23 15:18:55,983 - INFO - Skipping Chris Babb, updated recently
2025-01-23 15:18:55,983 - INFO - Processing player 171/5011: Luke Babbitt
2025-01-23 15:18:55,983 - INFO - Skipping Luke Babbitt, updated recently
2025-01-23 15:18:55,983 - INFO - Processing player 171/5011: Milos Babic
2025-01-23 15:18:55,983 - INFO - Skipping Milos Babic, updated recently
2025-01-23 15:19:05,673 - INFO - Processing player 176/5011: Johnny Bach
2025-01-23 15:19:05,674 - INFO - Skipping Johnny Bach, updated recently
2025-01-23 15:19:05,674 - INFO - Processing player 176/5011: Dwayne Bacon
2025-01-23 15:19:05,674 - INFO - Skipping Dwayne Bacon, updated recently
2025-01-23 15:19:05,674 - INFO - Processing player 176/5011: Ibou Badji
2025-01-23 15:19:05,674 - INFO - Skipping Ibou Badji, updated recently
2025-01-23 15:19:05,674 - INFO - Processing player 176/5011: Jim Baechtold
2025-01-23 15:19:05,674 - INFO - Skipping Jim Baechtold, updated recently
2025-01-23 15:19:05,674 - INFO - Processing player 176/5011: Dalibor Bagaric
2025-01-23 15:19:05,674 - INFO - Skipping Dalibor Bagaric, updated recently
2025-01-23 15:19:14,710 - INFO - Processing player 181/5011: John Bagley
2025-01-23 15:19:14,710 - INFO - Skipping John Bagley, updated recently
2025-01-23 15:19:14,710 - INFO - Processing player 181/5011: Marvin Bagley III
2025-01-23 15:19:14,711 - INFO - Skipping Marvin Bagley III, updated recently
2025-01-23 15:19:14,711 - INFO - Processing player 181/5011: Amari Bailey
2025-01-23 15:19:14,711 - INFO - Skipping Amari Bailey, updated recently
2025-01-23 15:19:14,711 - INFO - Processing player 181/5011: Carl Bailey
2025-01-23 15:19:14,711 - INFO - Skipping Carl Bailey, updated recently
2025-01-23 15:19:14,711 - INFO - Processing player 181/5011: Gus Bailey
2025-01-23 15:19:14,711 - INFO - Skipping Gus Bailey, updated recently
2025-01-23 15:19:24,770 - INFO - Processing player 186/5011: James Bailey
2025-01-23 15:19:24,770 - INFO - Skipping James Bailey, updated recently
2025-01-23 15:19:24,770 - INFO - Processing player 186/5011: Thurl Bailey
2025-01-23 15:19:24,771 - INFO - Skipping Thurl Bailey, updated recently
2025-01-23 15:19:24,771 - INFO - Processing player 186/5011: Toby Bailey
2025-01-23 15:19:24,771 - INFO - Skipping Toby Bailey, updated recently
2025-01-23 15:19:24,771 - INFO - Processing player 186/5011: Cameron Bairstow
2025-01-23 15:19:24,771 - INFO - Skipping Cameron Bairstow, updated recently
2025-01-23 15:19:24,771 - INFO - Processing player 186/5011: Mark Baker
2025-01-23 15:19:24,771 - INFO - Skipping Mark Baker, updated recently
2025-01-23 15:19:35,712 - INFO - Processing player 191/5011: Maurice Baker
2025-01-23 15:19:35,712 - INFO - Skipping Maurice Baker, updated recently
2025-01-23 15:19:35,712 - INFO - Processing player 191/5011: Norm Baker
2025-01-23 15:19:35,712 - INFO - Skipping Norm Baker, updated recently
2025-01-23 15:19:35,712 - INFO - Processing player 191/5011: Ron Baker
2025-01-23 15:19:35,712 - INFO - Skipping Ron Baker, updated recently
2025-01-23 15:19:35,712 - INFO - Processing player 191/5011: Vin Baker
2025-01-23 15:19:35,712 - INFO - Skipping Vin Baker, updated recently
2025-01-23 15:19:35,712 - INFO - Processing player 191/5011: Wade Baldwin IV
2025-01-23 15:19:35,712 - INFO - Skipping Wade Baldwin IV, updated recently
2025-01-23 15:19:45,130 - INFO - Processing player 196/5011: Patrick Baldwin Jr.
2025-01-23 15:19:45,130 - INFO - Skipping Patrick Baldwin Jr., updated recently
2025-01-23 15:19:45,130 - INFO - Processing player 196/5011: Renaldo Balkman
2025-01-23 15:19:45,131 - INFO - Skipping Renaldo Balkman, updated recently
2025-01-23 15:19:45,131 - INFO - Processing player 196/5011: Cedric Ball
2025-01-23 15:19:45,131 - INFO - Skipping Cedric Ball, updated recently
2025-01-23 15:19:45,131 - INFO - Processing player 196/5011: LaMelo Ball
2025-01-23 15:19:45,131 - INFO - Skipping LaMelo Ball, updated recently
2025-01-23 15:19:45,131 - INFO - Processing player 196/5011: Lonzo Ball
2025-01-23 15:19:45,131 - INFO - Skipping Lonzo Ball, updated recently
2025-01-23 15:19:56,854 - INFO - Processing player 201/5011: Greg Ballard
2025-01-23 15:19:56,854 - INFO - Skipping Greg Ballard, updated recently
2025-01-23 15:19:56,854 - INFO - Processing player 201/5011: Herschel Baltimore
2025-01-23 15:19:56,854 - INFO - Skipping Herschel Baltimore, updated recently
2025-01-23 15:19:56,854 - INFO - Processing player 201/5011: Mo Bamba
2025-01-23 15:19:56,854 - INFO - Skipping Mo Bamba, updated recently
2025-01-23 15:19:56,854 - INFO - Processing player 201/5011: Paolo Banchero
2025-01-23 15:19:56,854 - INFO - Skipping Paolo Banchero, updated recently
2025-01-23 15:19:56,854 - INFO - Processing player 201/5011: Desmond Bane
2025-01-23 15:19:56,854 - INFO - Skipping Desmond Bane, updated recently
2025-01-23 15:20:08,752 - INFO - Processing player 206/5011: Gene Banks
2025-01-23 15:20:08,753 - INFO - Skipping Gene Banks, updated recently
2025-01-23 15:20:08,753 - INFO - Processing player 206/5011: Marcus Banks
2025-01-23 15:20:08,753 - INFO - Skipping Marcus Banks, updated recently
2025-01-23 15:20:08,753 - INFO - Processing player 206/5011: Ken Bannister
2025-01-23 15:20:08,753 - INFO - Skipping Ken Bannister, updated recently
2025-01-23 15:20:08,753 - INFO - Processing player 206/5011: Mike Bantom
2025-01-23 15:20:08,753 - INFO - Skipping Mike Bantom, updated recently
2025-01-23 15:20:08,753 - INFO - Processing player 206/5011: Dalano Banton
2025-01-23 15:20:08,753 - INFO - Skipping Dalano Banton, updated recently
2025-01-23 15:20:18,166 - INFO - Processing player 211/5011: Cat Barber
2025-01-23 15:20:18,166 - INFO - Skipping Cat Barber, updated recently
2025-01-23 15:20:18,166 - INFO - Processing player 211/5011: John Barber
2025-01-23 15:20:18,167 - INFO - Skipping John Barber, updated recently
2025-01-23 15:20:18,167 - INFO - Processing player 211/5011: Leandro Barbosa
2025-01-23 15:20:18,167 - INFO - Skipping Leandro Barbosa, updated recently
2025-01-23 15:20:18,167 - INFO - Processing player 211/5011: Stephen Bardo
2025-01-23 15:20:18,167 - INFO - Skipping Stephen Bardo, updated recently
2025-01-23 15:20:18,167 - INFO - Processing player 211/5011: J.J. Barea
2025-01-23 15:20:18,167 - INFO - Skipping J.J. Barea, updated recently
2025-01-23 15:20:29,788 - INFO - Processing player 216/5011: Andrea Bargnani
2025-01-23 15:20:29,788 - INFO - Skipping Andrea Bargnani, updated recently
2025-01-23 15:20:29,788 - INFO - Processing player 216/5011: Cliff Barker
2025-01-23 15:20:29,788 - INFO - Skipping Cliff Barker, updated recently
2025-01-23 15:20:29,788 - INFO - Processing player 216/5011: Tom Barker
2025-01-23 15:20:29,788 - INFO - Skipping Tom Barker, updated recently
2025-01-23 15:20:29,788 - INFO - Processing player 216/5011: Charles Barkley
2025-01-23 15:20:29,788 - INFO - Skipping Charles Barkley, updated recently
2025-01-23 15:20:29,788 - INFO - Processing player 216/5011: Erick Barkley
2025-01-23 15:20:29,788 - INFO - Skipping Erick Barkley, updated recently
2025-01-23 15:20:41,244 - INFO - Processing player 221/5011: Don Barksdale
2025-01-23 15:20:41,244 - INFO - Skipping Don Barksdale, updated recently
2025-01-23 15:20:41,244 - INFO - Processing player 221/5011: Dominick Barlow
2025-01-23 15:20:41,244 - INFO - Skipping Dominick Barlow, updated recently
2025-01-23 15:20:41,244 - INFO - Processing player 221/5011: Harrison Barnes
2025-01-23 15:20:41,244 - INFO - Skipping Harrison Barnes, updated recently
2025-01-23 15:20:41,244 - INFO - Processing player 221/5011: Harry Barnes
2025-01-23 15:20:41,244 - INFO - Skipping Harry Barnes, updated recently
2025-01-23 15:20:41,244 - INFO - Processing player 221/5011: Jim Barnes
2025-01-23 15:20:41,244 - INFO - Skipping Jim Barnes, updated recently
2025-01-23 15:20:51,057 - INFO - Processing player 226/5011: Marvin Barnes
2025-01-23 15:20:51,057 - INFO - Skipping Marvin Barnes, updated recently
2025-01-23 15:20:51,057 - INFO - Processing player 226/5011: Matt Barnes
2025-01-23 15:20:51,058 - INFO - Skipping Matt Barnes, updated recently
2025-01-23 15:20:51,058 - INFO - Processing player 226/5011: Scottie Barnes
2025-01-23 15:20:51,058 - INFO - Skipping Scottie Barnes, updated recently
2025-01-23 15:20:51,058 - INFO - Processing player 226/5011: Dick Barnett
2025-01-23 15:20:51,058 - INFO - Skipping Dick Barnett, updated recently
2025-01-23 15:20:51,058 - INFO - Processing player 226/5011: Jim Barnett
2025-01-23 15:20:51,058 - INFO - Skipping Jim Barnett, updated recently
2025-01-23 15:21:01,916 - INFO - Processing player 231/5011: John Barnhill
2025-01-23 15:21:01,916 - INFO - Skipping John Barnhill, updated recently
2025-01-23 15:21:01,916 - INFO - Processing player 231/5011: Norton Barnhill
2025-01-23 15:21:01,916 - INFO - Skipping Norton Barnhill, updated recently
2025-01-23 15:21:01,916 - INFO - Processing player 231/5011: Leo Barnhorst
2025-01-23 15:21:01,916 - INFO - Skipping Leo Barnhorst, updated recently
2025-01-23 15:21:01,916 - INFO - Processing player 231/5011: John Barr
2025-01-23 15:21:01,916 - INFO - Skipping John Barr, updated recently
2025-01-23 15:21:01,916 - INFO - Processing player 231/5011: Mike Barr
2025-01-23 15:21:01,916 - INFO - Skipping Mike Barr, updated recently
2025-01-23 15:21:11,779 - INFO - Processing player 236/5011: Thomas Barr
2025-01-23 15:21:11,779 - INFO - Skipping Thomas Barr, updated recently
2025-01-23 15:21:11,779 - INFO - Processing player 236/5011: Andre Barrett
2025-01-23 15:21:11,780 - INFO - Skipping Andre Barrett, updated recently
2025-01-23 15:21:11,780 - INFO - Processing player 236/5011: Ernie Barrett
2025-01-23 15:21:11,780 - INFO - Skipping Ernie Barrett, updated recently
2025-01-23 15:21:11,780 - INFO - Processing player 236/5011: RJ Barrett
2025-01-23 15:21:11,780 - INFO - Skipping RJ Barrett, updated recently
2025-01-23 15:21:11,780 - INFO - Processing player 236/5011: Earl Barron
2025-01-23 15:21:11,780 - INFO - Skipping Earl Barron, updated recently
2025-01-23 15:21:21,107 - INFO - Processing player 241/5011: Dana Barros
2025-01-23 15:21:21,107 - INFO - Skipping Dana Barros, updated recently
2025-01-23 15:21:21,107 - INFO - Processing player 241/5011: Brent Barry
2025-01-23 15:21:21,107 - INFO - Skipping Brent Barry, updated recently
2025-01-23 15:21:21,107 - INFO - Processing player 241/5011: Drew Barry
2025-01-23 15:21:21,107 - INFO - Skipping Drew Barry, updated recently
2025-01-23 15:21:21,107 - INFO - Processing player 241/5011: Jon Barry
2025-01-23 15:21:21,107 - INFO - Skipping Jon Barry, updated recently
2025-01-23 15:21:21,107 - INFO - Processing player 241/5011: Rick Barry
2025-01-23 15:21:21,107 - INFO - Skipping Rick Barry, updated recently
2025-01-23 15:21:30,862 - INFO - Processing player 246/5011: Ed Bartels
2025-01-23 15:21:30,863 - INFO - Skipping Ed Bartels, updated recently
2025-01-23 15:21:30,863 - INFO - Processing player 246/5011: Vic Bartolome
2025-01-23 15:21:30,863 - INFO - Skipping Vic Bartolome, updated recently
2025-01-23 15:21:30,863 - INFO - Processing player 246/5011: Will Barton
2025-01-23 15:21:30,863 - INFO - Skipping Will Barton, updated recently
2025-01-23 15:21:30,863 - INFO - Processing player 246/5011: Eddie Basden
2025-01-23 15:21:30,863 - INFO - Skipping Eddie Basden, updated recently
2025-01-23 15:21:30,863 - INFO - Processing player 246/5011: Jerry Baskerville
2025-01-23 15:21:30,863 - INFO - Skipping Jerry Baskerville, updated recently
2025-01-23 15:21:42,131 - INFO - Processing player 251/5011: Brandon Bass
2025-01-23 15:21:42,131 - INFO - Skipping Brandon Bass, updated recently
2025-01-23 15:21:42,131 - INFO - Processing player 251/5011: Paris Bass
2025-01-23 15:21:42,131 - INFO - Skipping Paris Bass, updated recently
2025-01-23 15:21:42,131 - INFO - Processing player 251/5011: Tim Bassett
2025-01-23 15:21:42,131 - INFO - Skipping Tim Bassett, updated recently
2025-01-23 15:21:42,131 - INFO - Processing player 251/5011: Charles Bassey
2025-01-23 15:21:42,131 - INFO - Skipping Charles Bassey, updated recently
2025-01-23 15:21:42,131 - INFO - Processing player 251/5011: Maceo Baston
2025-01-23 15:21:42,131 - INFO - Skipping Maceo Baston, updated recently
2025-01-23 15:21:51,131 - INFO - Processing player 256/5011: Mengke Bateer
2025-01-23 15:21:51,131 - INFO - Skipping Mengke Bateer, updated recently
2025-01-23 15:21:51,131 - INFO - Processing player 256/5011: Billyray Bates
2025-01-23 15:21:51,131 - INFO - Skipping Billyray Bates, updated recently
2025-01-23 15:21:51,131 - INFO - Processing player 256/5011: Emoni Bates
2025-01-23 15:21:51,131 - INFO - Skipping Emoni Bates, updated recently
2025-01-23 15:21:51,131 - INFO - Processing player 256/5011: Keita Bates-Diop
2025-01-23 15:21:51,131 - INFO - Skipping Keita Bates-Diop, updated recently
2025-01-23 15:21:51,131 - INFO - Processing player 256/5011: Esteban Batista
2025-01-23 15:21:51,132 - INFO - Skipping Esteban Batista, updated recently
2025-01-23 15:22:00,155 - INFO - Processing player 261/5011: Mike Batiste
2025-01-23 15:22:00,155 - INFO - Skipping Mike Batiste, updated recently
2025-01-23 15:22:00,155 - INFO - Processing player 261/5011: Tony Battie
2025-01-23 15:22:00,155 - INFO - Skipping Tony Battie, updated recently
2025-01-23 15:22:00,155 - INFO - Processing player 261/5011: Shane Battier
2025-01-23 15:22:00,155 - INFO - Skipping Shane Battier, updated recently
2025-01-23 15:22:00,155 - INFO - Processing player 261/5011: Jamison Battle
2025-01-23 15:22:00,155 - INFO - Skipping Jamison Battle, updated recently
2025-01-23 15:22:00,155 - INFO - Processing player 261/5011: John Battle
2025-01-23 15:22:00,155 - INFO - Skipping John Battle, updated recently
2025-01-23 15:22:10,561 - INFO - Processing player 266/5011: Kenny Battle
2025-01-23 15:22:10,561 - INFO - Skipping Kenny Battle, updated recently
2025-01-23 15:22:10,561 - INFO - Processing player 266/5011: Dave Batton
2025-01-23 15:22:10,561 - INFO - Skipping Dave Batton, updated recently
2025-01-23 15:22:10,561 - INFO - Processing player 266/5011: Nicolas Batum
2025-01-23 15:22:10,561 - INFO - Skipping Nicolas Batum, updated recently
2025-01-23 15:22:10,561 - INFO - Processing player 266/5011: Johnny Baum
2025-01-23 15:22:10,561 - INFO - Skipping Johnny Baum, updated recently
2025-01-23 15:22:10,561 - INFO - Processing player 266/5011: Frankie Baumholtz
2025-01-23 15:22:10,562 - INFO - Skipping Frankie Baumholtz, updated recently
2025-01-23 15:22:20,200 - INFO - Processing player 271/5011: Lonny Baxter
2025-01-23 15:22:20,200 - INFO - Skipping Lonny Baxter, updated recently
2025-01-23 15:22:20,200 - INFO - Processing player 271/5011: Jerryd Bayless
2025-01-23 15:22:20,200 - INFO - Skipping Jerryd Bayless, updated recently
2025-01-23 15:22:20,200 - INFO - Processing player 271/5011: Elgin Baylor
2025-01-23 15:22:20,200 - INFO - Skipping Elgin Baylor, updated recently
2025-01-23 15:22:20,200 - INFO - Processing player 271/5011: Aron Baynes
2025-01-23 15:22:20,200 - INFO - Skipping Aron Baynes, updated recently
2025-01-23 15:22:20,200 - INFO - Processing player 271/5011: Sergei Bazarevich
2025-01-23 15:22:20,200 - INFO - Skipping Sergei Bazarevich, updated recently
2025-01-23 15:22:29,673 - INFO - Processing player 276/5011: Kent Bazemore
2025-01-23 15:22:29,674 - INFO - Skipping Kent Bazemore, updated recently
2025-01-23 15:22:29,674 - INFO - Processing player 276/5011: Darius Bazley
2025-01-23 15:22:29,674 - INFO - Skipping Darius Bazley, updated recently
2025-01-23 15:22:29,674 - INFO - Processing player 276/5011: Ed Beach
2025-01-23 15:22:29,674 - INFO - Skipping Ed Beach, updated recently
2025-01-23 15:22:29,674 - INFO - Processing player 276/5011: Bradley Beal
2025-01-23 15:22:29,674 - INFO - Skipping Bradley Beal, updated recently
2025-01-23 15:22:29,674 - INFO - Processing player 276/5011: Butch Beard
2025-01-23 15:22:29,674 - INFO - Skipping Butch Beard, updated recently
2025-01-23 15:22:37,917 - INFO - Processing player 281/5011: Ralph Beard
2025-01-23 15:22:37,917 - INFO - Skipping Ralph Beard, updated recently
2025-01-23 15:22:37,917 - INFO - Processing player 281/5011: Jerome Beasley
2025-01-23 15:22:37,918 - INFO - Skipping Jerome Beasley, updated recently
2025-01-23 15:22:37,918 - INFO - Processing player 281/5011: Malik Beasley
2025-01-23 15:22:37,918 - INFO - Skipping Malik Beasley, updated recently
2025-01-23 15:22:37,918 - INFO - Processing player 281/5011: Michael Beasley
2025-01-23 15:22:37,918 - INFO - Skipping Michael Beasley, updated recently
2025-01-23 15:22:37,918 - INFO - Processing player 281/5011: Zelmo Beaty
2025-01-23 15:22:37,918 - INFO - Skipping Zelmo Beaty, updated recently
2025-01-23 15:22:48,561 - INFO - Processing player 286/5011: Rodrigue Beaubois
2025-01-23 15:22:48,561 - INFO - Skipping Rodrigue Beaubois, updated recently
2025-01-23 15:22:48,561 - INFO - Processing player 286/5011: MarJon Beauchamp
2025-01-23 15:22:48,561 - INFO - Skipping MarJon Beauchamp, updated recently
2025-01-23 15:22:48,561 - INFO - Processing player 286/5011: Byron Beck
2025-01-23 15:22:48,561 - INFO - Skipping Byron Beck, updated recently
2025-01-23 15:22:48,561 - INFO - Processing player 286/5011: Corey Beck
2025-01-23 15:22:48,562 - INFO - Skipping Corey Beck, updated recently
2025-01-23 15:22:48,562 - INFO - Processing player 286/5011: Ernie Beck
2025-01-23 15:22:48,562 - INFO - Skipping Ernie Beck, updated recently
2025-01-23 15:22:59,969 - INFO - Processing player 291/5011: Moe Becker
2025-01-23 15:22:59,969 - INFO - Skipping Moe Becker, updated recently
2025-01-23 15:22:59,969 - INFO - Processing player 291/5011: William Bedford
2025-01-23 15:22:59,969 - INFO - Skipping William Bedford, updated recently
2025-01-23 15:22:59,969 - INFO - Processing player 291/5011: Reece Beekman
2025-01-23 15:22:59,969 - INFO - Skipping Reece Beekman, updated recently
2025-01-23 15:22:59,969 - INFO - Processing player 291/5011: Hank Beenders
2025-01-23 15:22:59,970 - INFO - Skipping Hank Beenders, updated recently
2025-01-23 15:22:59,970 - INFO - Processing player 291/5011: Ron Behagen
2025-01-23 15:22:59,970 - INFO - Skipping Ron Behagen, updated recently
2025-01-23 15:23:08,398 - INFO - Processing player 296/5011: Elmer Behnke
2025-01-23 15:23:08,398 - INFO - Skipping Elmer Behnke, updated recently
2025-01-23 15:23:08,398 - INFO - Processing player 296/5011: Marco Belinelli
2025-01-23 15:23:08,398 - INFO - Skipping Marco Belinelli, updated recently
2025-01-23 15:23:08,398 - INFO - Processing player 296/5011: Charlie Bell
2025-01-23 15:23:08,398 - INFO - Skipping Charlie Bell, updated recently
2025-01-23 15:23:08,398 - INFO - Processing player 296/5011: Dennis Bell
2025-01-23 15:23:08,398 - INFO - Skipping Dennis Bell, updated recently
2025-01-23 15:23:08,398 - INFO - Processing player 296/5011: Jordan Bell
2025-01-23 15:23:08,398 - INFO - Skipping Jordan Bell, updated recently
2025-01-23 15:23:17,158 - INFO - Processing player 301/5011: Raja Bell
2025-01-23 15:23:17,158 - INFO - Skipping Raja Bell, updated recently
2025-01-23 15:23:17,158 - INFO - Processing player 301/5011: Troy Bell
2025-01-23 15:23:38,567 - WARNING - Attempt 1 failed for player 2559. Waiting 6.77 seconds. Error: ('Connection aborted.', ConnectionResetError(10054, 'An existing connection was forcibly closed by the remote host', None, 10054, None))
2025-01-23 15:24:17,857 - WARNING - Attempt 2 failed for player 2559. Waiting 11.40 seconds. Error: ('Connection aborted.', ConnectionResetError(10054, 'An existing connection was forcibly closed by the remote host', None, 10054, None))
2025-01-23 15:25:11,047 - WARNING - Attempt 3 failed for player 2559. Waiting 20.97 seconds. Error: ('Connection aborted.', ConnectionResetError(10054, 'An existing connection was forcibly closed by the remote host', None, 10054, None))
2025-01-23 15:26:32,936 - WARNING - Attempt 4 failed for player 2559. Waiting 41.78 seconds. Error: ('Connection aborted.', ConnectionResetError(10054, 'An existing connection was forcibly closed by the remote host', None, 10054, None))
2025-01-23 15:28:57,277 - WARNING - Attempt 5 failed for player 2559. Waiting 80.32 seconds. Error: ('Connection aborted.', ConnectionResetError(10054, 'An existing connection was forcibly closed by the remote host', None, 10054, None))
2025-01-23 15:28:57,277 - ERROR - Error processing player Troy Bell: ('Connection aborted.', ConnectionResetError(10054, 'An existing connection was forcibly closed by the remote host', None, 10054, None))
2025-01-23 15:28:57,277 - INFO - Processing player 301/5011: William Bell
2025-01-23 15:29:57,321 - WARNING - Attempt 1 failed for player 76143. Waiting 5.62 seconds. Error: HTTPSConnectionPool(host='stats.nba.com', port=443): Read timed out. (read timeout=60)
2025-01-23 15:34:45,171 - INFO - Already processed 300 players today. Waiting until 2025-01-24 00:00:00 to resume...
2025-01-27 11:16:55,644 - INFO - Script manually interrupted. Will resume from last processed player when restarted.
2025-01-27 11:17:01,454 - INFO - Starting/Resuming processing of 10 remaining players
2025-01-27 11:17:01,454 - INFO - Processing player 1/10: RayJ Dennis
2025-01-27 11:17:22,868 - WARNING - Attempt 1 failed for player 1642484. Waiting 23.86 seconds. Error: ('Connection aborted.', ConnectionResetError(10054, 'An existing connection was forcibly closed by the remote host', None, 10054, None))
2025-01-27 11:19:40,650 - WARNING - Attempt 2 failed for player 1642484. Waiting 40.81 seconds. Error: HTTPSConnectionPool(host='stats.nba.com', port=443): Read timed out. (read timeout=90)
2025-01-27 11:22:32,303 - WARNING - Attempt 3 failed for player 1642484. Waiting 80.92 seconds. Error: HTTPSConnectionPool(host='stats.nba.com', port=443): Read timed out. (read timeout=90)
2025-01-27 11:25:33,132 - WARNING - Attempt 4 failed for player 1642484. Waiting 165.14 seconds. Error: ('Connection aborted.', ConnectionResetError(10054, 'An existing connection was forcibly closed by the remote host', None, 10054, None))
2025-01-27 11:26:09,554 - INFO - Script manually interrupted. Will resume from last processed player when restarted.
2025-01-27 11:27:09,572 - INFO - Starting to fetch data for 5011 players
2025-01-27 11:27:09,572 - INFO - Processing player 1/10: RayJ Dennis
2025-01-27 11:27:22,195 - INFO - Successfully saved data for RayJ Dennis
2025-01-27 11:27:22,196 - INFO - Processing player 1/10: Alex Ducas
2025-01-27 11:27:35,132 - INFO - Successfully saved data for Alex Ducas
2025-01-27 11:27:35,132 - INFO - Processing player 1/10: Daniss Jenkins
2025-01-27 11:27:48,898 - INFO - Successfully saved data for Daniss Jenkins
2025-01-27 11:27:48,898 - INFO - Completed batch. Waiting 23.44 seconds before next batch...
2025-01-27 11:28:12,336 - INFO - Processing player 4/10: Spencer Jones
2025-01-27 11:28:26,045 - INFO - Successfully saved data for Spencer Jones
2025-01-27 11:28:26,045 - INFO - Processing player 4/10: Yuki Kawamura
2025-01-27 11:28:35,366 - INFO - Successfully saved data for Yuki Kawamura
2025-01-27 11:28:35,366 - INFO - Processing player 4/10: Malevy Leons
2025-01-27 11:28:45,659 - INFO - Successfully saved data for Malevy Leons
2025-01-27 11:28:45,659 - INFO - Completed batch. Waiting 21.74 seconds before next batch...
2025-01-27 11:29:07,397 - INFO - Processing player 7/10: Riley Minix
2025-01-27 11:29:20,201 - INFO - Successfully saved data for Riley Minix
2025-01-27 11:29:20,201 - INFO - Processing player 7/10: Quincy Olivari
2025-01-27 11:29:30,751 - INFO - Successfully saved data for Quincy Olivari
2025-01-27 11:29:30,751 - INFO - Processing player 7/10: Tolu Smith
2025-01-27 11:29:40,619 - INFO - Completed batch. Waiting 20.52 seconds before next batch...
2025-01-27 11:30:01,141 - INFO - Processing player 10/10: Armel Traore
2025-01-27 11:30:12,748 - INFO - Successfully saved data for Armel Traore
2025-01-27 11:30:12,748 - INFO - Completed batch. Waiting 15.31 seconds before next batch...
2025-01-27 11:30:28,059 - INFO - All players processed successfully!
2025-01-27 11:32:04,604 - INFO - Starting to fetch data for 5011 players
2025-01-27 11:32:04,605 - INFO - All players processed!
2025-01-27 11:32:04,608 - INFO - All players processed successfully!
2025-01-27 11:56:39,421 - INFO - Starting to fetch data for 5011 players
2025-01-27 11:56:39,421 - INFO - Processing player 1/5011: Alaa Abdelnaby
2025-01-27 11:56:41,170 - INFO - Successful request. Waiting 19.50 seconds before next request...
2025-01-27 11:57:13,650 - INFO - Successfully saved data for Alaa Abdelnaby
2025-01-27 11:57:13,650 - INFO - Processing player 2/5011: Zaid Abdul-Aziz
2025-01-27 11:57:14,496 - INFO - Successful request. Waiting 19.93 seconds before next request...
2025-01-27 11:57:44,943 - INFO - Successfully saved data for Zaid Abdul-Aziz
2025-01-27 11:57:44,944 - INFO - Completed batch. Waiting 45.09 seconds before next batch...
2025-01-27 11:58:28,321 - INFO - Script manually interrupted. Will resume from last processed player when restarted.
