2025-01-28 10:51:01,105 - ERROR - Fatal error during migration: no such table: players
2025-01-28 10:51:01,105 - ERROR - Migration failed: no such table: players
2025-01-28 10:51:12,566 - ERROR - Fatal error during migration: no such table: players
2025-01-28 10:51:12,567 - ERROR - Migration failed: no such table: players
2025-01-28 10:52:50,305 - ERROR - Fatal error during migration: no such table: players
2025-01-28 10:52:50,305 - ERROR - Migration failed: no such table: players
2025-01-28 10:53:44,900 - ERROR - Fatal error during migration: no such table: players
2025-01-28 10:53:44,900 - ERROR - Migration failed: no such table: players
2025-01-28 11:07:02,327 - ERROR - Fatal error during migration: no such table: players
2025-01-28 11:07:02,327 - ERROR - Migration failed: no such table: players
2025-01-28 11:11:15,804 - INFO - Connecting to Kaggle DB at: C:\Users\munee\OneDrive\Desktop\NFL-NBA-Stats-Predictor\backend\scripts\..\data\nba.sqlite
2025-01-28 11:11:15,821 - INFO - Found 535 players to process
2025-01-28 11:11:23,466 - INFO - Data migration completed successfully
2025-01-28 11:14:32,074 - INFO - Connecting to Kaggle DB at: C:\Users\munee\OneDrive\Desktop\NFL-NBA-Stats-Predictor\backend\scripts\..\data\nba.sqlite
2025-01-28 11:14:32,104 - INFO - Found 535 active players
2025-01-28 11:14:33,815 - INFO - Processed 1/535: Precious Achiuwa
2025-01-28 11:14:35,524 - INFO - Processed 2/535: Steven Adams
2025-01-28 11:14:37,209 - INFO - Processed 3/535: Bam Adebayo
2025-01-28 11:14:38,907 - INFO - Processed 4/535: Ochai Agbaji
2025-01-28 11:14:40,599 - INFO - Processed 5/535: Santi Aldama
2025-01-28 11:14:42,280 - INFO - Processed 6/535: Nickeil Alexander-Walker
2025-01-28 11:14:43,987 - INFO - Processed 7/535: Grayson Allen
2025-01-28 11:14:45,841 - INFO - Processed 8/535: Jarrett Allen
2025-01-28 11:14:47,838 - INFO - Processed 9/535: Jose Alvarado
2025-01-28 11:14:49,794 - INFO - Processed 10/535: Kyle Anderson
2025-01-28 11:14:51,566 - INFO - Processed 11/535: Giannis Antetokounmpo
2025-01-28 11:14:53,335 - INFO - Processed 12/535: Thanasis Antetokounmpo
2025-01-28 11:14:55,105 - INFO - Processed 13/535: Cole Anthony
2025-01-28 11:14:56,829 - INFO - Processed 14/535: O.G. Anunoby
2025-01-28 11:14:58,531 - INFO - Processed 15/535: Ryan Arcidiacono
2025-01-28 11:15:00,236 - INFO - Processed 16/535: Deni Avdija
2025-01-28 11:15:02,175 - INFO - Processed 17/535: Deandre Ayton
2025-01-28 11:15:03,959 - INFO - Processed 18/535: Udoka Azubuike
2025-01-28 11:15:05,733 - INFO - Processed 19/535: Ibou Badji
2025-01-28 11:15:07,506 - INFO - Processed 20/535: Marvin Bagley III
2025-01-28 11:15:09,259 - INFO - Processed 21/535: Patrick Baldwin Jr.
2025-01-28 11:15:11,082 - INFO - Processed 22/535: LaMelo Ball
2025-01-28 11:15:13,139 - INFO - Processed 23/535: Lonzo Ball
2025-01-28 11:15:15,029 - INFO - Processed 24/535: Mo Bamba
2025-01-28 11:15:16,895 - INFO - Processed 25/535: Paolo Banchero
2025-01-28 11:15:18,646 - INFO - Processed 26/535: Desmond Bane
2025-01-28 11:15:20,455 - INFO - Processed 27/535: Dalano Banton
2025-01-28 11:15:22,241 - INFO - Processed 28/535: Dominick Barlow
2025-01-28 11:15:24,047 - INFO - Processed 29/535: Harrison Barnes
2025-01-28 11:15:25,891 - INFO - Processed 30/535: Scottie Barnes
2025-01-28 11:15:27,756 - INFO - Processed 31/535: RJ Barrett
2025-01-28 11:15:29,634 - INFO - Processed 32/535: Will Barton
2025-01-28 11:15:31,719 - INFO - Processed 33/535: Charles Bassey
2025-01-28 11:15:33,644 - INFO - Processed 34/535: Keita Bates-Diop
2025-01-28 11:15:35,608 - INFO - Processed 35/535: Nicolas Batum
2025-01-28 11:15:37,540 - INFO - Processed 36/535: Darius Bazley
2025-01-28 11:15:39,385 - INFO - Processed 37/535: Bradley Beal
2025-01-28 11:15:41,149 - INFO - Processed 38/535: Malik Beasley
2025-01-28 11:15:43,035 - INFO - Processed 39/535: MarJon Beauchamp
2025-01-28 11:15:45,774 - INFO - Processed 40/535: Davis Bertans
2025-01-28 11:15:47,727 - INFO - Processed 41/535: Patrick Beverley
2025-01-28 11:15:50,293 - INFO - Processed 42/535: Saddiq Bey
2025-01-28 11:15:52,440 - INFO - Processed 43/535: Khem Birch
2025-01-28 11:15:54,345 - INFO - Processed 44/535: Goga Bitadze
2025-01-28 11:15:56,202 - INFO - Processed 45/535: Bismack Biyombo
2025-01-28 11:15:57,961 - INFO - Processed 46/535: Buddy Boeheim
2025-01-28 11:15:59,709 - INFO - Processed 47/535: Bogdan Bogdanovic
2025-01-28 11:16:01,498 - INFO - Processed 48/535: Bojan Bogdanovic
2025-01-28 11:16:03,288 - INFO - Processed 49/535: Bol Bol
2025-01-28 11:16:05,086 - INFO - Processed 50/535: Leandro Bolmaro
2025-01-28 11:16:06,864 - INFO - Processed 51/535: Devin Booker
2025-01-28 11:16:08,602 - INFO - Processed 52/535: Brandon Boston Jr.
2025-01-28 11:16:10,365 - INFO - Processed 53/535: Chris Boucher
2025-01-28 11:16:12,104 - INFO - Processed 54/535: James Bouknight
2025-01-28 11:16:13,899 - INFO - Processed 55/535: Jamaree Bouyea
2025-01-28 11:16:15,694 - INFO - Processed 56/535: Tony Bradley
2025-01-28 11:16:17,458 - INFO - Processed 57/535: Malaki Branham
2025-01-28 11:16:19,202 - INFO - Processed 58/535: Jarrell Brantley
2025-01-28 11:16:20,974 - INFO - Processed 59/535: Christian Braun
2025-01-28 11:16:22,904 - INFO - Processed 60/535: Mikal Bridges
2025-01-28 11:16:24,768 - INFO - Processed 61/535: Oshae Brissett
2025-01-28 11:16:26,790 - INFO - Processed 62/535: Malcolm Brogdon
2025-01-28 11:16:28,593 - INFO - Processed 63/535: Dillon Brooks
2025-01-28 11:16:30,397 - INFO - Processed 64/535: Bruce Brown
2025-01-28 11:16:32,351 - INFO - Processed 65/535: Jaylen Brown
2025-01-28 11:16:34,441 - INFO - Processed 66/535: Kendall Brown
2025-01-28 11:16:36,195 - INFO - Processed 67/535: Moses Brown
2025-01-28 11:16:37,972 - INFO - Processed 68/535: Sterling Brown
2025-01-28 11:16:39,861 - INFO - Processed 69/535: Greg Brown III
2025-01-28 11:16:41,684 - INFO - Processed 70/535: Troy Brown Jr.
2025-01-28 11:16:43,446 - INFO - Processed 71/535: Jalen Brunson
2025-01-28 11:16:45,230 - INFO - Processed 72/535: Thomas Bryant
2025-01-28 11:16:46,983 - INFO - Processed 73/535: Reggie Bullock
2025-01-28 11:16:48,730 - INFO - Processed 74/535: Alec Burks
2025-01-28 11:16:50,475 - INFO - Processed 75/535: Deonte Burton
2025-01-28 11:16:52,205 - INFO - Processed 76/535: Jared Butler
2025-01-28 11:16:53,957 - INFO - Processed 77/535: Jimmy Butler
2025-01-28 11:16:55,680 - INFO - Processed 78/535: John Butler Jr.
2025-01-28 11:16:57,433 - INFO - Processed 79/535: Jamal Cain
2025-01-28 11:16:59,171 - INFO - Processed 80/535: Kentavious Caldwell-Pope
2025-01-28 11:17:00,892 - INFO - Processed 81/535: Facundo Campazzo
2025-01-28 11:17:02,632 - INFO - Processed 82/535: Vlatko Cancar
2025-01-28 11:17:04,405 - INFO - Processed 83/535: Clint Capela
2025-01-28 11:17:06,151 - INFO - Processed 84/535: Vernon Carey Jr.
2025-01-28 11:17:07,903 - INFO - Processed 85/535: Jevon Carter
2025-01-28 11:17:09,640 - INFO - Processed 86/535: Wendell Carter Jr.
2025-01-28 11:17:11,401 - INFO - Processed 87/535: Michael Carter-Williams
2025-01-28 11:17:13,119 - INFO - Processed 88/535: Alex Caruso
2025-01-28 11:17:14,860 - INFO - Processed 89/535: Julian Champagnie
2025-01-28 11:17:16,590 - INFO - Processed 90/535: Justin Champagnie
2025-01-28 11:17:18,309 - INFO - Processed 91/535: Kennedy Chandler
2025-01-28 11:17:20,051 - INFO - Processed 92/535: Max Christie
2025-01-28 11:17:21,789 - INFO - Processed 93/535: Josh Christopher
2025-01-28 11:17:23,510 - INFO - Processed 94/535: Brandon Clarke
2025-01-28 11:17:25,265 - INFO - Processed 95/535: Jordan Clarkson
2025-01-28 11:17:26,987 - INFO - Processed 96/535: Nic Claxton
2025-01-28 11:17:28,755 - INFO - Processed 97/535: Amir Coffey
2025-01-28 11:17:30,477 - INFO - Processed 98/535: John Collins
2025-01-28 11:17:32,209 - INFO - Processed 99/535: Zach Collins
2025-01-28 11:17:33,980 - INFO - Processed 100/535: Mike Conley
2025-01-28 11:17:35,749 - INFO - Processed 101/535: Pat Connaughton
2025-01-28 11:17:37,489 - INFO - Processed 102/535: Xavier Cooks
2025-01-28 11:17:39,253 - INFO - Processed 103/535: Robert Covington
2025-01-28 11:17:41,015 - INFO - Processed 104/535: Torrey Craig
2025-01-28 11:17:42,810 - INFO - Processed 105/535: Jae Crowder
2025-01-28 11:17:44,593 - INFO - Processed 106/535: Jarrett Culver
2025-01-28 11:17:46,440 - INFO - Processed 107/535: Cade Cunningham
2025-01-28 11:17:48,217 - INFO - Processed 108/535: Seth Curry
2025-01-28 11:17:50,107 - INFO - Processed 109/535: Stephen Curry
2025-01-28 11:17:52,110 - INFO - Processed 110/535: Dyson Daniels
2025-01-28 11:17:54,060 - INFO - Processed 111/535: Anthony Davis
2025-01-28 11:17:55,925 - INFO - Processed 112/535: Johnny Davis
2025-01-28 11:17:57,818 - INFO - Processed 113/535: Terence Davis
2025-01-28 11:17:59,616 - INFO - Processed 114/535: JD Davison
2025-01-28 11:18:01,402 - INFO - Processed 115/535: Darius Days
2025-01-28 11:18:03,274 - INFO - Processed 116/535: DeMar DeRozan
2025-01-28 11:18:05,092 - INFO - Processed 117/535: Dewayne Dedmon
2025-01-28 11:18:06,910 - INFO - Processed 118/535: Matthew Dellavedova
2025-01-28 11:18:08,721 - INFO - Processed 119/535: Donte DiVincenzo
2025-01-28 11:18:10,506 - INFO - Processed 120/535: Moussa Diabate
2025-01-28 11:18:12,314 - INFO - Processed 121/535: Mamadi Diakite
2025-01-28 11:18:14,153 - INFO - Processed 122/535: Hamidou Diallo
2025-01-28 11:18:15,982 - INFO - Processed 123/535: Gorgui Dieng
2025-01-28 11:18:17,763 - INFO - Processed 124/535: Ousmane Dieng
2025-01-28 11:18:19,560 - INFO - Processed 125/535: Spencer Dinwiddie
2025-01-28 11:18:21,276 - INFO - Processed 126/535: Luka Doncic
2025-01-28 11:18:23,009 - INFO - Processed 127/535: Tyler Dorsey
2025-01-28 11:18:24,754 - INFO - Processed 128/535: Luguentz Dort
2025-01-28 11:18:26,451 - INFO - Processed 129/535: Ayo Dosunmu
2025-01-28 11:18:28,158 - INFO - Processed 130/535: Devon Dotson
2025-01-28 11:18:29,841 - INFO - Processed 131/535: Jeff Dowtin Jr.
2025-01-28 11:18:31,540 - INFO - Processed 132/535: PJ Dozier
2025-01-28 11:18:33,281 - INFO - Processed 133/535: Goran Dragic
2025-01-28 11:18:34,999 - INFO - Processed 134/535: Andre Drummond
2025-01-28 11:18:36,694 - INFO - Processed 135/535: Chris Duarte
2025-01-28 11:18:38,397 - INFO - Processed 136/535: David Duke Jr.
2025-01-28 11:18:40,088 - INFO - Processed 137/535: Kris Dunn
2025-01-28 11:18:41,810 - INFO - Processed 138/535: Kevin Durant
2025-01-28 11:18:43,513 - INFO - Processed 139/535: Jalen Duren
2025-01-28 11:18:45,217 - INFO - Processed 140/535: Tari Eason
2025-01-28 11:18:46,914 - INFO - Processed 141/535: Anthony Edwards
2025-01-28 11:18:48,601 - INFO - Processed 142/535: Kessler Edwards
2025-01-28 11:18:50,305 - INFO - Processed 143/535: Keon Ellis
2025-01-28 11:18:52,019 - INFO - Processed 144/535: Joel Embiid
2025-01-28 11:18:53,722 - INFO - Processed 145/535: Drew Eubanks
2025-01-28 11:18:55,427 - INFO - Processed 146/535: Bruno Fernando
2025-01-28 11:18:57,134 - INFO - Processed 147/535: Dorian Finney-Smith
2025-01-28 11:18:58,827 - INFO - Processed 148/535: Malachi Flynn
2025-01-28 11:19:00,527 - INFO - Processed 149/535: Simone Fontecchio
2025-01-28 11:19:02,255 - INFO - Processed 150/535: Bryn Forbes
2025-01-28 11:19:03,954 - INFO - Processed 151/535: Trent Forrest
2025-01-28 11:19:05,654 - INFO - Processed 152/535: Michael Foster Jr.
2025-01-28 11:19:07,381 - INFO - Processed 153/535: Evan Fournier
2025-01-28 11:19:09,103 - INFO - Processed 154/535: De'Aaron Fox
2025-01-28 11:19:10,798 - INFO - Processed 155/535: Markelle Fultz
2025-01-28 11:19:12,497 - INFO - Processed 156/535: Wenyen Gabriel
2025-01-28 11:19:14,223 - INFO - Processed 157/535: Daniel Gafford
2025-01-28 11:19:15,935 - INFO - Processed 158/535: Danilo Gallinari
2025-01-28 11:19:17,642 - INFO - Processed 159/535: Darius Garland
2025-01-28 11:19:19,343 - INFO - Processed 160/535: Usman Garuba
2025-01-28 11:19:21,034 - INFO - Processed 161/535: Luka Garza
2025-01-28 11:19:22,736 - INFO - Processed 162/535: Rudy Gay
2025-01-28 11:19:24,478 - INFO - Processed 163/535: Paul George
2025-01-28 11:19:26,191 - INFO - Processed 164/535: Taj Gibson
2025-01-28 11:19:27,882 - INFO - Processed 165/535: Josh Giddey
2025-01-28 11:19:29,598 - INFO - Processed 166/535: Shai Gilgeous-Alexander
2025-01-28 11:19:31,299 - INFO - Processed 167/535: Anthony Gill
2025-01-28 11:19:32,999 - INFO - Processed 168/535: Collin Gillespie
2025-01-28 11:19:34,712 - INFO - Processed 169/535: Rudy Gobert
2025-01-28 11:19:36,409 - INFO - Processed 170/535: Jordan Goodwin
2025-01-28 11:19:38,123 - INFO - Processed 171/535: Aaron Gordon
2025-01-28 11:19:39,857 - INFO - Processed 172/535: Eric Gordon
2025-01-28 11:19:41,554 - INFO - Processed 173/535: Devonte' Graham
2025-01-28 11:19:43,272 - INFO - Processed 174/535: Jerami Grant
2025-01-28 11:19:44,964 - INFO - Processed 175/535: AJ Green
2025-01-28 11:19:46,666 - INFO - Processed 176/535: Danny Green
2025-01-28 11:19:48,387 - INFO - Processed 177/535: Draymond Green
2025-01-28 11:19:50,081 - INFO - Processed 178/535: JaMychal Green
2025-01-28 11:19:51,762 - INFO - Processed 179/535: Jalen Green
2025-01-28 11:19:53,445 - INFO - Processed 180/535: Javonte Green
2025-01-28 11:19:55,238 - INFO - Processed 181/535: Jeff Green
2025-01-28 11:19:57,058 - INFO - Processed 182/535: Josh Green
2025-01-28 11:19:58,853 - INFO - Processed 183/535: AJ Griffin
2025-01-28 11:20:00,588 - INFO - Processed 184/535: Blake Griffin
2025-01-28 11:20:02,480 - INFO - Processed 185/535: Quentin Grimes
2025-01-28 11:20:04,190 - INFO - Processed 186/535: Rui Hachimura
2025-01-28 11:20:05,892 - INFO - Processed 187/535: Tyrese Haliburton
2025-01-28 11:20:07,604 - INFO - Processed 188/535: Jordan Hall
2025-01-28 11:20:09,312 - INFO - Processed 189/535: R.J. Hampton
2025-01-28 11:20:11,033 - INFO - Processed 190/535: Tim Hardaway Jr.
2025-01-28 11:20:12,832 - INFO - Processed 191/535: James Harden
2025-01-28 11:20:14,531 - INFO - Processed 192/535: Jaden Hardy
2025-01-28 11:20:16,217 - INFO - Processed 193/535: Ron Harper Jr.
2025-01-28 11:20:17,958 - INFO - Processed 194/535: Montrezl Harrell
2025-01-28 11:20:19,678 - INFO - Processed 195/535: Gary Harris
2025-01-28 11:20:21,381 - INFO - Processed 196/535: Joe Harris
2025-01-28 11:20:23,075 - INFO - Processed 197/535: Kevon Harris
2025-01-28 11:20:24,787 - INFO - Processed 198/535: Tobias Harris
2025-01-28 11:20:26,498 - INFO - Processed 199/535: Josh Hart
2025-01-28 11:20:28,204 - INFO - Processed 200/535: Isaiah Hartenstein
2025-01-28 11:20:29,897 - INFO - Processed 201/535: Udonis Haslem
2025-01-28 11:20:31,591 - INFO - Processed 202/535: Sam Hauser
2025-01-28 11:20:33,295 - INFO - Processed 203/535: Jaxson Hayes
2025-01-28 11:20:34,990 - INFO - Processed 204/535: Killian Hayes
2025-01-28 11:20:36,698 - INFO - Processed 205/535: Gordon Hayward
2025-01-28 11:20:38,391 - INFO - Processed 206/535: Juancho Hernangomez
2025-01-28 11:20:40,115 - INFO - Processed 207/535: Willy Hernangomez
2025-01-28 11:20:41,818 - INFO - Processed 208/535: Tyler Herro
2025-01-28 11:20:43,513 - INFO - Processed 209/535: Buddy Hield
2025-01-28 11:20:45,205 - INFO - Processed 210/535: Haywood Highsmith
2025-01-28 11:20:46,917 - INFO - Processed 211/535: George Hill
2025-01-28 11:20:48,619 - INFO - Processed 212/535: Malcolm Hill
2025-01-28 11:20:50,309 - INFO - Processed 213/535: Aaron Holiday
2025-01-28 11:20:52,034 - INFO - Processed 214/535: Jrue Holiday
2025-01-28 11:20:53,745 - INFO - Processed 215/535: Justin Holiday
2025-01-28 11:20:55,449 - INFO - Processed 216/535: Richaun Holmes
2025-01-28 11:20:57,140 - INFO - Processed 217/535: Chet Holmgren
2025-01-28 11:20:58,845 - INFO - Processed 218/535: Al Horford
2025-01-28 11:21:00,528 - INFO - Processed 219/535: Talen Horton-Tucker
2025-01-28 11:21:02,230 - INFO - Processed 220/535: Danuel House Jr.
2025-01-28 11:21:03,925 - INFO - Processed 221/535: Caleb Houstan
2025-01-28 11:21:05,604 - INFO - Processed 222/535: Trevor Hudgins
2025-01-28 11:21:07,301 - INFO - Processed 223/535: Kevin Huerter
2025-01-28 11:21:09,008 - INFO - Processed 224/535: Jay Huff
2025-01-28 11:21:10,703 - INFO - Processed 225/535: De'Andre Hunter
2025-01-28 11:21:12,393 - INFO - Processed 226/535: Bones Hyland
2025-01-28 11:21:14,104 - INFO - Processed 227/535: Serge Ibaka
2025-01-28 11:21:15,815 - INFO - Processed 228/535: Andre Iguodala
2025-01-28 11:21:17,534 - INFO - Processed 229/535: Joe Ingles
2025-01-28 11:21:19,230 - INFO - Processed 230/535: Brandon Ingram
2025-01-28 11:21:20,948 - INFO - Processed 231/535: Kyrie Irving
2025-01-28 11:21:22,642 - INFO - Processed 232/535: Jonathan Isaac
2025-01-28 11:21:24,325 - INFO - Processed 233/535: Jaden Ivey
2025-01-28 11:21:26,014 - INFO - Processed 234/535: Frank Jackson
2025-01-28 11:21:27,706 - INFO - Processed 235/535: Isaiah Jackson
2025-01-28 11:21:29,394 - INFO - Processed 236/535: Justin Jackson
2025-01-28 11:21:31,088 - INFO - Processed 237/535: Quenton Jackson
2025-01-28 11:21:32,798 - INFO - Processed 238/535: Reggie Jackson
2025-01-28 11:21:34,484 - INFO - Processed 239/535: Jaren Jackson Jr.
2025-01-28 11:21:36,197 - INFO - Processed 240/535: LeBron James
2025-01-28 11:21:37,877 - INFO - Processed 241/535: DaQuan Jeffries
2025-01-28 11:21:39,565 - INFO - Processed 242/535: Ty Jerome
2025-01-28 11:21:41,251 - INFO - Processed 243/535: Isaiah Joe
2025-01-28 11:21:42,938 - INFO - Processed 244/535: Alize Johnson
2025-01-28 11:21:44,645 - INFO - Processed 245/535: Cameron Johnson
2025-01-28 11:21:46,360 - INFO - Processed 246/535: Jalen Johnson
2025-01-28 11:21:48,072 - INFO - Processed 247/535: James Johnson
2025-01-28 11:21:49,775 - INFO - Processed 248/535: Keldon Johnson
2025-01-28 11:21:51,470 - INFO - Processed 249/535: Keon Johnson
2025-01-28 11:21:53,163 - INFO - Processed 250/535: Stanley Johnson
2025-01-28 11:21:54,888 - INFO - Processed 251/535: Nikola Jokic
2025-01-28 11:21:56,572 - INFO - Processed 252/535: Carlik Jones
2025-01-28 11:21:58,272 - INFO - Processed 253/535: Damian Jones
2025-01-28 11:21:59,952 - INFO - Processed 254/535: Herbert Jones
2025-01-28 11:22:01,650 - INFO - Processed 255/535: Kai Jones
2025-01-28 11:22:03,353 - INFO - Processed 256/535: Tre Jones
2025-01-28 11:22:05,042 - INFO - Processed 257/535: Tyus Jones
2025-01-28 11:22:06,748 - INFO - Processed 258/535: Derrick Jones Jr.
2025-01-28 11:22:08,465 - INFO - Processed 259/535: DeAndre Jordan
2025-01-28 11:22:10,224 - INFO - Processed 260/535: Cory Joseph
2025-01-28 11:22:12,124 - INFO - Processed 261/535: Nikola Jovic
2025-01-28 11:22:14,013 - INFO - Processed 262/535: Johnny Juzang
2025-01-28 11:22:15,845 - INFO - Processed 263/535: Mfiondu Kabengele
2025-01-28 11:22:17,660 - INFO - Processed 264/535: Frank Kaminsky
2025-01-28 11:22:19,448 - INFO - Processed 265/535: Trevor Keels
2025-01-28 11:22:21,231 - INFO - Processed 266/535: Luke Kennard
2025-01-28 11:22:23,033 - INFO - Processed 267/535: Walker Kessler
2025-01-28 11:22:24,826 - INFO - Processed 268/535: Braxton Key
2025-01-28 11:22:26,626 - INFO - Processed 269/535: Louis King
2025-01-28 11:22:28,430 - INFO - Processed 270/535: Corey Kispert
2025-01-28 11:22:30,244 - INFO - Processed 271/535: Maxi Kleber
2025-01-28 11:22:32,072 - INFO - Processed 272/535: Nathan Knight
2025-01-28 11:22:33,879 - INFO - Processed 273/535: Kevin Knox II
2025-01-28 11:22:35,670 - INFO - Processed 274/535: Christian Koloko
2025-01-28 11:22:37,496 - INFO - Processed 275/535: John Konchar
2025-01-28 11:22:39,324 - INFO - Processed 276/535: Furkan Korkmaz
2025-01-28 11:22:41,115 - INFO - Processed 277/535: Luke Kornet
2025-01-28 11:22:42,913 - INFO - Processed 278/535: Vit Krejci
2025-01-28 11:22:44,708 - INFO - Processed 279/535: Jonathan Kuminga
2025-01-28 11:22:46,548 - INFO - Processed 280/535: Kyle Kuzma
2025-01-28 11:22:48,351 - INFO - Processed 281/535: Jake LaRavia
2025-01-28 11:22:50,192 - INFO - Processed 282/535: Zach LaVine
2025-01-28 11:22:51,982 - INFO - Processed 283/535: Anthony Lamb
2025-01-28 11:22:53,795 - INFO - Processed 284/535: Jock Landale
2025-01-28 11:22:55,636 - INFO - Processed 285/535: Romeo Langford
2025-01-28 11:22:57,508 - INFO - Processed 286/535: A.J. Lawson
2025-01-28 11:22:59,334 - INFO - Processed 287/535: Caris LeVert
2025-01-28 11:23:01,200 - INFO - Processed 288/535: Damion Lee
2025-01-28 11:23:03,058 - INFO - Processed 289/535: Saben Lee
2025-01-28 11:23:04,888 - INFO - Processed 290/535: Alex Len
2025-01-28 11:23:06,717 - INFO - Processed 291/535: Kawhi Leonard
2025-01-28 11:23:08,575 - INFO - Processed 292/535: Meyers Leonard
2025-01-28 11:23:10,373 - INFO - Processed 293/535: Justin Lewis
2025-01-28 11:23:12,164 - INFO - Processed 294/535: Kira Lewis Jr.
2025-01-28 11:23:13,984 - INFO - Processed 295/535: E.J. Liddell
2025-01-28 11:23:15,799 - INFO - Processed 296/535: Damian Lillard
2025-01-28 11:23:17,635 - INFO - Processed 297/535: Nassir Little
2025-01-28 11:23:19,475 - INFO - Processed 298/535: Isaiah Livers
2025-01-28 11:23:21,279 - INFO - Processed 299/535: Kenneth Lofton Jr.
2025-01-28 11:23:23,121 - INFO - Processed 300/535: Kevon Looney
2025-01-28 11:23:24,968 - INFO - Processed 301/535: Brook Lopez
2025-01-28 11:23:26,803 - INFO - Processed 302/535: Robin Lopez
2025-01-28 11:23:28,664 - INFO - Processed 303/535: Kevin Love
2025-01-28 11:23:30,513 - INFO - Processed 304/535: Kyle Lowry
2025-01-28 11:23:32,315 - INFO - Processed 305/535: Trey Lyles
2025-01-28 11:23:34,106 - INFO - Processed 306/535: Theo Maledon
2025-01-28 11:23:35,902 - INFO - Processed 307/535: Sandro Mamukelashvili
2025-01-28 11:23:37,719 - INFO - Processed 308/535: Terance Mann
2025-01-28 11:23:39,567 - INFO - Processed 309/535: Tre Mann
2025-01-28 11:23:41,397 - INFO - Processed 310/535: Boban Marjanovic
2025-01-28 11:23:43,188 - INFO - Processed 311/535: Lauri Markkanen
2025-01-28 11:23:45,012 - INFO - Processed 312/535: Naji Marshall
2025-01-28 11:23:46,815 - INFO - Processed 313/535: Caleb Martin
2025-01-28 11:23:48,599 - INFO - Processed 314/535: Cody Martin
2025-01-28 11:23:50,407 - INFO - Processed 315/535: Tyrese Martin
2025-01-28 11:23:52,197 - INFO - Processed 316/535: Kenyon Martin Jr.
2025-01-28 11:23:54,025 - INFO - Processed 317/535: Garrison Mathews
2025-01-28 11:23:55,819 - INFO - Processed 318/535: Bennedict Mathurin
2025-01-28 11:23:57,626 - INFO - Processed 319/535: Wesley Matthews
2025-01-28 11:23:59,407 - INFO - Processed 320/535: Tyrese Maxey
2025-01-28 11:24:01,221 - INFO - Processed 321/535: Miles McBride
2025-01-28 11:24:03,029 - INFO - Processed 322/535: Mac McClung
2025-01-28 11:24:04,837 - INFO - Processed 323/535: CJ McCollum
2025-01-28 11:24:06,669 - INFO - Processed 324/535: T.J. McConnell
2025-01-28 11:24:08,483 - INFO - Processed 325/535: Jaden McDaniels
2025-01-28 11:24:10,298 - INFO - Processed 326/535: Jalen McDaniels
2025-01-28 11:24:12,126 - INFO - Processed 327/535: Doug McDermott
2025-01-28 11:24:13,914 - INFO - Processed 328/535: JaVale McGee
2025-01-28 11:24:15,698 - INFO - Processed 329/535: Bryce McGowens
2025-01-28 11:24:17,509 - INFO - Processed 330/535: Rodney McGruder
2025-01-28 11:24:19,285 - INFO - Processed 331/535: Jordan McLaughlin
2025-01-28 11:24:21,080 - INFO - Processed 332/535: De'Anthony Melton
2025-01-28 11:24:22,911 - INFO - Processed 333/535: Sam Merrill
2025-01-28 11:24:24,721 - INFO - Processed 334/535: Chimezie Metu
2025-01-28 11:24:26,518 - INFO - Processed 335/535: Khris Middleton
2025-01-28 11:24:28,346 - INFO - Processed 336/535: Patty Mills
2025-01-28 11:24:30,191 - INFO - Processed 337/535: Shake Milton
2025-01-28 11:24:32,006 - INFO - Processed 338/535: Josh Minott
2025-01-28 11:24:33,835 - INFO - Processed 339/535: Davion Mitchell
2025-01-28 11:24:35,626 - INFO - Processed 340/535: Donovan Mitchell
2025-01-28 11:24:37,452 - INFO - Processed 341/535: Evan Mobley
2025-01-28 11:24:39,249 - INFO - Processed 342/535: Isaiah Mobley
2025-01-28 11:24:41,017 - INFO - Processed 343/535: Chima Moneke
2025-01-28 11:24:42,813 - INFO - Processed 344/535: Malik Monk
2025-01-28 11:24:44,605 - INFO - Processed 345/535: Moses Moody
2025-01-28 11:24:46,445 - INFO - Processed 346/535: Xavier Moon
2025-01-28 11:24:48,224 - INFO - Processed 347/535: Wendell Moore Jr.
2025-01-28 11:24:50,051 - INFO - Processed 348/535: Ja Morant
2025-01-28 11:24:51,943 - INFO - Processed 349/535: Markieff Morris
2025-01-28 11:24:53,749 - INFO - Processed 350/535: Monte Morris
2025-01-28 11:24:55,571 - INFO - Processed 351/535: Marcus Morris Sr.
2025-01-28 11:24:57,370 - INFO - Processed 352/535: Trey Murphy III
2025-01-28 11:24:59,203 - INFO - Processed 353/535: Dejounte Murray
2025-01-28 11:25:01,075 - INFO - Processed 354/535: Jamal Murray
2025-01-28 11:25:02,949 - INFO - Processed 355/535: Keegan Murray
2025-01-28 11:25:04,808 - INFO - Processed 356/535: Mike Muscala
2025-01-28 11:25:06,604 - INFO - Processed 357/535: Svi Mykhailiuk
2025-01-28 11:25:08,442 - INFO - Processed 358/535: Larry Nance Jr.
2025-01-28 11:25:10,268 - INFO - Processed 359/535: Andrew Nembhard
2025-01-28 11:25:12,054 - INFO - Processed 360/535: Aaron Nesmith
2025-01-28 11:25:13,870 - INFO - Processed 361/535: Raul Neto
2025-01-28 11:25:15,741 - INFO - Processed 362/535: Georges Niang
2025-01-28 11:25:17,576 - INFO - Processed 363/535: Daishen Nix
2025-01-28 11:25:19,370 - INFO - Processed 364/535: Zeke Nnaji
2025-01-28 11:25:21,187 - INFO - Processed 365/535: Nerlens Noel
2025-01-28 11:25:22,997 - INFO - Processed 366/535: Jaylen Nowell
2025-01-28 11:25:24,803 - INFO - Processed 367/535: Frank Ntilikina
2025-01-28 11:25:26,611 - INFO - Processed 368/535: Kendrick Nunn
2025-01-28 11:25:28,523 - INFO - Processed 369/535: Jusuf Nurkic
2025-01-28 11:25:30,372 - INFO - Processed 370/535: Jordan Nwora
2025-01-28 11:25:32,239 - INFO - Processed 371/535: Royce O'Neale
2025-01-28 11:25:34,067 - INFO - Processed 372/535: Chuma Okeke
2025-01-28 11:25:35,906 - INFO - Processed 373/535: Josh Okogie
2025-01-28 11:25:37,773 - INFO - Processed 374/535: Onyeka Okongwu
2025-01-28 11:25:39,615 - INFO - Processed 375/535: Isaac Okoro
2025-01-28 11:25:41,424 - INFO - Processed 376/535: KZ Okpala
2025-01-28 11:25:43,224 - INFO - Processed 377/535: Victor Oladipo
2025-01-28 11:25:45,080 - INFO - Processed 378/535: Kelly Olynyk
2025-01-28 11:25:46,888 - INFO - Processed 379/535: Eugene Omoruyi
2025-01-28 11:25:48,697 - INFO - Processed 380/535: Cedi Osman
2025-01-28 11:25:50,510 - INFO - Processed 381/535: Kelly Oubre Jr.
2025-01-28 11:25:52,352 - INFO - Processed 382/535: Chris Paul
2025-01-28 11:25:54,156 - INFO - Processed 383/535: Cameron Payne
2025-01-28 11:25:55,947 - INFO - Processed 384/535: Gary Payton II
2025-01-28 11:25:57,765 - INFO - Processed 385/535: Theo Pinson
2025-01-28 11:25:59,622 - INFO - Processed 386/535: Scotty Pippen Jr.
2025-01-28 11:26:01,469 - INFO - Processed 387/535: Mason Plumlee
2025-01-28 11:26:03,316 - INFO - Processed 388/535: Jakob Poeltl
2025-01-28 11:26:05,121 - INFO - Processed 389/535: Aleksej Pokusevski
2025-01-28 11:26:06,909 - INFO - Processed 390/535: Jordan Poole
2025-01-28 11:26:08,723 - INFO - Processed 391/535: Kevin Porter Jr.
2025-01-28 11:26:10,556 - INFO - Processed 392/535: Michael Porter Jr.
2025-01-28 11:26:12,387 - INFO - Processed 393/535: Otto Porter Jr.
2025-01-28 11:26:14,194 - INFO - Processed 394/535: Bobby Portis
2025-01-28 11:26:16,030 - INFO - Processed 395/535: Kristaps Porzingis
2025-01-28 11:26:17,850 - INFO - Processed 396/535: Micah Potter
2025-01-28 11:26:19,669 - INFO - Processed 397/535: Dwight Powell
2025-01-28 11:26:21,475 - INFO - Processed 398/535: Norman Powell
2025-01-28 11:26:23,324 - INFO - Processed 399/535: Jason Preston
2025-01-28 11:26:25,134 - INFO - Processed 400/535: Joshua Primo
2025-01-28 11:26:26,940 - INFO - Processed 401/535: Taurean Prince
2025-01-28 11:26:28,737 - INFO - Processed 402/535: Payton Pritchard
2025-01-28 11:26:30,553 - INFO - Processed 403/535: Trevelin Queen
2025-01-28 11:26:32,394 - INFO - Processed 404/535: Neemias Queta
2025-01-28 11:26:34,215 - INFO - Processed 405/535: Immanuel Quickley
2025-01-28 11:26:36,018 - INFO - Processed 406/535: Lester Quinones
2025-01-28 11:26:37,864 - INFO - Processed 407/535: Julius Randle
2025-01-28 11:26:39,677 - INFO - Processed 408/535: Austin Reaves
2025-01-28 11:26:41,473 - INFO - Processed 409/535: Cam Reddish
2025-01-28 11:26:43,279 - INFO - Processed 410/535: Davon Reed
2025-01-28 11:26:45,125 - INFO - Processed 411/535: Paul Reed
2025-01-28 11:26:46,944 - INFO - Processed 412/535: Naz Reid
2025-01-28 11:26:48,713 - INFO - Processed 413/535: Jared Rhoden
2025-01-28 11:26:50,498 - INFO - Processed 414/535: Nick Richards
2025-01-28 11:26:52,295 - INFO - Processed 415/535: Josh Richardson
2025-01-28 11:26:54,113 - INFO - Processed 416/535: Austin Rivers
2025-01-28 11:26:55,925 - INFO - Processed 417/535: Duncan Robinson
2025-01-28 11:26:57,726 - INFO - Processed 418/535: Mitchell Robinson
2025-01-28 11:26:59,505 - INFO - Processed 419/535: Orlando Robinson
2025-01-28 11:27:01,319 - INFO - Processed 420/535: Jeremiah Robinson-Earl
2025-01-28 11:27:03,135 - INFO - Processed 421/535: Isaiah Roby
2025-01-28 11:27:04,926 - INFO - Processed 422/535: David Roddy
2025-01-28 11:27:06,709 - INFO - Processed 423/535: Ryan Rollins
2025-01-28 11:27:08,561 - INFO - Processed 424/535: Derrick Rose
2025-01-28 11:27:10,390 - INFO - Processed 425/535: Terrence Ross
2025-01-28 11:27:12,235 - INFO - Processed 426/535: Terry Rozier
2025-01-28 11:27:14,048 - INFO - Processed 427/535: Ricky Rubio
2025-01-28 11:27:15,839 - INFO - Processed 428/535: D'Angelo Russell
2025-01-28 11:27:17,621 - INFO - Processed 429/535: Matt Ryan
2025-01-28 11:27:19,460 - INFO - Processed 430/535: Domantas Sabonis
2025-01-28 11:27:21,298 - INFO - Processed 431/535: Dario Saric
2025-01-28 11:27:23,115 - INFO - Processed 432/535: Olivier Sarr
2025-01-28 11:27:24,908 - INFO - Processed 433/535: Jordan Schakel
2025-01-28 11:27:26,685 - INFO - Processed 434/535: Admiral Schofield
2025-01-28 11:27:28,481 - INFO - Processed 435/535: Dennis Schroder
2025-01-28 11:27:30,384 - INFO - Processed 436/535: Dereon Seabron
2025-01-28 11:27:32,180 - INFO - Processed 437/535: Alperen Sengun
2025-01-28 11:27:33,958 - INFO - Processed 438/535: Collin Sexton
2025-01-28 11:27:35,740 - INFO - Processed 439/535: Landry Shamet
2025-01-28 11:27:37,552 - INFO - Processed 440/535: Day'Ron Sharpe
2025-01-28 11:27:39,376 - INFO - Processed 441/535: Shaedon Sharpe
2025-01-28 11:27:41,221 - INFO - Processed 442/535: Pascal Siakam
2025-01-28 11:27:43,036 - INFO - Processed 443/535: Chris Silva
2025-01-28 11:27:44,850 - INFO - Processed 444/535: Ben Simmons
2025-01-28 11:27:46,661 - INFO - Processed 445/535: Marko Simonovic
2025-01-28 11:27:48,502 - INFO - Processed 446/535: Anfernee Simons
2025-01-28 11:27:50,306 - INFO - Processed 447/535: Jericho Sims
2025-01-28 11:27:52,151 - INFO - Processed 448/535: Marcus Smart
2025-01-28 11:27:53,950 - INFO - Processed 449/535: Dru Smith
2025-01-28 11:27:55,757 - INFO - Processed 450/535: Ish Smith
2025-01-28 11:27:57,595 - INFO - Processed 451/535: Jalen Smith
2025-01-28 11:27:59,410 - INFO - Processed 452/535: Dennis Smith Jr.
2025-01-28 11:28:01,219 - INFO - Processed 453/535: Jabari Smith Jr.
2025-01-28 11:28:03,012 - INFO - Processed 454/535: Jeremy Sochan
2025-01-28 11:28:04,797 - INFO - Processed 455/535: Jaden Springer
2025-01-28 11:28:06,612 - INFO - Processed 456/535: Lamar Stevens
2025-01-28 11:28:08,568 - INFO - Processed 457/535: Isaiah Stewart
2025-01-28 11:28:10,330 - INFO - Processed 458/535: Max Strus
2025-01-28 11:28:12,090 - INFO - Processed 459/535: Jalen Suggs
2025-01-28 11:28:14,018 - INFO - Processed 460/535: Edmond Sumner
2025-01-28 11:28:15,721 - INFO - Processed 461/535: Cole Swider
2025-01-28 11:28:17,442 - INFO - Processed 462/535: Jae'Sean Tate
2025-01-28 11:28:19,258 - INFO - Processed 463/535: Jayson Tatum
2025-01-28 11:28:21,004 - INFO - Processed 464/535: Terry Taylor
2025-01-28 11:28:22,722 - INFO - Processed 465/535: Garrett Temple
2025-01-28 11:28:24,442 - INFO - Processed 466/535: Dalen Terry
2025-01-28 11:28:26,302 - INFO - Processed 467/535: Daniel Theis
2025-01-28 11:28:28,184 - INFO - Processed 468/535: Cam Thomas
2025-01-28 11:28:30,028 - INFO - Processed 469/535: Klay Thompson
2025-01-28 11:28:31,876 - INFO - Processed 470/535: JT Thor
2025-01-28 11:28:33,670 - INFO - Processed 471/535: Matisse Thybulle
2025-01-28 11:28:35,485 - INFO - Processed 472/535: Xavier Tillman
2025-01-28 11:28:37,310 - INFO - Processed 473/535: Isaiah Todd
2025-01-28 11:28:39,132 - INFO - Processed 474/535: Obi Toppin
2025-01-28 11:28:40,945 - INFO - Processed 475/535: Juan Toscano-Anderson
2025-01-28 11:28:42,775 - INFO - Processed 476/535: Karl-Anthony Towns
2025-01-28 11:28:44,631 - INFO - Processed 477/535: Gary Trent Jr.
2025-01-28 11:28:46,471 - INFO - Processed 478/535: P.J. Tucker
2025-01-28 11:28:48,292 - INFO - Processed 479/535: Myles Turner
2025-01-28 11:28:50,115 - INFO - Processed 480/535: Stanley Umude
2025-01-28 11:28:51,939 - INFO - Processed 481/535: Jonas Valanciunas
2025-01-28 11:28:53,777 - INFO - Processed 482/535: Fred VanVleet
2025-01-28 11:28:55,655 - INFO - Processed 483/535: Jarred Vanderbilt
2025-01-28 11:28:57,470 - INFO - Processed 484/535: Devin Vassell
2025-01-28 11:28:59,268 - INFO - Processed 485/535: Gabe Vincent
2025-01-28 11:29:01,097 - INFO - Processed 486/535: Noah Vonleh
2025-01-28 11:29:02,949 - INFO - Processed 487/535: Nikola Vucevic
2025-01-28 11:29:04,822 - INFO - Processed 488/535: Dean Wade
2025-01-28 11:29:06,659 - INFO - Processed 489/535: Franz Wagner
2025-01-28 11:29:08,493 - INFO - Processed 490/535: Moritz Wagner
2025-01-28 11:29:10,296 - INFO - Processed 491/535: Ish Wainright
2025-01-28 11:29:12,151 - INFO - Processed 492/535: Jabari Walker
2025-01-28 11:29:14,029 - INFO - Processed 493/535: Kemba Walker
2025-01-28 11:29:15,845 - INFO - Processed 494/535: Lonnie Walker IV
2025-01-28 11:29:17,697 - INFO - Processed 495/535: John Wall
2025-01-28 11:29:19,508 - INFO - Processed 496/535: T.J. Warren
2025-01-28 11:29:21,305 - INFO - Processed 497/535: P.J. Washington
2025-01-28 11:29:23,145 - INFO - Processed 498/535: Duane Washington Jr.
2025-01-28 11:29:24,976 - INFO - Processed 499/535: TyTy Washington Jr.
2025-01-28 11:29:26,776 - INFO - Processed 500/535: Yuta Watanabe
2025-01-28 11:29:28,584 - INFO - Processed 501/535: Lindy Waters III
2025-01-28 11:29:30,431 - INFO - Processed 502/535: Trendon Watford
2025-01-28 11:29:32,212 - INFO - Processed 503/535: Peyton Watson
2025-01-28 11:29:34,011 - INFO - Processed 504/535: Blake Wesley
2025-01-28 11:29:35,849 - INFO - Processed 505/535: Russell Westbrook
2025-01-28 11:29:37,652 - INFO - Processed 506/535: Coby White
2025-01-28 11:29:39,519 - INFO - Processed 507/535: Derrick White
2025-01-28 11:29:41,346 - INFO - Processed 508/535: Jack White
2025-01-28 11:29:43,134 - INFO - Processed 509/535: Joe Wieskamp
2025-01-28 11:29:44,945 - INFO - Processed 510/535: Aaron Wiggins
2025-01-28 11:29:46,763 - INFO - Processed 511/535: Andrew Wiggins
2025-01-28 11:29:48,564 - INFO - Processed 512/535: Lindell Wigginton
2025-01-28 11:29:50,335 - INFO - Processed 513/535: Alondes Williams
2025-01-28 11:29:52,148 - INFO - Processed 514/535: Donovan Williams
2025-01-28 11:29:53,979 - INFO - Processed 515/535: Grant Williams
2025-01-28 11:29:55,771 - INFO - Processed 516/535: Jalen Williams
2025-01-28 11:29:57,566 - INFO - Processed 517/535: Jaylin Williams
2025-01-28 11:29:59,396 - INFO - Processed 518/535: Kenrich Williams
2025-01-28 11:30:01,276 - INFO - Processed 519/535: Mark Williams
2025-01-28 11:30:03,101 - INFO - Processed 520/535: Patrick Williams
2025-01-28 11:30:04,878 - INFO - Processed 521/535: Ziaire Williams
2025-01-28 11:30:06,668 - INFO - Processed 522/535: Robert Williams III
2025-01-28 11:30:08,482 - INFO - Processed 523/535: Vince Williams Jr.
2025-01-28 11:30:10,277 - INFO - Processed 524/535: Zion Williamson
2025-01-28 11:30:12,012 - INFO - Processed 525/535: Dylan Windler
2025-01-28 11:30:13,745 - INFO - Processed 526/535: Justise Winslow
2025-01-28 11:30:15,459 - INFO - Processed 527/535: James Wiseman
2025-01-28 11:30:17,151 - INFO - Processed 528/535: Christian Wood
2025-01-28 11:30:18,936 - INFO - Processed 529/535: Delon Wright
2025-01-28 11:30:20,821 - INFO - Processed 530/535: McKinley Wright IV
2025-01-28 11:30:22,674 - INFO - Processed 531/535: Thaddeus Young
2025-01-28 11:30:24,465 - INFO - Processed 532/535: Trae Young
2025-01-28 11:30:26,315 - INFO - Processed 533/535: Omer Yurtseven
2025-01-28 11:30:28,113 - INFO - Processed 534/535: Cody Zeller
2025-01-28 11:30:29,916 - INFO - Processed 535/535: Ivica Zubac
2025-01-28 11:30:29,916 - INFO - Data migration completed successfully
