2025-01-30 14:21:08,811 - INFO - Reading data from: C:\Users\munee\OneDrive\Desktop\NFL-NBA-Stats-Predictor\backend\scripts\..\data\nbastats\Player Per Game.csv
2025-01-30 14:21:08,885 - INFO - Found 572 active players
2025-01-30 14:21:08,892 - INFO - Processed player: A.J. Green
2025-01-30 14:21:08,899 - INFO - Processed player: A.J. Lawson
2025-01-30 14:21:08,906 - INFO - Processed player: AJ Griffin
2025-01-30 14:21:08,913 - INFO - Processed player: Aaron Gordon
2025-01-30 14:21:08,920 - INFO - Processed player: Aaron Holiday
2025-01-30 14:21:08,926 - INFO - Processed player: Aaron Nesmith
2025-01-30 14:21:08,933 - INFO - Processed player: Aaron Wiggins
2025-01-30 14:21:08,940 - INFO - Processed player: Adam Flagler
2025-01-30 14:21:08,946 - INFO - Processed player: Adama Sanogo
2025-01-30 14:21:08,953 - INFO - Processed player: Admiral Schofield
2025-01-30 14:21:08,960 - INFO - Processed player: Al Horford
2025-01-30 14:21:08,967 - INFO - Processed player: Alec Burks
2025-01-30 14:21:08,974 - INFO - Processed player: Aleksej Pokusevski
2025-01-30 14:21:08,981 - INFO - Processed player: Alex Caruso
2025-01-30 14:21:08,987 - INFO - Processed player: Alex Fudge
2025-01-30 14:21:08,994 - INFO - Processed player: Alex Len
2025-01-30 14:21:09,001 - INFO - Processed player: Alondes Williams
2025-01-30 14:21:09,008 - INFO - Processed player: Alperen \u015eengün
2025-01-30 14:21:09,014 - INFO - Processed player: Amari Bailey
2025-01-30 14:21:09,021 - INFO - Processed player: Amen Thompson
2025-01-30 14:21:09,028 - INFO - Processed player: Amir Coffey
2025-01-30 14:21:09,036 - INFO - Processed player: Andre Drummond
2025-01-30 14:21:09,042 - INFO - Processed player: Andre Jackson Jr.
2025-01-30 14:21:09,049 - INFO - Processed player: Andrew Funk
2025-01-30 14:21:09,056 - INFO - Processed player: Andrew Nembhard
2025-01-30 14:21:09,063 - INFO - Processed player: Andrew Wiggins
2025-01-30 14:21:09,069 - INFO - Processed player: Anfernee Simons
2025-01-30 14:21:09,076 - INFO - Processed player: Anthony Black
2025-01-30 14:21:09,082 - INFO - Processed player: Anthony Davis
2025-01-30 14:21:09,089 - INFO - Processed player: Anthony Edwards
2025-01-30 14:21:09,096 - INFO - Processed player: Anthony Gill
2025-01-30 14:21:09,102 - INFO - Processed player: Armoni Brooks
2025-01-30 14:21:09,109 - INFO - Processed player: Ashton Hagans
2025-01-30 14:21:09,116 - INFO - Processed player: Ausar Thompson
2025-01-30 14:21:09,123 - INFO - Processed player: Austin Reaves
2025-01-30 14:21:09,130 - INFO - Processed player: Ayo Dosunmu
2025-01-30 14:21:09,137 - INFO - Processed player: Bam Adebayo
2025-01-30 14:21:09,143 - INFO - Processed player: Ben Sheppard
2025-01-30 14:21:09,150 - INFO - Processed player: Ben Simmons
2025-01-30 14:21:09,157 - INFO - Processed player: Bennedict Mathurin
2025-01-30 14:21:09,164 - INFO - Processed player: Bilal Coulibaly
2025-01-30 14:21:09,171 - INFO - Processed player: Bismack Biyombo
2025-01-30 14:21:09,178 - INFO - Processed player: Blake Wesley
2025-01-30 14:21:09,185 - INFO - Processed player: Boban Marjanovi\u0107
2025-01-30 14:21:09,193 - INFO - Processed player: Bobby Portis
2025-01-30 14:21:09,200 - INFO - Processed player: Bogdan Bogdanovi\u0107
2025-01-30 14:21:09,207 - INFO - Processed player: Bojan Bogdanovi\u0107
2025-01-30 14:21:09,215 - INFO - Processed player: Bol Bol
2025-01-30 14:21:09,222 - INFO - Processed player: Bones Hyland
2025-01-30 14:21:09,230 - INFO - Processed player: Bradley Beal
2025-01-30 14:21:09,236 - INFO - Processed player: Brandin Podziemski
2025-01-30 14:21:09,243 - INFO - Processed player: Brandon Boston Jr.
2025-01-30 14:21:09,250 - INFO - Processed player: Brandon Clarke
2025-01-30 14:21:09,257 - INFO - Processed player: Ben Bentil
2025-01-30 14:21:09,264 - INFO - Processed player: Brandon Miller
2025-01-30 14:21:09,271 - INFO - Processed player: Brandon Williams
2025-01-30 14:21:09,278 - INFO - Processed player: Braxton Key
2025-01-30 14:21:09,285 - INFO - Processed player: Brice Sensabaugh
2025-01-30 14:21:09,292 - INFO - Processed player: Brook Lopez
2025-01-30 14:21:09,299 - INFO - Processed player: Brandon Sampson
2025-01-30 14:21:09,306 - INFO - Processed player: Bruno Fernando
2025-01-30 14:21:09,313 - INFO - Processed player: Bryce McGowens
2025-01-30 14:21:09,319 - INFO - Processed player: Buddy Boeheim
2025-01-30 14:21:09,326 - INFO - Processed player: Bryn Forbes
2025-01-30 14:21:09,333 - INFO - Processed player: Carrick Felix
2025-01-30 14:21:09,340 - INFO - Processed player: Cade Cunningham
2025-01-30 14:21:09,347 - INFO - Processed player: Caleb Houstan
2025-01-30 14:21:09,354 - INFO - Processed player: Caleb Martin
2025-01-30 14:21:09,361 - INFO - Processed player: Cam Reddish
2025-01-30 14:21:09,367 - INFO - Processed player: Cam Thomas
2025-01-30 14:21:09,374 - INFO - Processed player: Cam Whitmore
2025-01-30 14:21:09,381 - INFO - Processed player: Cameron Johnson
2025-01-30 14:21:09,387 - INFO - Processed player: Cameron Payne
2025-01-30 14:21:09,395 - INFO - Processed player: Buddy Hield
2025-01-30 14:21:09,402 - INFO - Processed player: Cason Wallace
2025-01-30 14:21:09,408 - INFO - Processed player: Cedi Osman
2025-01-30 14:21:09,415 - INFO - Processed player: Charles Bassey
2025-01-30 14:21:09,422 - INFO - Processed player: Charlie Brown Jr.
2025-01-30 14:21:09,430 - INFO - Processed player: Chet Holmgren
2025-01-30 14:21:09,436 - INFO - Processed player: Chandler Hutchison
2025-01-30 14:21:09,443 - INFO - Processed player: Chris Boucher
2025-01-30 14:21:09,450 - INFO - Processed player: Chris Duarte
2025-01-30 14:21:09,456 - INFO - Processed player: Chris Livingston
2025-01-30 14:21:09,463 - INFO - Processed player: Chris Paul
2025-01-30 14:21:09,470 - INFO - Processed player: Christian Braun
2025-01-30 14:21:09,481 - INFO - Processed player: Christian Wood
2025-01-30 14:21:09,487 - INFO - Processed player: CJ Elleby
2025-01-30 14:21:09,494 - INFO - Processed player: Clint Capela
2025-01-30 14:21:09,501 - INFO - Processed player: Coby White
2025-01-30 14:21:09,508 - INFO - Processed player: Cody Martin
2025-01-30 14:21:09,515 - INFO - Processed player: Cody Zeller
2025-01-30 14:21:09,521 - INFO - Processed player: Colby Jones
2025-01-30 14:21:09,528 - INFO - Processed player: Cole Anthony
2025-01-30 14:21:09,535 - INFO - Processed player: Cole Swider
2025-01-30 14:21:09,542 - INFO - Processed player: Colin Castleton
2025-01-30 14:21:09,548 - INFO - Processed player: Collin Gillespie
2025-01-30 14:21:09,555 - INFO - Processed player: Chris Chiozza
2025-01-30 14:21:09,561 - INFO - Processed player: Corey Kispert
2025-01-30 14:21:09,568 - INFO - Processed player: Cory Joseph
2025-01-30 14:21:09,575 - INFO - Processed player: Craig Porter Jr.
2025-01-30 14:21:09,581 - INFO - Processed player: D'Angelo Russell
2025-01-30 14:21:09,588 - INFO - Processed player: D'Moi Hodge
2025-01-30 14:21:09,594 - INFO - Processed player: D.J. Carton
2025-01-30 14:21:09,601 - INFO - Processed player: D.J. Wilson
2025-01-30 14:21:09,608 - INFO - Processed player: Daniel Gafford
2025-01-30 14:21:09,614 - INFO - Processed player: Daishen Nix
2025-01-30 14:21:09,621 - INFO - Processed player: Dalano Banton
2025-01-30 14:21:09,627 - INFO - Processed player: Dalen Terry
2025-01-30 14:21:09,634 - INFO - Processed player: Chinanu Onuaku
2025-01-30 14:21:09,641 - INFO - Processed player: Damian Lillard
2025-01-30 14:21:09,649 - INFO - Processed player: DaQuan Jeffries
2025-01-30 14:21:09,656 - INFO - Processed player: Daniel Theis
2025-01-30 14:21:09,663 - INFO - Processed player: Danilo Gallinari
2025-01-30 14:21:09,669 - INFO - Processed player: Danny Green
2025-01-30 14:21:09,676 - INFO - Processed player: Dante Exum
2025-01-30 14:21:09,683 - INFO - Processed player: Daniel Ochefu
2025-01-30 14:21:09,689 - INFO - Processed player: Danuel House Jr.
2025-01-30 14:21:09,696 - INFO - Processed player: Dariq Whitehead
2025-01-30 14:21:09,703 - INFO - Processed player: Darius Bazley
2025-01-30 14:21:09,709 - INFO - Processed player: Darius Garland
2025-01-30 14:21:09,716 - INFO - Processed player: David Duke Jr.
2025-01-30 14:21:09,722 - INFO - Processed player: David Roddy
2025-01-30 14:21:09,729 - INFO - Processed player: Davion Mitchell
2025-01-30 14:21:09,735 - INFO - Processed player: Day'Ron Sharpe
2025-01-30 14:21:09,742 - INFO - Processed player: De'Aaron Fox
2025-01-30 14:21:09,749 - INFO - Processed player: De'Andre Hunter
2025-01-30 14:21:09,755 - INFO - Processed player: Daryl Macon
2025-01-30 14:21:09,762 - INFO - Processed player: DeAndre Jordan
2025-01-30 14:21:09,768 - INFO - Processed player: DeJon Jarreau
2025-01-30 14:21:09,775 - INFO - Processed player: DeMar DeRozan
2025-01-30 14:21:09,782 - INFO - Processed player: Dean Wade
2025-01-30 14:21:09,788 - INFO - Processed player: Deandre Ayton
2025-01-30 14:21:09,795 - INFO - Processed player: D\u0101vis Bert\u0101ns
2025-01-30 14:21:09,802 - INFO - Processed player: Delon Wright
2025-01-30 14:21:09,808 - INFO - Processed player: Deni Avdija
2025-01-30 14:21:09,816 - INFO - Processed player: Dennis Schröder
2025-01-30 14:21:09,822 - INFO - Processed player: Dennis Smith Jr.
2025-01-30 14:21:09,829 - INFO - Processed player: Dereck Lively II
2025-01-30 14:21:09,835 - INFO - Processed player: Dereon Seabron
2025-01-30 14:21:09,842 - INFO - Processed player: Demetrius Jackson
2025-01-30 14:21:09,849 - INFO - Processed player: Derrick Rose
2025-01-30 14:21:09,856 - INFO - Processed player: Derrick White
2025-01-30 14:21:09,862 - INFO - Processed player: Desmond Bane
2025-01-30 14:21:09,869 - INFO - Processed player: Devin Booker
2025-01-30 14:21:09,876 - INFO - Processed player: Devin Vassell
2025-01-30 14:21:09,882 - INFO - Processed player: DeVaughn Akoon-Purcell
2025-01-30 14:21:09,889 - INFO - Processed player: Dexter Dennis
2025-01-30 14:21:09,895 - INFO - Processed player: Dillon Brooks
2025-01-30 14:21:09,902 - INFO - Processed player: Dmytro Skapintsev
2025-01-30 14:21:09,909 - INFO - Processed player: Deyonta Davis
2025-01-30 14:21:09,916 - INFO - Processed player: Dominick Barlow
2025-01-30 14:21:09,923 - INFO - Processed player: Donovan Mitchell
2025-01-30 14:21:09,930 - INFO - Processed player: Devonte' Graham
2025-01-30 14:21:09,938 - INFO - Processed player: Diamond Stone
2025-01-30 14:21:09,945 - INFO - Processed player: Doug McDermott
2025-01-30 14:21:09,953 - INFO - Processed player: Draymond Green
2025-01-30 14:21:09,961 - INFO - Processed player: Donte Grantham
2025-01-30 14:21:09,968 - INFO - Processed player: Drew Peterson
2025-01-30 14:21:09,975 - INFO - Processed player: Dru Smith
2025-01-30 14:21:09,981 - INFO - Processed player: Drew Eubanks
2025-01-30 14:21:09,988 - INFO - Processed player: Duop Reath
2025-01-30 14:21:09,995 - INFO - Processed player: Dwight Powell
2025-01-30 14:21:10,001 - INFO - Processed player: Dylan Windler
2025-01-30 14:21:10,008 - INFO - Processed player: Dyson Daniels
2025-01-30 14:21:10,015 - INFO - Processed player: Dorian Finney-Smith
2025-01-30 14:21:10,021 - INFO - Processed player: E.J. Liddell
2025-01-30 14:21:10,028 - INFO - Processed player: Emoni Bates
2025-01-30 14:21:10,035 - INFO - Processed player: Eric Gordon
2025-01-30 14:21:10,042 - INFO - Processed player: Eugene Omoruyi
2025-01-30 14:21:10,048 - INFO - Processed player: Evan Fournier
2025-01-30 14:21:10,055 - INFO - Processed player: Evan Mobley
2025-01-30 14:21:10,062 - INFO - Processed player: Filip Petrušev
2025-01-30 14:21:10,069 - INFO - Processed player: Frank Ntilikina
2025-01-30 14:21:10,075 - INFO - Processed player: Franz Wagner
2025-01-30 14:21:10,082 - INFO - Processed player: Dragan Bender
2025-01-30 14:21:10,089 - INFO - Processed player: Furkan Korkmaz
2025-01-30 14:21:10,095 - INFO - Processed player: GG Jackson II
2025-01-30 14:21:10,102 - INFO - Processed player: Gabe Vincent
2025-01-30 14:21:10,109 - INFO - Processed player: Garrett Temple
2025-01-30 14:21:10,115 - INFO - Processed player: Garrison Mathews
2025-01-30 14:21:10,123 - INFO - Processed player: Gary Harris
2025-01-30 14:21:10,130 - INFO - Processed player: Fred VanVleet
2025-01-30 14:21:10,136 - INFO - Processed player: Gary Clark
2025-01-30 14:21:10,143 - INFO - Processed player: Gary Payton II
2025-01-30 14:21:10,150 - INFO - Processed player: Giannis Antetokounmpo
2025-01-30 14:21:10,157 - INFO - Processed player: Goga Bitadze
2025-01-30 14:21:10,164 - INFO - Processed player: Gordon Hayward
2025-01-30 14:21:10,170 - INFO - Processed player: Gradey Dick
2025-01-30 14:21:10,177 - INFO - Processed player: Grant Williams
2025-01-30 14:21:10,184 - INFO - Processed player: George King
2025-01-30 14:21:10,191 - INFO - Processed player: Greg Brown III
2025-01-30 14:21:10,198 - INFO - Processed player: Gui Santos
2025-01-30 14:21:10,204 - INFO - Processed player: Grayson Allen
2025-01-30 14:21:10,211 - INFO - Processed player: Harrison Barnes
2025-01-30 14:21:10,218 - INFO - Processed player: Hamidou Diallo
2025-01-30 14:21:10,225 - INFO - Processed player: Harry Giles
2025-01-30 14:21:10,231 - INFO - Processed player: Henri Drell
2025-01-30 14:21:10,238 - INFO - Processed player: Herbert Jones
2025-01-30 14:21:10,245 - INFO - Processed player: Hunter Tyson
2025-01-30 14:21:10,251 - INFO - Processed player: Ibou Badji
2025-01-30 14:21:10,258 - INFO - Processed player: Immanuel Quickley
2025-01-30 14:21:10,264 - INFO - Processed player: Isaac Okoro
2025-01-30 14:21:10,271 - INFO - Processed player: Isaiah Briscoe
2025-01-30 14:21:10,278 - INFO - Processed player: Isaiah Jackson
2025-01-30 14:21:10,285 - INFO - Processed player: Isaiah Joe
2025-01-30 14:21:10,291 - INFO - Processed player: Isaiah Livers
2025-01-30 14:21:10,298 - INFO - Processed player: Isaiah Mobley
2025-01-30 14:21:10,305 - INFO - Processed player: Isaiah Stewart
2025-01-30 14:21:10,312 - INFO - Processed player: Isaiah Thomas
2025-01-30 14:21:10,319 - INFO - Processed player: Isaiah Wong
2025-01-30 14:21:10,326 - INFO - Processed player: Ish Smith
2025-01-30 14:21:10,332 - INFO - Processed player: Ish Wainright
2025-01-30 14:21:10,339 - INFO - Processed player: Isaiah Whitehead
2025-01-30 14:21:10,346 - INFO - Processed player: Izaiah Brockington
2025-01-30 14:21:10,352 - INFO - Processed player: Jabari Smith Jr.
2025-01-30 14:21:10,358 - INFO - Processed player: Jaden Springer
2025-01-30 14:21:10,365 - INFO - Processed player: Ja Morant
2025-01-30 14:21:10,372 - INFO - Processed player: Jason Thompson
2025-01-30 14:21:10,378 - INFO - Processed player: Jabari Walker
2025-01-30 14:21:10,385 - INFO - Processed player: Jack White
2025-01-30 14:21:10,392 - INFO - Processed player: Jacob Gilyard
2025-01-30 14:21:10,398 - INFO - Processed player: Jaden Hardy
2025-01-30 14:21:10,405 - INFO - Processed player: Jacob Toppin
2025-01-30 14:21:10,412 - INFO - Processed player: Jaden Ivey
2025-01-30 14:21:10,419 - INFO - Processed player: Jake LaRavia
2025-01-30 14:21:10,426 - INFO - Processed player: Jaden McDaniels
2025-01-30 14:21:10,433 - INFO - Processed player: Jalen Green
2025-01-30 14:21:10,442 - INFO - Processed player: Jae Crowder
2025-01-30 14:21:10,449 - INFO - Processed player: Jae'Sean Tate
2025-01-30 14:21:10,456 - INFO - Processed player: Jahmi'us Ramsey
2025-01-30 14:21:10,463 - INFO - Processed player: Jaime Jaquez Jr.
2025-01-30 14:21:10,470 - INFO - Processed player: Jalen Duren
2025-01-30 14:21:10,477 - INFO - Processed player: Jake Layman
2025-01-30 14:21:10,483 - INFO - Processed player: Jacob Evans
2025-01-30 14:21:10,490 - INFO - Processed player: Jalen Crutcher
2025-01-30 14:21:10,497 - INFO - Processed player: Jalen Williams
2025-01-30 14:21:10,503 - INFO - Processed player: Jalen Suggs
2025-01-30 14:21:10,510 - INFO - Processed player: Jalen Hood-Schifino
2025-01-30 14:21:10,517 - INFO - Processed player: James Bouknight
2025-01-30 14:21:10,523 - INFO - Processed player: Jalen McDaniels
2025-01-30 14:21:10,530 - INFO - Processed player: Jalen Pickett
2025-01-30 14:21:10,537 - INFO - Processed player: Jalen Slawson
2025-01-30 14:21:10,543 - INFO - Processed player: Jalen Smith
2025-01-30 14:21:10,550 - INFO - Processed player: Jamorko Pickett
2025-01-30 14:21:10,557 - INFO - Processed player: Jamal Cain
2025-01-30 14:21:10,563 - INFO - Processed player: Jalen Wilson
2025-01-30 14:21:10,570 - INFO - Processed player: Jamaree Bouyea
2025-01-30 14:21:10,577 - INFO - Processed player: Jakob Poeltl
2025-01-30 14:21:10,584 - INFO - Processed player: Jared Rhoden
2025-01-30 14:21:10,590 - INFO - Processed player: JaQuori McLaughlin
2025-01-30 14:21:10,597 - INFO - Processed player: James Harden
2025-01-30 14:21:10,604 - INFO - Processed player: James Johnson
2025-01-30 14:21:10,611 - INFO - Processed player: James Wiseman
2025-01-30 14:21:10,618 - INFO - Processed player: Jarace Walker
2025-01-30 14:21:10,624 - INFO - Processed player: Jarron Cumberland
2025-01-30 14:21:10,631 - INFO - Processed player: Jason Preston
2025-01-30 14:21:10,638 - INFO - Processed player: Jared Terrell
2025-01-30 14:21:10,645 - INFO - Processed player: Jaron Blossomgame
2025-01-30 14:21:10,651 - INFO - Processed player: Jarrett Allen
2025-01-30 14:21:10,658 - INFO - Processed player: Jaylin Williams
2025-01-30 14:21:10,664 - INFO - Processed player: Javon Freeman-Liberty
2025-01-30 14:21:10,671 - INFO - Processed player: Javonte Green
2025-01-30 14:21:10,677 - INFO - Processed player: Jay Huff
2025-01-30 14:21:10,684 - INFO - Processed player: Jaxson Hayes
2025-01-30 14:21:10,691 - INFO - Processed player: Jaysean Paige
2025-01-30 14:21:10,697 - INFO - Processed player: Jarrod Uthoff
2025-01-30 14:21:10,704 - INFO - Processed player: Jaylen Nowell
2025-01-30 14:21:10,711 - INFO - Processed player: JD Davison
2025-01-30 14:21:10,718 - INFO - Processed player: Jayson Tatum
2025-01-30 14:21:10,725 - INFO - Processed player: Jeenathan Williams
2025-01-30 14:21:10,732 - INFO - Processed player: Jeremiah Robinson-Earl
2025-01-30 14:21:10,739 - INFO - Processed player: Jeff Green
2025-01-30 14:21:10,746 - INFO - Processed player: Jerami Grant
2025-01-30 14:21:10,752 - INFO - Processed player: Jericho Sims
2025-01-30 14:21:10,759 - INFO - Processed player: Jeremy Sochan
2025-01-30 14:21:10,766 - INFO - Processed player: Jock Landale
2025-01-30 14:21:10,772 - INFO - Processed player: Jermaine Samuels
2025-01-30 14:21:10,779 - INFO - Processed player: Jemerrio Jones
2025-01-30 14:21:10,786 - INFO - Processed player: Jett Howard
2025-01-30 14:21:10,792 - INFO - Processed player: Jerome Robinson
2025-01-30 14:21:10,799 - INFO - Processed player: Jimmy Butler
2025-01-30 14:21:10,806 - INFO - Processed player: Joe Wieskamp
2025-01-30 14:21:10,812 - INFO - Processed player: Joe Harris
2025-01-30 14:21:10,819 - INFO - Processed player: Joe Ingles
2025-01-30 14:21:10,826 - INFO - Processed player: Joel Bolomboy
2025-01-30 14:21:10,833 - INFO - Processed player: John Collins
2025-01-30 14:21:10,840 - INFO - Processed player: John Konchar
2025-01-30 14:21:10,846 - INFO - Processed player: Johnny Davis
2025-01-30 14:21:10,853 - INFO - Processed player: Johnny Juzang
2025-01-30 14:21:10,860 - INFO - Processed player: Jonas Valan\u010di\u016bnas
2025-01-30 14:21:10,867 - INFO - Processed player: Jonathan Isaac
2025-01-30 14:21:10,874 - INFO - Processed player: Jordan Goodwin
2025-01-30 14:21:10,881 - INFO - Processed player: Jontay Porter
2025-01-30 14:21:10,888 - INFO - Processed player: Jordan Clarkson
2025-01-30 14:21:10,894 - INFO - Processed player: Jordan Ford
2025-01-30 14:21:10,901 - INFO - Processed player: Jordan Schakel
2025-01-30 14:21:10,907 - INFO - Processed player: Jordan Hawkins
2025-01-30 14:21:10,914 - INFO - Processed player: Jordan McLaughlin
2025-01-30 14:21:10,921 - INFO - Processed player: Jordan Miller
2025-01-30 14:21:10,927 - INFO - Processed player: Jordan Nwora
2025-01-30 14:21:10,934 - INFO - Processed player: Jordan Poole
2025-01-30 14:21:10,941 - INFO - Processed player: Jordan Walsh
2025-01-30 14:21:10,947 - INFO - Processed player: Josh Christopher
2025-01-30 14:21:10,954 - INFO - Processed player: Joshua Primo
2025-01-30 14:21:10,960 - INFO - Processed player: Josh Green
2025-01-30 14:21:10,967 - INFO - Processed player: Josh Hart
2025-01-30 14:21:10,974 - INFO - Processed player: Josh Minott
2025-01-30 14:21:10,981 - INFO - Processed player: Jordan Sibert
2025-01-30 14:21:10,987 - INFO - Processed player: Josh Richardson
2025-01-30 14:21:10,994 - INFO - Processed player: JT Thor
2025-01-30 14:21:11,001 - INFO - Processed player: Jrue Holiday
2025-01-30 14:21:11,008 - INFO - Processed player: Juan Toscano-Anderson
2025-01-30 14:21:11,016 - INFO - Processed player: Jules Bernard
2025-01-30 14:21:11,023 - INFO - Processed player: Julian Champagnie
2025-01-30 14:21:11,029 - INFO - Processed player: Julian Phillips
2025-01-30 14:21:11,036 - INFO - Processed player: Julian Strawther
2025-01-30 14:21:11,043 - INFO - Processed player: Julius Randle
2025-01-30 14:21:11,049 - INFO - Processed player: Justin Champagnie
2025-01-30 14:21:11,056 - INFO - Processed player: Justin Holiday
2025-01-30 14:21:11,064 - INFO - Processed player: Justin Jackson
2025-01-30 14:21:11,070 - INFO - Processed player: Justin Minaya
2025-01-30 14:21:11,077 - INFO - Processed player: Jusuf Nurki\u0107
2025-01-30 14:21:11,084 - INFO - Processed player: Karim Mané
2025-01-30 14:21:11,091 - INFO - Processed player: Kaiser Gates
2025-01-30 14:21:11,097 - INFO - Processed player: Karl-Anthony Towns
2025-01-30 14:21:11,104 - INFO - Processed player: Kawhi Leonard
2025-01-30 14:21:11,111 - INFO - Processed player: Keegan Murray
2025-01-30 14:21:11,117 - INFO - Processed player: Julian Washburn
2025-01-30 14:21:11,124 - INFO - Processed player: Kendrick Nunn
2025-01-30 14:21:11,130 - INFO - Processed player: Kelly Olynyk
2025-01-30 14:21:11,137 - INFO - Processed player: Kelly Oubre Jr.
2025-01-30 14:21:11,144 - INFO - Processed player: Kendall Brown
2025-01-30 14:21:11,150 - INFO - Processed player: Kenneth Lofton Jr.
2025-01-30 14:21:11,157 - INFO - Processed player: Keita Bates-Diop
2025-01-30 14:21:11,164 - INFO - Processed player: Kentavious Caldwell-Pope
2025-01-30 14:21:11,170 - INFO - Processed player: Keon Ellis
2025-01-30 14:21:11,177 - INFO - Processed player: Keon Johnson
2025-01-30 14:21:11,184 - INFO - Processed player: Kessler Edwards
2025-01-30 14:21:11,191 - INFO - Processed player: Kevin Durant
2025-01-30 14:21:11,198 - INFO - Processed player: Kenrich Williams
2025-01-30 14:21:11,204 - INFO - Processed player: Kevin Huerter
2025-01-30 14:21:11,211 - INFO - Processed player: Kevin Love
2025-01-30 14:21:11,218 - INFO - Processed player: Kevon Harris
2025-01-30 14:21:11,225 - INFO - Processed player: Kevon Looney
2025-01-30 14:21:11,231 - INFO - Processed player: Keyontae Johnson
2025-01-30 14:21:11,238 - INFO - Processed player: Keyonte George
2025-01-30 14:21:11,244 - INFO - Processed player: Khris Middleton
2025-01-30 14:21:11,251 - INFO - Processed player: Killian Hayes
2025-01-30 14:21:11,258 - INFO - Processed player: Kira Lewis Jr.
2025-01-30 14:21:11,264 - INFO - Processed player: Klay Thompson
2025-01-30 14:21:11,271 - INFO - Processed player: Kobe Brown
2025-01-30 14:21:11,277 - INFO - Processed player: Kobe Bufkin
2025-01-30 14:21:11,284 - INFO - Processed player: Kobi Simmons
2025-01-30 14:21:11,291 - INFO - Processed player: Kay Felder
2025-01-30 14:21:11,297 - INFO - Processed player: Kris Murray
2025-01-30 14:21:11,304 - INFO - Processed player: Kristaps Porzi\u0146\u0123is
2025-01-30 14:21:11,310 - INFO - Processed player: Kyle Anderson
2025-01-30 14:21:11,317 - INFO - Processed player: Kyle Kuzma
2025-01-30 14:21:11,325 - INFO - Processed player: Kyle Lowry
2025-01-30 14:21:11,332 - INFO - Processed player: Kyrie Irving
2025-01-30 14:21:11,338 - INFO - Processed player: Lamar Stevens
2025-01-30 14:21:11,345 - INFO - Processed player: LaMelo Ball
2025-01-30 14:21:11,351 - INFO - Processed player: Kostas Antetokounmpo
2025-01-30 14:21:11,358 - INFO - Processed player: Larry Nance Jr.
2025-01-30 14:21:11,365 - INFO - Processed player: Lauri Markkanen
2025-01-30 14:21:11,372 - INFO - Processed player: Leandro Barbosa
2025-01-30 14:21:11,378 - INFO - Processed player: Leaky Black
2025-01-30 14:21:11,385 - INFO - Processed player: Leonard Miller
2025-01-30 14:21:11,392 - INFO - Processed player: Lester Quinones
2025-01-30 14:21:11,398 - INFO - Processed player: Lindell Wigginton
2025-01-30 14:21:11,405 - INFO - Processed player: Lindy Waters III
2025-01-30 14:21:11,412 - INFO - Processed player: Landry Shamet
2025-01-30 14:21:11,419 - INFO - Processed player: Luguentz Dort
2025-01-30 14:21:11,426 - INFO - Processed player: Lonnie Walker IV
2025-01-30 14:21:11,432 - INFO - Processed player: Luka Garza
2025-01-30 14:21:11,439 - INFO - Processed player: Luka Šamani\u0107
2025-01-30 14:21:11,446 - INFO - Processed player: Luke Kennard
2025-01-30 14:21:11,453 - INFO - Processed player: Luke Kornet
2025-01-30 14:21:11,460 - INFO - Processed player: Malachi Flynn
2025-01-30 14:21:11,466 - INFO - Processed player: Malaki Branham
2025-01-30 14:21:11,474 - INFO - Processed player: Malachi Richardson
2025-01-30 14:21:11,480 - INFO - Processed player: Malcolm Cazalon
2025-01-30 14:21:11,487 - INFO - Processed player: Malcolm Delaney
2025-01-30 14:21:11,495 - INFO - Processed player: Malik Monk
2025-01-30 14:21:11,502 - INFO - Processed player: Malik Williams
2025-01-30 14:21:11,509 - INFO - Processed player: Mamadi Diakite
2025-01-30 14:21:11,515 - INFO - Processed player: MarJon Beauchamp
2025-01-30 14:21:11,522 - INFO - Processed player: Markieff Morris
2025-01-30 14:21:11,529 - INFO - Processed player: Marcus Sasser
2025-01-30 14:21:11,536 - INFO - Processed player: Marcus Smart
2025-01-30 14:21:11,543 - INFO - Processed player: Mark Williams
2025-01-30 14:21:11,550 - INFO - Processed player: Markelle Fultz
2025-01-30 14:21:11,557 - INFO - Processed player: MarShon Brooks
2025-01-30 14:21:11,564 - INFO - Processed player: Markquis Nowell
2025-01-30 14:21:11,571 - INFO - Processed player: Marques Bolden
2025-01-30 14:21:11,578 - INFO - Processed player: Marcus Derrickson
2025-01-30 14:21:11,585 - INFO - Processed player: Mason Jones
2025-01-30 14:21:11,592 - INFO - Processed player: Mason Plumlee
2025-01-30 14:21:11,599 - INFO - Processed player: Matisse Thybulle
2025-01-30 14:21:11,606 - INFO - Processed player: Matt Ryan
2025-01-30 14:21:11,612 - INFO - Processed player: Matthew Hurt
2025-01-30 14:21:11,619 - INFO - Processed player: Max Christie
2025-01-30 14:21:11,625 - INFO - Processed player: Max Strus
2025-01-30 14:21:11,632 - INFO - Processed player: Maxi Kleber
2025-01-30 14:21:11,639 - INFO - Processed player: Maxwell Lewis
2025-01-30 14:21:11,742 - INFO - Processed player: Micah Potter
2025-01-30 14:21:11,809 - INFO - Processed player: Michael Porter Jr.
2025-01-30 14:21:11,816 - INFO - Processed player: Melvin Frazier
2025-01-30 14:21:11,823 - INFO - Processed player: Mike Conley
2025-01-30 14:21:11,830 - INFO - Processed player: Mike Muscala
2025-01-30 14:21:11,837 - INFO - Processed player: Mikal Bridges
2025-01-30 14:21:11,844 - INFO - Processed player: Miles McBride
2025-01-30 14:21:11,850 - INFO - Processed player: Mitch Creek
2025-01-30 14:21:11,857 - INFO - Processed player: Mitchell Robinson
2025-01-30 14:21:11,864 - INFO - Processed player: Monte Morris
2025-01-30 14:21:11,871 - INFO - Processed player: Mo Bamba
2025-01-30 14:21:11,877 - INFO - Processed player: Moses Brown
2025-01-30 14:21:11,884 - INFO - Processed player: Moses Moody
2025-01-30 14:21:11,890 - INFO - Processed player: Mouhamadou Gueye
2025-01-30 14:21:11,897 - INFO - Processed player: Mouhamed Gueye
2025-01-30 14:21:11,903 - INFO - Processed player: Moussa Diabaté
2025-01-30 14:21:11,910 - INFO - Processed player: Myles Turner
2025-01-30 14:21:11,917 - INFO - Processed player: Mãozinha Pereira
2025-01-30 14:21:11,923 - INFO - Processed player: Naji Marshall
2025-01-30 14:21:11,930 - INFO - Processed player: Nassir Little
2025-01-30 14:21:11,937 - INFO - Processed player: Nate Hinton
2025-01-30 14:21:11,943 - INFO - Processed player: Nathan Mensah
2025-01-30 14:21:11,950 - INFO - Processed player: Naz Reid
2025-01-30 14:21:11,961 - INFO - Processed player: Neemias Queta
2025-01-30 14:21:11,968 - INFO - Processed player: Nic Claxton
2025-01-30 14:21:11,975 - INFO - Processed player: Nick Richards
2025-01-30 14:21:11,981 - INFO - Processed player: Nick Smith Jr.
2025-01-30 14:21:11,988 - INFO - Processed player: Nickeil Alexander-Walker
2025-01-30 14:21:11,995 - INFO - Processed player: Nicolas Batum
2025-01-30 14:21:12,002 - INFO - Processed player: Nikola Joki\u0107
2025-01-30 14:21:12,008 - INFO - Processed player: Nikola Jovi\u0107
2025-01-30 14:21:12,015 - INFO - Processed player: Nikola Vu\u010devi\u0107
2025-01-30 14:21:12,022 - INFO - Processed player: Noah Clowney
2025-01-30 14:21:12,029 - INFO - Processed player: Norman Powell
2025-01-30 14:21:12,036 - INFO - Processed player: OG Anunoby
2025-01-30 14:21:12,043 - INFO - Processed player: Obi Toppin
2025-01-30 14:21:12,050 - INFO - Processed player: Ochai Agbaji
2025-01-30 14:21:12,057 - INFO - Processed player: Olivier Sarr
2025-01-30 14:21:12,063 - INFO - Processed player: Olivier-Maxence Prosper
2025-01-30 14:21:12,070 - INFO - Processed player: Omer Yurtseven
2025-01-30 14:21:12,076 - INFO - Processed player: Onuralp Bitim
2025-01-30 14:21:12,083 - INFO - Processed player: Onyeka Okongwu
2025-01-30 14:21:12,090 - INFO - Processed player: Orlando Robinson
2025-01-30 14:21:12,096 - INFO - Processed player: Oscar Tshiebwe
2025-01-30 14:21:12,103 - INFO - Processed player: Oshae Brissett
2025-01-30 14:21:12,110 - INFO - Processed player: Otto Porter Jr.
2025-01-30 14:21:12,117 - INFO - Processed player: Ousmane Dieng
2025-01-30 14:21:12,124 - INFO - Processed player: P.J. Tucker
2025-01-30 14:21:12,130 - INFO - Processed player: P.J. Washington
2025-01-30 14:21:12,137 - INFO - Processed player: Paolo Banchero
2025-01-30 14:21:12,143 - INFO - Processed player: Okaro White
2025-01-30 14:21:12,150 - INFO - Processed player: Pat Connaughton
2025-01-30 14:21:12,156 - INFO - Processed player: Pat Spencer
2025-01-30 14:21:12,163 - INFO - Processed player: Patrick Baldwin Jr.
2025-01-30 14:21:12,170 - INFO - Processed player: Patrick Beverley
2025-01-30 14:21:12,176 - INFO - Processed player: Patrick Williams
2025-01-30 14:21:12,183 - INFO - Processed player: Patty Mills
2025-01-30 14:21:12,191 - INFO - Processed player: Patrick Patterson
2025-01-30 14:21:12,197 - INFO - Processed player: Paul Reed
2025-01-30 14:21:12,204 - INFO - Processed player: Payton Pritchard
2025-01-30 14:21:12,210 - INFO - Processed player: Pete Nance
2025-01-30 14:21:12,216 - INFO - Processed player: Peyton Watson
2025-01-30 14:21:12,223 - INFO - Processed player: Precious Achiuwa
2025-01-30 14:21:12,230 - INFO - Processed player: Quentin Grimes
2025-01-30 14:21:12,236 - INFO - Processed player: Quenton Jackson
2025-01-30 14:21:12,243 - INFO - Processed player: R.J. Hampton
2025-01-30 14:21:12,250 - INFO - Processed player: Rayjon Tucker
2025-01-30 14:21:12,256 - INFO - Processed player: RaiQuan Gray
2025-01-30 14:21:12,263 - INFO - Processed player: Rayan Rupert
2025-01-30 14:21:12,269 - INFO - Processed player: Reggie Bullock
2025-01-30 14:21:12,276 - INFO - Processed player: Reggie Jackson
2025-01-30 14:21:12,283 - INFO - Processed player: Richaun Holmes
2025-01-30 14:21:12,290 - INFO - Processed player: Ricky Council IV
2025-01-30 14:21:12,296 - INFO - Processed player: Robert Covington
2025-01-30 14:21:12,303 - INFO - Processed player: Ray Spalding
2025-01-30 14:21:12,310 - INFO - Processed player: Robin Lopez
2025-01-30 14:21:12,316 - INFO - Processed player: Ron Harper Jr.
2025-01-30 14:21:12,323 - INFO - Processed player: Royce O'Neale
2025-01-30 14:21:12,330 - INFO - Processed player: Rudy Gobert
2025-01-30 14:21:12,337 - INFO - Processed player: Rui Hachimura
2025-01-30 14:21:12,344 - INFO - Processed player: Russell Westbrook
2025-01-30 14:21:12,351 - INFO - Processed player: Ryan Arcidiacono
2025-01-30 14:21:12,358 - INFO - Processed player: Ryan Rollins
2025-01-30 14:21:12,365 - INFO - Processed player: Saben Lee
2025-01-30 14:21:12,371 - INFO - Processed player: Saddiq Bey
2025-01-30 14:21:12,380 - INFO - Processed player: Sam Hauser
2025-01-30 14:21:12,386 - INFO - Processed player: Sam Merrill
2025-01-30 14:21:12,393 - INFO - Processed player: Sandro Mamukelashvili
2025-01-30 14:21:12,399 - INFO - Processed player: Santi Aldama
2025-01-30 14:21:12,406 - INFO - Processed player: Sasha Vezenkov
2025-01-30 14:21:12,413 - INFO - Processed player: Scoot Henderson
2025-01-30 14:21:12,420 - INFO - Processed player: Scottie Barnes
2025-01-30 14:21:12,427 - INFO - Processed player: Scotty Pippen Jr.
2025-01-30 14:21:12,433 - INFO - Processed player: Seth Curry
2025-01-30 14:21:12,440 - INFO - Processed player: Seth Lundy
2025-01-30 14:21:12,446 - INFO - Processed player: Shaedon Sharpe
2025-01-30 14:21:12,453 - INFO - Processed player: Ryan Broekhoff
2025-01-30 14:21:12,460 - INFO - Processed player: Shai Gilgeous-Alexander
2025-01-30 14:21:12,466 - INFO - Processed player: Shaquille Harrison
2025-01-30 14:21:12,472 - INFO - Processed player: Sidy Cissoko
2025-01-30 14:21:12,479 - INFO - Processed player: Simone Fontecchio
2025-01-30 14:21:12,486 - INFO - Processed player: Skylar Mays
2025-01-30 14:21:12,492 - INFO - Processed player: Spencer Dinwiddie
2025-01-30 14:21:12,499 - INFO - Processed player: Stanley Umude
2025-01-30 14:21:12,506 - INFO - Processed player: Stephen Curry
2025-01-30 14:21:12,513 - INFO - Processed player: Shake Milton
2025-01-30 14:21:12,519 - INFO - Processed player: T.J. McConnell
2025-01-30 14:21:12,526 - INFO - Processed player: T.J. Warren
2025-01-30 14:21:12,533 - INFO - Processed player: Taj Gibson
2025-01-30 14:21:12,540 - INFO - Processed player: Talen Horton-Tucker
2025-01-30 14:21:12,547 - INFO - Processed player: Tari Eason
2025-01-30 14:21:12,553 - INFO - Processed player: Stephen Zimmerman
2025-01-30 14:21:12,560 - INFO - Processed player: Taylor Hendricks
2025-01-30 14:21:12,567 - INFO - Processed player: Taze Moore
2025-01-30 14:21:12,573 - INFO - Processed player: Terance Mann
2025-01-30 14:21:12,580 - INFO - Processed player: Terquavion Smith
2025-01-30 14:21:12,587 - INFO - Processed player: Terry Rozier
2025-01-30 14:21:12,593 - INFO - Processed player: Terry Taylor
2025-01-30 14:21:12,600 - INFO - Processed player: Thaddeus Young
2025-01-30 14:21:12,607 - INFO - Processed player: Thanasis Antetokounmpo
2025-01-30 14:21:12,613 - INFO - Processed player: Thomas Bryant
2025-01-30 14:21:12,620 - INFO - Processed player: Théo Maledon
2025-01-30 14:21:12,627 - INFO - Processed player: Tim Hardaway Jr.
2025-01-30 14:21:12,633 - INFO - Processed player: Timmy Allen
2025-01-30 14:21:12,641 - INFO - Processed player: Tobias Harris
2025-01-30 14:21:12,647 - INFO - Processed player: Torrey Craig
2025-01-30 14:21:12,654 - INFO - Processed player: Tosan Evbuomwan
2025-01-30 14:21:12,661 - INFO - Processed player: Toumani Camara
2025-01-30 14:21:12,667 - INFO - Processed player: Thomas Welsh
2025-01-30 14:21:12,674 - INFO - Processed player: Trayce Jackson-Davis
2025-01-30 14:21:12,681 - INFO - Processed player: Tre Jones
2025-01-30 14:21:12,687 - INFO - Processed player: Tre Mann
2025-01-30 14:21:12,694 - INFO - Processed player: Trendon Watford
2025-01-30 14:21:12,700 - INFO - Processed player: Trent Forrest
2025-01-30 14:21:12,707 - INFO - Processed player: Trevelin Queen
2025-01-30 14:21:12,714 - INFO - Processed player: Trey Jemison
2025-01-30 14:21:12,720 - INFO - Processed player: Trey Lyles
2025-01-30 14:21:12,727 - INFO - Processed player: Trey Murphy III
2025-01-30 14:21:12,733 - INFO - Processed player: Tristan Thompson
2025-01-30 14:21:12,740 - INFO - Processed player: Tristan Vukcevic
2025-01-30 14:21:12,747 - INFO - Processed player: Trevon Duval
2025-01-30 14:21:12,754 - INFO - Processed player: Ty Jerome
2025-01-30 14:21:12,760 - INFO - Processed player: Tyrese Martin
2025-01-30 14:21:12,767 - INFO - Processed player: Tyler Herro
2025-01-30 14:21:12,773 - INFO - Processed player: Tyrese Haliburton
2025-01-30 14:21:12,780 - INFO - Processed player: Tyrese Maxey
2025-01-30 14:21:12,786 - INFO - Processed player: Tyus Jones
2025-01-30 14:21:12,793 - INFO - Processed player: Udoka Azubuike
2025-01-30 14:21:12,799 - INFO - Processed player: Usman Garuba
2025-01-30 14:21:12,806 - INFO - Processed player: Vasilije Mici\u0107
2025-01-30 14:21:12,812 - INFO - Processed player: Victor Wembanyama
2025-01-30 14:21:12,819 - INFO - Processed player: Vince Williams Jr.
2025-01-30 14:21:12,826 - INFO - Processed player: Vit Krejci
2025-01-30 14:21:12,832 - INFO - Processed player: Walker Kessler
2025-01-30 14:21:12,839 - INFO - Processed player: Vince Edwards
2025-01-30 14:21:12,846 - INFO - Processed player: Wendell Moore Jr.
2025-01-30 14:21:12,853 - INFO - Processed player: Wenyen Gabriel
2025-01-30 14:21:12,860 - INFO - Processed player: Wesley Matthews
2025-01-30 14:21:12,866 - INFO - Processed player: Xavier Moon
2025-01-30 14:21:12,873 - INFO - Processed player: Xavier Tillman Sr.
2025-01-30 14:21:12,880 - INFO - Processed player: Yante Maten
2025-01-30 14:21:12,886 - INFO - Processed player: Zach Collins
2025-01-30 14:21:12,893 - INFO - Processed player: Zach LaVine
2025-01-30 14:21:12,899 - INFO - Processed player: Zavier Simpson
2025-01-30 14:21:12,906 - INFO - Processed player: Zeke Nnaji
2025-01-30 14:21:12,913 - INFO - Processed player: Ziaire Williams
2025-01-30 14:21:12,920 - INFO - Processed player: Zion Williamson
2025-01-30 14:21:12,920 - INFO - Migration completed successfully
